/* Safe Exam Browser, Version 3.6.0 (x64), Build 3.6.0.633
/* Copyright © 2023 ETH Zürich, Educational Development and Technology (LET)
/* 
/* Please visit https://www.github.com/SafeExamBrowser for more information.

# Application started at 2024-01-12 14:46:05.563
# Running on Windows 11, Microsoft Windows NT 10.0.22621.0 (x64)
# Computer 'PASCALSLAPTOP' is a Nitro 5 Nitro AN515-55 manufactured by Acer
# Runtime-ID: f3b4795b-09c1-46d1-a9c8-66690de08ed7

2024-01-12 14:46:07.306 [09] - INFO: Initiating startup procedure...
2024-01-12 14:46:07.395 [09] - INFO: Loading text data...
2024-01-12 14:46:07.398 [09] - DEBUG: [Text] System language is 'en', trying to load data...
2024-01-12 14:46:07.406 [09] - DEBUG: [Text] Data successfully loaded.
2024-01-12 14:46:07.407 [09] - INFO: Starting communication host...
2024-01-12 14:46:07.449 [06] - DEBUG: [RuntimeHost] Communication host is opening...
2024-01-12 14:46:07.501 [06] - DEBUG: [RuntimeHost] Communication host has been opened.
2024-01-12 14:46:07.501 [06] - DEBUG: [RuntimeHost] Successfully started communication host for endpoint 'net.pipe://localhost/safeexambrowser/runtime/0d630d30-b919-498f-b6cd-994ac8ce2280'.
2024-01-12 14:46:07.502 [09] - INFO: Attempting to verify application integrity...
2024-01-12 14:46:07.647 [09] - INFO: Application integrity successfully verified.
2024-01-12 14:46:07.650 [09] - INFO: Application successfully initialized.

2024-01-12 14:46:07.699 [09] - INFO: ### ------------------------------------ Session Start Procedure ------------------------------------- ###
2024-01-12 14:46:07.704 [09] - INFO: Initializing new session configuration...
2024-01-12 14:46:07.705 [09] - INFO:  -> Client-ID: 4d03c88a-8a12-4718-b8f3-487a0ac3e93c
2024-01-12 14:46:07.707 [09] - INFO:  -> Runtime-ID: f3b4795b-09c1-46d1-a9c8-66690de08ed7
2024-01-12 14:46:07.716 [09] - INFO:  -> Session-ID: abf0b7e9-7ff8-426a-b218-e0e0eccfc236
2024-01-12 14:46:07.718 [09] - INFO: Initializing application configuration...
2024-01-12 14:46:07.721 [09] - INFO: Found command-line argument for configuration resource: 'file:///C:/Users/pasca/Downloads/config.seb', the URI is valid.
2024-01-12 14:46:07.738 [09] - INFO: [ConfigurationRepository] Initialized default settings, now attempting to load 'file:///C:/Users/pasca/Downloads/config.seb'...
2024-01-12 14:46:07.741 [09] - DEBUG: [FileResourceLoader] Can load 'file:///C:/Users/pasca/Downloads/config.seb' as it is an existing file.
2024-01-12 14:46:07.742 [09] - DEBUG: [FileResourceLoader] Loading data from 'file:///C:/Users/pasca/Downloads/config.seb'...
2024-01-12 14:46:07.755 [09] - DEBUG: [FileResourceLoader] Created 'System.IO.FileStream' for 0,923 KB data in 'file:///C:/Users/pasca/Downloads/config.seb'.
2024-01-12 14:46:07.757 [09] - INFO: [ConfigurationRepository] Tried to load data from 'file:///C:/Users/pasca/Downloads/config.seb' using FileResourceLoader -> Result: Success.
2024-01-12 14:46:07.762 [09] - DEBUG: [BinaryParser] 'System.IO.FileStream' starting with '<?xm' does not match the Binary format.
2024-01-12 14:46:07.764 [09] - DEBUG: [XmlParser] 'System.IO.FileStream' starting with '<?xm' matches the Xml format.
2024-01-12 14:46:07.773 [09] - DEBUG: [XmlParser] Found root node, starting to parse data...
2024-01-12 14:46:07.778 [09] - DEBUG: [XmlParser] Finished parsing -> Result: Success.
2024-01-12 14:46:07.779 [09] - INFO: [ConfigurationRepository] Tried to parse data from 'System.IO.FileStream' using XmlParser -> Result: Success.
2024-01-12 14:46:07.808 [09] - INFO: The configuration was successful.
2024-01-12 14:46:07.813 [09] - INFO: Validating version restrictions...
2024-01-12 14:46:07.814 [09] - INFO: There are no version restrictions for the configuration.
2024-01-12 14:46:07.815 [09] - INFO: Remote proctoring is disabled, skipping disclaimer.
2024-01-12 14:46:07.816 [09] - INFO: Validating remote session policy...
2024-01-12 14:46:07.818 [09] - DEBUG: [RemoteSessionDetector] System appears not to be running in a remote session.
2024-01-12 14:46:07.821 [09] - INFO: Attempting to verify cursor configuration...
2024-01-12 14:46:07.825 [09] - INFO: Cursor configuration successfully verified.
2024-01-12 14:46:07.827 [09] - INFO: Attempting to verify ease of access configuration...
2024-01-12 14:46:07.828 [09] - INFO: Ease of access configuration successfully verified.
2024-01-12 14:46:07.829 [09] - INFO: Validating virtual machine policy...
2024-01-12 14:46:07.840 [09] - DEBUG: [VirtualMachineDetector] Computer 'PASCALSLAPTOP' appears not to be a virtual machine.
2024-01-12 14:46:07.842 [09] - INFO: Validating display configuration...
2024-01-12 14:46:07.866 [09] - INFO: [DisplayMonitor] Detected active, internal display 'DISPLAY\NCP004D\4&fcd0332&0&UID265988_0' connected via 'Internal'.
2024-01-12 14:46:07.867 [09] - INFO: [DisplayMonitor] Detected 1 active displays, 1 are allowed.
2024-01-12 14:46:07.867 [09] - INFO: Display configuration is allowed.
2024-01-12 14:46:07.869 [09] - INFO: Initializing service...
2024-01-12 14:46:07.870 [09] - INFO: The service will be ignored for the next session.
2024-01-12 14:46:07.873 [09] - INFO: Initializing kiosk mode 'CreateNewDesktop'...
2024-01-12 14:46:07.878 [09] - DEBUG: [DesktopFactory] Found desktop handle for thread with ID = 18804. Attempting to get desktop name...
2024-01-12 14:46:07.879 [09] - DEBUG: [DesktopFactory] Successfully determined current desktop 'Default' [296].
2024-01-12 14:46:07.880 [09] - INFO: Current desktop is 'Default' [296].
2024-01-12 14:46:07.882 [09] - DEBUG: [DesktopFactory] Attempting to create random desktop...
2024-01-12 14:46:07.886 [09] - DEBUG: [DesktopFactory] Successfully created random desktop 'RiBfbrtvhI' [9647].
2024-01-12 14:46:07.887 [09] - INFO: Created custom desktop 'RiBfbrtvhI' [9647].
2024-01-12 14:46:07.914 [09] - INFO: Successfully activated custom desktop.
2024-01-12 14:46:07.921 [09] - INFO: [DesktopMonitor] Started monitoring desktop 'RiBfbrtvhI' [9647].
2024-01-12 14:46:07.925 [09] - INFO: Starting new client process...
2024-01-12 14:46:07.928 [09] - INFO: [ProcessFactory] Attempting to start process 'C:\Program Files\SafeExamBrowser\Application\SafeExamBrowser.Client.exe'...
2024-01-12 14:46:08.044 [09] - INFO: [ProcessFactory] Successfully started process 'C:\Program Files\SafeExamBrowser\Application\SafeExamBrowser.Client.exe' with ID = 4688.
2024-01-12 14:46:08.046 [09] - DEBUG: [Process 'SafeExamBrowser.Client.exe' (4688)] Initialized termination event.
2024-01-12 14:46:08.047 [09] - INFO: Waiting for client to complete initialization...
2024-01-12 14:46:09.935 [12] - DEBUG: [RuntimeHost] Received connection request with authentication token '4e9a09b8-fd83-4793-bdd2-a675a2b27785'.
2024-01-12 14:46:09.936 [12] - DEBUG: [RuntimeHost] Accepted connection request.
2024-01-12 14:46:09.964 [17] - DEBUG: [RuntimeHost] Received message 'SimpleMessage -> ConfigurationNeeded', sending response 'ConfigurationResponse'.
2024-01-12 14:46:22.640 [12] - DEBUG: [RuntimeHost] Received message 'SimpleMessage -> ClientIsReady', sending response 'SimpleResponse -> Acknowledged'.
2024-01-12 14:46:22.655 [09] - INFO: Client has been successfully started and initialized. Creating communication proxy for client host...
2024-01-12 14:46:22.655 [09] - DEBUG: [ClientProxy] Trying to connect to endpoint 'net.pipe://localhost/safeexambrowser/client/bbb74020-1841-4709-a541-5e85d5d54789' with authentication token '4e9a09b8-fd83-4793-bdd2-a675a2b27785'...
2024-01-12 14:46:22.655 [09] - DEBUG: [ClientProxy] Communication channel is opening...
2024-01-12 14:46:22.702 [09] - DEBUG: [ClientProxy] Communication channel has been opened.
2024-01-12 14:46:22.718 [09] - DEBUG: [ClientProxy] Connection was established.
2024-01-12 14:46:22.733 [09] - INFO: Connection with client has been established. Requesting authentication...
2024-01-12 14:46:22.733 [09] - DEBUG: [ClientProxy] Sending message 'SimpleMessage -> Authenticate'...
2024-01-12 14:46:22.749 [09] - DEBUG: [ClientProxy] Received response 'AuthenticationResponse' for message 'SimpleMessage -> Authenticate'.
2024-01-12 14:46:22.749 [09] - DEBUG: [ClientProxy] Received authentication response.
2024-01-12 14:46:22.749 [09] - INFO: Authentication of client has been successful, client is ready to operate.
2024-01-12 14:46:22.749 [09] - INFO: Successfully started new client instance.
2024-01-12 14:46:22.765 [09] - INFO: Successfully activated first session 'abf0b7e9-7ff8-426a-b218-e0e0eccfc236'.
2024-01-12 14:46:22.765 [09] - INFO: ### ---------------------------------------- Session Running ----------------------------------------- ###
2024-01-12 14:46:33.204 [17] - INFO: Received shutdown request from the client application.
2024-01-12 14:46:33.205 [17] - DEBUG: [RuntimeHost] Received message 'SimpleMessage -> RequestShutdown', sending response 'SimpleResponse -> Acknowledged'.
2024-01-12 14:46:33.212 [23] - INFO: ### ------------------------------------- Session Stop Procedure ------------------------------------- ###
2024-01-12 14:46:33.218 [23] - INFO: Instructing client to initiate shutdown procedure.
2024-01-12 14:46:33.220 [23] - DEBUG: [ClientProxy] Sending message 'SimpleMessage -> Shutdown'...
2024-01-12 14:46:33.225 [23] - DEBUG: [ClientProxy] Received response 'SimpleResponse -> Acknowledged' for message 'SimpleMessage -> Shutdown'.
2024-01-12 14:46:33.227 [23] - DEBUG: [ClientProxy] Client acknowledged shutdown request.
2024-01-12 14:46:33.229 [23] - INFO: Disconnecting from client communication host.
2024-01-12 14:46:33.243 [23] - DEBUG: [ClientProxy] Communication channel is closing...
2024-01-12 14:46:33.244 [23] - DEBUG: [ClientProxy] Communication channel has been closed.
2024-01-12 14:46:33.246 [23] - DEBUG: [ClientProxy] Disconnected from 'net.pipe://localhost/safeexambrowser/client/bbb74020-1841-4709-a541-5e85d5d54789'.
2024-01-12 14:46:33.248 [23] - INFO: Waiting for client to disconnect from runtime communication host...
2024-01-12 14:46:34.037 [12] - DEBUG: [RuntimeHost] Received disconnection request with message 'DisconnectionMessage'.
2024-01-12 14:46:34.038 [23] - INFO: Waiting for client process to terminate...
2024-01-12 14:46:34.129 [17] - DEBUG: [Process 'SafeExamBrowser.Client.exe' (4688)] Process has terminated.
2024-01-12 14:46:34.130 [23] - INFO: Client has been successfully terminated.
2024-01-12 14:46:34.131 [23] - INFO: Reverting kiosk mode 'CreateNewDesktop'...
2024-01-12 14:46:34.132 [23] - INFO: [DesktopMonitor] Stopped monitoring desktop 'RiBfbrtvhI' [9647].
2024-01-12 14:46:34.147 [23] - INFO: Switched back to original desktop 'Default' [296].
2024-01-12 14:46:34.156 [23] - INFO: Closed custom desktop 'RiBfbrtvhI' [9647].
2024-01-12 14:46:34.161 [23] - INFO: Finalizing service...
2024-01-12 14:46:34.165 [23] - INFO: ### --------------------------------------- Session Terminated --------------------------------------- ###

2024-01-12 14:46:34.220 [23] - INFO: Initiating shutdown procedure...
2024-01-12 14:46:34.220 [23] - INFO: Stopping communication host...
2024-01-12 14:46:34.222 [23] - DEBUG: [RuntimeHost] Communication host is closing...
2024-01-12 14:46:34.228 [23] - DEBUG: [RuntimeHost] Communication host has been closed.
2024-01-12 14:46:34.229 [23] - DEBUG: [RuntimeHost] Terminated communication host for endpoint 'net.pipe://localhost/safeexambrowser/runtime/0d630d30-b919-498f-b6cd-994ac8ce2280'.
2024-01-12 14:46:34.229 [23] - INFO: Application successfully finalized.

# Application terminated at 2024-01-12 14:46:34.337
