/* Safe Exam Browser, Version 3.6.0 (x64), Build 3.6.0.633
/* Copyright © 2023 ETH Zürich, Educational Development and Technology (LET)
/* 
/* Please visit https://www.github.com/SafeExamBrowser for more information.

# Application started at 2024-01-17 11:25:37.082
# Running on Windows 11, Microsoft Windows NT 10.0.22621.0 (x64)
# Computer 'PASCALSLAPTOP' is a Nitro 5 Nitro AN515-55 manufactured by Acer
# Runtime-ID: 1ed56e47-5e92-4f8e-a1e5-8ebefe8f7c3a

2024-01-17 11:25:39.162 [09] - INFO: Initiating startup procedure...
2024-01-17 11:25:39.347 [09] - INFO: Loading text data...
2024-01-17 11:25:39.355 [09] - DEBUG: [Text] System language is 'en', trying to load data...
2024-01-17 11:25:39.371 [09] - DEBUG: [Text] Data successfully loaded.
2024-01-17 11:25:39.371 [09] - INFO: Starting communication host...
2024-01-17 11:25:39.429 [06] - DEBUG: [RuntimeHost] Communication host is opening...
2024-01-17 11:25:39.476 [06] - DEBUG: [RuntimeHost] Communication host has been opened.
2024-01-17 11:25:39.476 [06] - DEBUG: [RuntimeHost] Successfully started communication host for endpoint 'net.pipe://localhost/safeexambrowser/runtime/3bac9f26-00bb-4d77-8665-92b56a28d571'.
2024-01-17 11:25:39.477 [09] - INFO: Attempting to verify application integrity...
2024-01-17 11:25:43.471 [09] - INFO: Application integrity successfully verified.
2024-01-17 11:25:43.474 [09] - INFO: Application successfully initialized.

2024-01-17 11:25:43.524 [09] - INFO: ### ------------------------------------ Session Start Procedure ------------------------------------- ###
2024-01-17 11:25:43.531 [09] - INFO: Initializing new session configuration...
2024-01-17 11:25:43.537 [09] - INFO:  -> Client-ID: 0ed1e9d0-13d5-4f49-a68b-5e118244e6ef
2024-01-17 11:25:43.538 [09] - INFO:  -> Runtime-ID: 1ed56e47-5e92-4f8e-a1e5-8ebefe8f7c3a
2024-01-17 11:25:43.539 [09] - INFO:  -> Session-ID: 5edd7712-1587-4fc9-9671-1d2e2a4abf88
2024-01-17 11:25:43.553 [09] - INFO: Initializing application configuration...
2024-01-17 11:25:43.556 [09] - INFO: Found command-line argument for configuration resource: 'sebs://elearning.ohmportal.de/mod/quiz/accessrule/seb/config.php?cmid=117917', the URI is valid.
2024-01-17 11:25:43.572 [09] - INFO: [ConfigurationRepository] Initialized default settings, now attempting to load 'sebs://elearning.ohmportal.de/mod/quiz/accessrule/seb/config.php?cmid=117917'...
2024-01-17 11:25:43.580 [09] - DEBUG: [FileResourceLoader] Can't load 'sebs://elearning.ohmportal.de/mod/quiz/accessrule/seb/config.php?cmid=117917' as it isn't an existing file.
2024-01-17 11:25:43.588 [09] - DEBUG: [NetworkResourceLoader] Sending HEAD request for 'https://elearning.ohmportal.de/mod/quiz/accessrule/seb/config.php?cmid=117917'...
2024-01-17 11:25:44.112 [09] - DEBUG: [NetworkResourceLoader] Received response '200 - OK'.
2024-01-17 11:25:44.112 [09] - DEBUG: [NetworkResourceLoader] Can load 'sebs://elearning.ohmportal.de/mod/quiz/accessrule/seb/config.php?cmid=117917' as it references an existing network resource.
2024-01-17 11:25:44.112 [09] - DEBUG: [NetworkResourceLoader] Sending GET request for 'https://elearning.ohmportal.de/mod/quiz/accessrule/seb/config.php?cmid=117917'...
2024-01-17 11:25:44.360 [09] - DEBUG: [NetworkResourceLoader] Received response '200 - OK'.
2024-01-17 11:25:44.376 [09] - DEBUG: [NetworkResourceLoader] The  response data is HTML.
2024-01-17 11:25:44.376 [09] - INFO: [ConfigurationRepository] Tried to load data from 'sebs://elearning.ohmportal.de/mod/quiz/accessrule/seb/config.php?cmid=117917' using NetworkResourceLoader -> Result: LoadWithBrowser.
2024-01-17 11:25:44.376 [09] - INFO: The configuration resource needs authentication or is a webpage, using 'sebs://elearning.ohmportal.de/mod/quiz/accessrule/seb/config.php?cmid=117917' as start URL for the browser.
2024-01-17 11:25:44.376 [09] - INFO: The configuration was successful.
2024-01-17 11:25:44.384 [09] - INFO: Validating version restrictions...
2024-01-17 11:25:44.384 [09] - INFO: There are no version restrictions for the configuration.
2024-01-17 11:25:44.384 [09] - INFO: Remote proctoring is disabled, skipping disclaimer.
2024-01-17 11:25:44.384 [09] - INFO: Validating remote session policy...
2024-01-17 11:25:44.392 [09] - DEBUG: [RemoteSessionDetector] System appears not to be running in a remote session.
2024-01-17 11:25:44.392 [09] - INFO: Attempting to verify cursor configuration...
2024-01-17 11:25:44.400 [09] - INFO: Cursor configuration successfully verified.
2024-01-17 11:25:44.400 [09] - INFO: Attempting to verify ease of access configuration...
2024-01-17 11:25:44.400 [09] - INFO: Ease of access configuration successfully verified.
2024-01-17 11:25:44.400 [09] - INFO: Validating virtual machine policy...
2024-01-17 11:25:44.408 [09] - INFO: Validating display configuration...
2024-01-17 11:25:44.432 [09] - INFO: [DisplayMonitor] Detected active, internal display 'DISPLAY\NCP004D\4&fcd0332&0&UID265988_0' connected via 'Internal'.
2024-01-17 11:25:44.432 [09] - INFO: [DisplayMonitor] Detected 1 active displays, 10 are allowed.
2024-01-17 11:25:44.432 [09] - INFO: Display configuration is allowed.
2024-01-17 11:25:44.432 [09] - INFO: Initializing service...
2024-01-17 11:25:44.432 [09] - INFO: The service will be ignored for the next session.
2024-01-17 11:25:44.440 [09] - INFO: Initializing kiosk mode 'CreateNewDesktop'...
2024-01-17 11:25:44.448 [09] - DEBUG: [DesktopFactory] Found desktop handle for thread with ID = 9984. Attempting to get desktop name...
2024-01-17 11:25:44.448 [09] - DEBUG: [DesktopFactory] Successfully determined current desktop 'Default' [296].
2024-01-17 11:25:44.456 [09] - INFO: Current desktop is 'Default' [296].
2024-01-17 11:25:44.456 [09] - DEBUG: [DesktopFactory] Attempting to create random desktop...
2024-01-17 11:25:44.456 [09] - DEBUG: [DesktopFactory] Successfully created random desktop 'EUjPIErkGk' [4635].
2024-01-17 11:25:44.464 [09] - INFO: Created custom desktop 'EUjPIErkGk' [4635].
2024-01-17 11:25:44.504 [09] - INFO: Successfully activated custom desktop.
2024-01-17 11:25:44.513 [09] - INFO: [DesktopMonitor] Started monitoring desktop 'EUjPIErkGk' [4635].
2024-01-17 11:25:44.520 [09] - INFO: Starting new client process...
2024-01-17 11:25:44.528 [09] - INFO: [ProcessFactory] Attempting to start process 'C:\Program Files\SafeExamBrowser\Application\SafeExamBrowser.Client.exe'...
2024-01-17 11:25:44.848 [09] - INFO: [ProcessFactory] Successfully started process 'C:\Program Files\SafeExamBrowser\Application\SafeExamBrowser.Client.exe' with ID = 26384.
2024-01-17 11:25:44.848 [09] - DEBUG: [Process 'SafeExamBrowser.Client.exe' (26384)] Initialized termination event.
2024-01-17 11:25:44.848 [09] - INFO: Waiting for client to complete initialization...
2024-01-17 11:25:46.748 [18] - DEBUG: [RuntimeHost] Received connection request with authentication token '5905374d-c269-4549-ae0a-2419accad482'.
2024-01-17 11:25:46.748 [18] - DEBUG: [RuntimeHost] Accepted connection request.
2024-01-17 11:25:46.788 [19] - DEBUG: [RuntimeHost] Received message 'SimpleMessage -> ConfigurationNeeded', sending response 'ConfigurationResponse'.
2024-01-17 11:25:49.343 [18] - DEBUG: [RuntimeHost] Received message 'SimpleMessage -> ClientIsReady', sending response 'SimpleResponse -> Acknowledged'.
2024-01-17 11:25:49.343 [09] - INFO: Client has been successfully started and initialized. Creating communication proxy for client host...
2024-01-17 11:25:49.351 [09] - DEBUG: [ClientProxy] Trying to connect to endpoint 'net.pipe://localhost/safeexambrowser/client/32080a8a-ed17-4780-b95a-1046f06b5ea3' with authentication token '5905374d-c269-4549-ae0a-2419accad482'...
2024-01-17 11:25:49.375 [09] - DEBUG: [ClientProxy] Communication channel is opening...
2024-01-17 11:25:49.423 [09] - DEBUG: [ClientProxy] Communication channel has been opened.
2024-01-17 11:25:49.447 [09] - DEBUG: [ClientProxy] Connection was established.
2024-01-17 11:25:49.447 [09] - INFO: Connection with client has been established. Requesting authentication...
2024-01-17 11:25:49.455 [09] - DEBUG: [ClientProxy] Sending message 'SimpleMessage -> Authenticate'...
2024-01-17 11:25:49.463 [09] - DEBUG: [ClientProxy] Received response 'AuthenticationResponse' for message 'SimpleMessage -> Authenticate'.
2024-01-17 11:25:49.471 [09] - DEBUG: [ClientProxy] Received authentication response.
2024-01-17 11:25:49.471 [09] - INFO: Authentication of client has been successful, client is ready to operate.
2024-01-17 11:25:49.471 [09] - INFO: Successfully started new client instance.
2024-01-17 11:25:49.471 [09] - INFO: Successfully activated first session '5edd7712-1587-4fc9-9671-1d2e2a4abf88'.
2024-01-17 11:25:49.479 [09] - INFO: ### ---------------------------------------- Session Running ----------------------------------------- ###
2024-01-17 11:26:11.143 [22] - INFO: Accepted request for reconfiguration with 'C:\Users\pasca\AppData\Local\SafeExamBrowser\Temp\config.seb'.
2024-01-17 11:26:11.143 [19] - DEBUG: [RuntimeHost] Received message 'ReconfigurationMessage', sending response 'SimpleResponse -> Acknowledged'.
2024-01-17 11:26:11.150 [22] - INFO: ### ------------------------------------ Session Start Procedure ------------------------------------- ###
2024-01-17 11:26:11.154 [22] - INFO: Initializing new session configuration...
2024-01-17 11:26:11.155 [22] - INFO:  -> Client-ID: a77f8299-406f-473d-8d66-e5e6c84cdb49
2024-01-17 11:26:11.156 [22] - INFO:  -> Runtime-ID: 1ed56e47-5e92-4f8e-a1e5-8ebefe8f7c3a
2024-01-17 11:26:11.157 [22] - INFO:  -> Session-ID: 43f2a6e2-a693-4542-a7fb-dd8605008981
2024-01-17 11:26:11.158 [22] - INFO: Initializing new application configuration...
2024-01-17 11:26:11.164 [22] - INFO: [ConfigurationRepository] Initialized default settings, now attempting to load 'file:///C:/Users/pasca/AppData/Local/SafeExamBrowser/Temp/config.seb'...
2024-01-17 11:26:11.170 [22] - DEBUG: [FileResourceLoader] Can load 'file:///C:/Users/pasca/AppData/Local/SafeExamBrowser/Temp/config.seb' as it is an existing file.
2024-01-17 11:26:11.175 [22] - DEBUG: [FileResourceLoader] Loading data from 'file:///C:/Users/pasca/AppData/Local/SafeExamBrowser/Temp/config.seb'...
2024-01-17 11:26:11.176 [22] - DEBUG: [FileResourceLoader] Created 'System.IO.FileStream' for 0,923 KB data in 'file:///C:/Users/pasca/AppData/Local/SafeExamBrowser/Temp/config.seb'.
2024-01-17 11:26:11.177 [22] - INFO: [ConfigurationRepository] Tried to load data from 'file:///C:/Users/pasca/AppData/Local/SafeExamBrowser/Temp/config.seb' using FileResourceLoader -> Result: Success.
2024-01-17 11:26:11.188 [22] - DEBUG: [BinaryParser] 'System.IO.FileStream' starting with '<?xm' does not match the Binary format.
2024-01-17 11:26:11.192 [22] - DEBUG: [XmlParser] 'System.IO.FileStream' starting with '<?xm' matches the Xml format.
2024-01-17 11:26:11.196 [22] - DEBUG: [XmlParser] Found root node, starting to parse data...
2024-01-17 11:26:11.203 [22] - DEBUG: [XmlParser] Finished parsing -> Result: Success.
2024-01-17 11:26:11.204 [22] - INFO: [ConfigurationRepository] Tried to parse data from 'System.IO.FileStream' using XmlParser -> Result: Success.
2024-01-17 11:26:11.238 [22] - INFO: Deleted temporary configuration file 'file:///C:/Users/pasca/AppData/Local/SafeExamBrowser/Temp/config.seb'.
2024-01-17 11:26:11.241 [22] - INFO: The configuration was successful.
2024-01-17 11:26:11.245 [22] - INFO: Validating version restrictions...
2024-01-17 11:26:11.248 [22] - INFO: There are no version restrictions for the configuration.
2024-01-17 11:26:11.250 [22] - INFO: Remote proctoring is disabled, skipping disclaimer.
2024-01-17 11:26:11.254 [22] - INFO: Validating remote session policy...
2024-01-17 11:26:11.256 [22] - DEBUG: [RemoteSessionDetector] System appears not to be running in a remote session.
2024-01-17 11:26:11.261 [22] - INFO: Attempting to verify cursor configuration...
2024-01-17 11:26:11.265 [22] - INFO: Cursor configuration successfully verified.
2024-01-17 11:26:11.266 [22] - INFO: Attempting to verify ease of access configuration...
2024-01-17 11:26:11.267 [22] - INFO: Ease of access configuration successfully verified.
2024-01-17 11:26:11.268 [22] - INFO: Validating virtual machine policy...
2024-01-17 11:26:11.291 [22] - DEBUG: [VirtualMachineDetector] Computer 'PASCALSLAPTOP' appears not to be a virtual machine.
2024-01-17 11:26:11.292 [22] - INFO: Validating display configuration...
2024-01-17 11:26:11.313 [22] - INFO: [DisplayMonitor] Detected active, internal display 'DISPLAY\NCP004D\4&fcd0332&0&UID265988_0' connected via 'Internal'.
2024-01-17 11:26:11.316 [22] - INFO: [DisplayMonitor] Detected 1 active displays, 1 are allowed.
2024-01-17 11:26:11.317 [22] - INFO: Display configuration is allowed.
2024-01-17 11:26:11.321 [22] - INFO: Initializing service...
2024-01-17 11:26:11.322 [22] - INFO: The service will be ignored for the next session.
2024-01-17 11:26:11.328 [22] - INFO: Instructing client to initiate shutdown procedure.
2024-01-17 11:26:11.330 [22] - DEBUG: [ClientProxy] Sending message 'SimpleMessage -> Shutdown'...
2024-01-17 11:26:11.338 [22] - DEBUG: [ClientProxy] Received response 'SimpleResponse -> Acknowledged' for message 'SimpleMessage -> Shutdown'.
2024-01-17 11:26:11.339 [22] - DEBUG: [ClientProxy] Client acknowledged shutdown request.
2024-01-17 11:26:11.341 [22] - INFO: Disconnecting from client communication host.
2024-01-17 11:26:11.356 [22] - DEBUG: [ClientProxy] Communication channel is closing...
2024-01-17 11:26:11.359 [22] - DEBUG: [ClientProxy] Communication channel has been closed.
2024-01-17 11:26:11.361 [22] - DEBUG: [ClientProxy] Disconnected from 'net.pipe://localhost/safeexambrowser/client/32080a8a-ed17-4780-b95a-1046f06b5ea3'.
2024-01-17 11:26:11.362 [22] - INFO: Waiting for client to disconnect from runtime communication host...
2024-01-17 11:26:12.177 [16] - DEBUG: [RuntimeHost] Received disconnection request with message 'DisconnectionMessage'.
2024-01-17 11:26:12.179 [22] - INFO: Waiting for client process to terminate...
2024-01-17 11:26:12.368 [14] - DEBUG: [Process 'SafeExamBrowser.Client.exe' (26384)] Process has terminated.
2024-01-17 11:26:12.368 [22] - INFO: Client has been successfully terminated.
2024-01-17 11:26:12.368 [22] - INFO: New kiosk mode 'CreateNewDesktop' is the same as the currently active mode, skipping re-initialization...
2024-01-17 11:26:12.372 [22] - INFO: Starting new client process...
2024-01-17 11:26:12.372 [22] - INFO: [ProcessFactory] Attempting to start process 'C:\Program Files\SafeExamBrowser\Application\SafeExamBrowser.Client.exe'...
2024-01-17 11:26:12.512 [22] - INFO: [ProcessFactory] Successfully started process 'C:\Program Files\SafeExamBrowser\Application\SafeExamBrowser.Client.exe' with ID = 25996.
2024-01-17 11:26:12.516 [22] - DEBUG: [Process 'SafeExamBrowser.Client.exe' (25996)] Initialized termination event.
2024-01-17 11:26:12.516 [22] - INFO: Waiting for client to complete initialization...
2024-01-17 11:26:14.369 [14] - DEBUG: [RuntimeHost] Received connection request with authentication token '139eebb3-f584-4b17-b144-a6794fc4c86c'.
2024-01-17 11:26:14.369 [14] - DEBUG: [RuntimeHost] Accepted connection request.
2024-01-17 11:26:14.385 [16] - DEBUG: [RuntimeHost] Received message 'SimpleMessage -> ConfigurationNeeded', sending response 'ConfigurationResponse'.
2024-01-17 11:26:24.137 [22] - INFO: Client has been successfully started and initialized. Creating communication proxy for client host...
2024-01-17 11:26:24.141 [22] - DEBUG: [ClientProxy] Trying to connect to endpoint 'net.pipe://localhost/safeexambrowser/client/538de7c8-6c95-4b83-abec-642ff5241906' with authentication token '139eebb3-f584-4b17-b144-a6794fc4c86c'...
2024-01-17 11:26:24.137 [14] - DEBUG: [RuntimeHost] Received message 'SimpleMessage -> ClientIsReady', sending response 'SimpleResponse -> Acknowledged'.
2024-01-17 11:26:24.145 [22] - DEBUG: [ClientProxy] Communication channel is opening...
2024-01-17 11:26:24.193 [22] - DEBUG: [ClientProxy] Communication channel has been opened.
2024-01-17 11:26:24.213 [22] - DEBUG: [ClientProxy] Connection was established.
2024-01-17 11:26:24.213 [22] - INFO: Connection with client has been established. Requesting authentication...
2024-01-17 11:26:24.213 [22] - DEBUG: [ClientProxy] Sending message 'SimpleMessage -> Authenticate'...
2024-01-17 11:26:24.225 [22] - DEBUG: [ClientProxy] Received response 'AuthenticationResponse' for message 'SimpleMessage -> Authenticate'.
2024-01-17 11:26:24.225 [22] - DEBUG: [ClientProxy] Received authentication response.
2024-01-17 11:26:24.225 [22] - INFO: Authentication of client has been successful, client is ready to operate.
2024-01-17 11:26:24.225 [22] - INFO: Successfully started new client instance.
2024-01-17 11:26:24.225 [22] - INFO: Successfully terminated old session '5edd7712-1587-4fc9-9671-1d2e2a4abf88' and activated new session '43f2a6e2-a693-4542-a7fb-dd8605008981'.
2024-01-17 11:26:24.229 [22] - INFO: ### ---------------------------------------- Session Running ----------------------------------------- ###
2024-01-17 11:27:14.396 [13] - DEBUG: [RuntimeHost] Received message 'SimpleMessage -> Ping', sending response 'SimpleResponse -> Acknowledged'.
2024-01-17 11:27:24.227 [23] - DEBUG: [ClientProxy] Sending message 'SimpleMessage -> Ping'...
2024-01-17 11:27:24.231 [23] - DEBUG: [ClientProxy] Received response 'SimpleResponse -> Acknowledged' for message 'SimpleMessage -> Ping'.
2024-01-17 11:27:24.231 [23] - INFO: [ClientProxy] Pinged host, connection is alive.
2024-01-17 11:28:14.405 [12] - DEBUG: [RuntimeHost] Received message 'SimpleMessage -> Ping', sending response 'SimpleResponse -> Acknowledged'.
2024-01-17 11:28:24.230 [09] - DEBUG: [ClientProxy] Sending message 'SimpleMessage -> Ping'...
2024-01-17 11:28:24.230 [09] - DEBUG: [ClientProxy] Received response 'SimpleResponse -> Acknowledged' for message 'SimpleMessage -> Ping'.
2024-01-17 11:28:24.230 [09] - INFO: [ClientProxy] Pinged host, connection is alive.
2024-01-17 11:29:14.421 [16] - DEBUG: [RuntimeHost] Received message 'SimpleMessage -> Ping', sending response 'SimpleResponse -> Acknowledged'.
2024-01-17 11:29:18.657 [09] - WARNING: [DesktopMonitor] Failed to get currently active desktop!
2024-01-17 11:29:19.678 [22] - WARNING: [DesktopMonitor] Failed to get currently active desktop!
2024-01-17 11:29:20.687 [08] - WARNING: [DesktopMonitor] Failed to get currently active desktop!
2024-01-17 11:29:21.695 [23] - WARNING: [DesktopMonitor] Failed to get currently active desktop!
2024-01-17 11:29:56.140 [08] - WARNING: [DesktopMonitor] Failed to get currently active desktop!
2024-01-17 11:29:57.152 [09] - WARNING: [DesktopMonitor] Failed to get currently active desktop!
2024-01-17 11:29:57.685 [08] - DEBUG: [ClientProxy] Sending message 'SimpleMessage -> Ping'...
2024-01-17 11:29:57.693 [08] - DEBUG: [ClientProxy] Received response 'SimpleResponse -> Acknowledged' for message 'SimpleMessage -> Ping'.
2024-01-17 11:29:57.693 [08] - INFO: [ClientProxy] Pinged host, connection is alive.
2024-01-17 11:29:58.182 [08] - WARNING: [DesktopMonitor] Failed to get currently active desktop!
2024-01-17 11:29:59.198 [23] - WARNING: [DesktopMonitor] Failed to get currently active desktop!
2024-01-17 11:30:25.880 [13] - INFO: Received shutdown request from the client application.
2024-01-17 11:30:25.880 [13] - DEBUG: [RuntimeHost] Received message 'SimpleMessage -> RequestShutdown', sending response 'SimpleResponse -> Acknowledged'.
2024-01-17 11:30:25.896 [08] - INFO: ### ------------------------------------- Session Stop Procedure ------------------------------------- ###
2024-01-17 11:30:25.904 [08] - INFO: Instructing client to initiate shutdown procedure.
2024-01-17 11:30:25.907 [08] - DEBUG: [ClientProxy] Sending message 'SimpleMessage -> Shutdown'...
2024-01-17 11:30:25.917 [08] - DEBUG: [ClientProxy] Received response 'SimpleResponse -> Acknowledged' for message 'SimpleMessage -> Shutdown'.
2024-01-17 11:30:25.917 [08] - DEBUG: [ClientProxy] Client acknowledged shutdown request.
2024-01-17 11:30:25.917 [08] - INFO: Disconnecting from client communication host.
2024-01-17 11:30:25.928 [08] - DEBUG: [ClientProxy] Communication channel is closing...
2024-01-17 11:30:25.928 [08] - DEBUG: [ClientProxy] Communication channel has been closed.
2024-01-17 11:30:25.928 [08] - DEBUG: [ClientProxy] Disconnected from 'net.pipe://localhost/safeexambrowser/client/538de7c8-6c95-4b83-abec-642ff5241906'.
2024-01-17 11:30:25.944 [08] - INFO: Waiting for client to disconnect from runtime communication host...
2024-01-17 11:30:26.988 [05] - DEBUG: [RuntimeHost] Received disconnection request with message 'DisconnectionMessage'.
2024-01-17 11:30:26.990 [08] - INFO: Waiting for client process to terminate...
2024-01-17 11:30:27.195 [13] - DEBUG: [Process 'SafeExamBrowser.Client.exe' (25996)] Process has terminated.
2024-01-17 11:30:27.195 [08] - INFO: Client has been successfully terminated.
2024-01-17 11:30:27.198 [08] - INFO: Reverting kiosk mode 'CreateNewDesktop'...
2024-01-17 11:30:27.200 [08] - INFO: [DesktopMonitor] Stopped monitoring desktop 'EUjPIErkGk' [4635].
2024-01-17 11:30:27.215 [08] - INFO: Switched back to original desktop 'Default' [296].
2024-01-17 11:30:27.252 [08] - INFO: Closed custom desktop 'EUjPIErkGk' [4635].
2024-01-17 11:30:27.259 [08] - INFO: Finalizing service...
2024-01-17 11:30:27.264 [08] - INFO: ### --------------------------------------- Session Terminated --------------------------------------- ###

2024-01-17 11:30:27.484 [08] - INFO: Initiating shutdown procedure...
2024-01-17 11:30:27.485 [08] - INFO: Stopping communication host...
2024-01-17 11:30:27.487 [08] - DEBUG: [RuntimeHost] Communication host is closing...
2024-01-17 11:30:27.496 [08] - DEBUG: [RuntimeHost] Communication host has been closed.
2024-01-17 11:30:27.497 [08] - DEBUG: [RuntimeHost] Terminated communication host for endpoint 'net.pipe://localhost/safeexambrowser/runtime/3bac9f26-00bb-4d77-8665-92b56a28d571'.
2024-01-17 11:30:27.497 [08] - INFO: Application successfully finalized.

# Application terminated at 2024-01-17 11:30:27.564
