/* Safe Exam Browser, Version 3.6.0 (x64), Build 3.6.0.633
/* Copyright © 2023 ETH Zürich, Educational Development and Technology (LET)
/* 
/* Please visit https://www.github.com/SafeExamBrowser for more information.

# Application started at 2024-01-12 14:47:40.409
# Running on Windows 11, Microsoft Windows NT 10.0.22621.0 (x64)
# Computer 'PASCALSLAPTOP' is a Nitro 5 Nitro AN515-55 manufactured by Acer
# Runtime-ID: bb806b07-08a8-4e33-b98f-60c1ce98239b

2024-01-12 14:47:42.007 [09] - INFO: Initiating startup procedure...
2024-01-12 14:47:42.090 [09] - INFO: Loading text data...
2024-01-12 14:47:42.093 [09] - DEBUG: [Text] System language is 'en', trying to load data...
2024-01-12 14:47:42.100 [09] - DEBUG: [Text] Data successfully loaded.
2024-01-12 14:47:42.100 [09] - INFO: Starting communication host...
2024-01-12 14:47:42.134 [06] - DEBUG: [RuntimeHost] Communication host is opening...
2024-01-12 14:47:42.173 [06] - DEBUG: [RuntimeHost] Communication host has been opened.
2024-01-12 14:47:42.173 [06] - DEBUG: [RuntimeHost] Successfully started communication host for endpoint 'net.pipe://localhost/safeexambrowser/runtime/e8a2dfc4-5aa9-423f-8522-c1422489416b'.
2024-01-12 14:47:42.174 [09] - INFO: Attempting to verify application integrity...
2024-01-12 14:47:42.294 [09] - INFO: Application integrity successfully verified.
2024-01-12 14:47:42.296 [09] - INFO: Application successfully initialized.

2024-01-12 14:47:42.315 [09] - INFO: ### ------------------------------------ Session Start Procedure ------------------------------------- ###
2024-01-12 14:47:42.319 [09] - INFO: Initializing new session configuration...
2024-01-12 14:47:42.321 [09] - INFO:  -> Client-ID: 72d271b8-e6d2-4b30-8367-9def09d3048f
2024-01-12 14:47:42.321 [09] - INFO:  -> Runtime-ID: bb806b07-08a8-4e33-b98f-60c1ce98239b
2024-01-12 14:47:42.322 [09] - INFO:  -> Session-ID: 90fd07e1-98b6-42ad-86ca-0850ff2fcf5d
2024-01-12 14:47:42.323 [09] - INFO: Initializing application configuration...
2024-01-12 14:47:42.325 [09] - INFO: Found command-line argument for configuration resource: 'sebs://elearning.ohmportal.de/mod/quiz/accessrule/seb/config.php?cmid=117917', the URI is valid.
2024-01-12 14:47:42.327 [09] - INFO: [ConfigurationRepository] Initialized default settings, now attempting to load 'sebs://elearning.ohmportal.de/mod/quiz/accessrule/seb/config.php?cmid=117917'...
2024-01-12 14:47:42.343 [09] - DEBUG: [FileResourceLoader] Can't load 'sebs://elearning.ohmportal.de/mod/quiz/accessrule/seb/config.php?cmid=117917' as it isn't an existing file.
2024-01-12 14:47:42.343 [09] - DEBUG: [NetworkResourceLoader] Sending HEAD request for 'https://elearning.ohmportal.de/mod/quiz/accessrule/seb/config.php?cmid=117917'...
2024-01-12 14:47:42.671 [09] - DEBUG: [NetworkResourceLoader] Received response '200 - OK'.
2024-01-12 14:47:42.671 [09] - DEBUG: [NetworkResourceLoader] Can load 'sebs://elearning.ohmportal.de/mod/quiz/accessrule/seb/config.php?cmid=117917' as it references an existing network resource.
2024-01-12 14:47:42.671 [09] - DEBUG: [NetworkResourceLoader] Sending GET request for 'https://elearning.ohmportal.de/mod/quiz/accessrule/seb/config.php?cmid=117917'...
2024-01-12 14:47:42.890 [09] - DEBUG: [NetworkResourceLoader] Received response '200 - OK'.
2024-01-12 14:47:42.890 [09] - DEBUG: [NetworkResourceLoader] The  response data is HTML.
2024-01-12 14:47:42.890 [09] - INFO: [ConfigurationRepository] Tried to load data from 'sebs://elearning.ohmportal.de/mod/quiz/accessrule/seb/config.php?cmid=117917' using NetworkResourceLoader -> Result: LoadWithBrowser.
2024-01-12 14:47:42.890 [09] - INFO: The configuration resource needs authentication or is a webpage, using 'sebs://elearning.ohmportal.de/mod/quiz/accessrule/seb/config.php?cmid=117917' as start URL for the browser.
2024-01-12 14:47:42.890 [09] - INFO: The configuration was successful.
2024-01-12 14:47:42.890 [09] - INFO: Validating version restrictions...
2024-01-12 14:47:42.890 [09] - INFO: There are no version restrictions for the configuration.
2024-01-12 14:47:42.890 [09] - INFO: Remote proctoring is disabled, skipping disclaimer.
2024-01-12 14:47:42.890 [09] - INFO: Validating remote session policy...
2024-01-12 14:47:42.905 [09] - DEBUG: [RemoteSessionDetector] System appears not to be running in a remote session.
2024-01-12 14:47:42.905 [09] - INFO: Attempting to verify cursor configuration...
2024-01-12 14:47:42.905 [09] - INFO: Cursor configuration successfully verified.
2024-01-12 14:47:42.905 [09] - INFO: Attempting to verify ease of access configuration...
2024-01-12 14:47:42.905 [09] - INFO: Ease of access configuration successfully verified.
2024-01-12 14:47:42.905 [09] - INFO: Validating virtual machine policy...
2024-01-12 14:47:42.905 [09] - INFO: Validating display configuration...
2024-01-12 14:47:42.937 [09] - INFO: [DisplayMonitor] Detected active, internal display 'DISPLAY\NCP004D\4&fcd0332&0&UID265988_0' connected via 'Internal'.
2024-01-12 14:47:42.937 [09] - INFO: [DisplayMonitor] Detected 1 active displays, 10 are allowed.
2024-01-12 14:47:42.937 [09] - INFO: Display configuration is allowed.
2024-01-12 14:47:42.937 [09] - INFO: Initializing service...
2024-01-12 14:47:42.937 [09] - INFO: The service will be ignored for the next session.
2024-01-12 14:47:42.952 [09] - INFO: Initializing kiosk mode 'CreateNewDesktop'...
2024-01-12 14:47:42.952 [09] - DEBUG: [DesktopFactory] Found desktop handle for thread with ID = 26148. Attempting to get desktop name...
2024-01-12 14:47:42.952 [09] - DEBUG: [DesktopFactory] Successfully determined current desktop 'Default' [324].
2024-01-12 14:47:42.952 [09] - INFO: Current desktop is 'Default' [324].
2024-01-12 14:47:42.952 [09] - DEBUG: [DesktopFactory] Attempting to create random desktop...
2024-01-12 14:47:42.952 [09] - DEBUG: [DesktopFactory] Successfully created random desktop 'LSMWfREOrapMzKkcIJq' [5967].
2024-01-12 14:47:42.968 [09] - INFO: Created custom desktop 'LSMWfREOrapMzKkcIJq' [5967].
2024-01-12 14:47:42.983 [09] - INFO: Successfully activated custom desktop.
2024-01-12 14:47:42.999 [09] - INFO: [DesktopMonitor] Started monitoring desktop 'LSMWfREOrapMzKkcIJq' [5967].
2024-01-12 14:47:42.999 [09] - INFO: Starting new client process...
2024-01-12 14:47:42.999 [09] - INFO: [ProcessFactory] Attempting to start process 'C:\Program Files\SafeExamBrowser\Application\SafeExamBrowser.Client.exe'...
2024-01-12 14:47:43.077 [09] - INFO: [ProcessFactory] Successfully started process 'C:\Program Files\SafeExamBrowser\Application\SafeExamBrowser.Client.exe' with ID = 2388.
2024-01-12 14:47:43.077 [09] - DEBUG: [Process 'SafeExamBrowser.Client.exe' (2388)] Initialized termination event.
2024-01-12 14:47:43.077 [09] - INFO: Waiting for client to complete initialization...
2024-01-12 14:47:44.858 [17] - DEBUG: [RuntimeHost] Received connection request with authentication token '8ae0c341-19ce-4760-8274-c06cdaa202b4'.
2024-01-12 14:47:44.858 [17] - DEBUG: [RuntimeHost] Accepted connection request.
2024-01-12 14:47:44.890 [19] - DEBUG: [RuntimeHost] Received message 'SimpleMessage -> ConfigurationNeeded', sending response 'ConfigurationResponse'.
2024-01-12 14:47:46.403 [17] - DEBUG: [RuntimeHost] Received message 'SimpleMessage -> ClientIsReady', sending response 'SimpleResponse -> Acknowledged'.
2024-01-12 14:47:46.403 [09] - INFO: Client has been successfully started and initialized. Creating communication proxy for client host...
2024-01-12 14:47:46.418 [09] - DEBUG: [ClientProxy] Trying to connect to endpoint 'net.pipe://localhost/safeexambrowser/client/2653eda8-f414-4844-9409-612fd66e1bc5' with authentication token '8ae0c341-19ce-4760-8274-c06cdaa202b4'...
2024-01-12 14:47:46.418 [09] - DEBUG: [ClientProxy] Communication channel is opening...
2024-01-12 14:47:46.481 [09] - DEBUG: [ClientProxy] Communication channel has been opened.
2024-01-12 14:47:46.496 [09] - DEBUG: [ClientProxy] Connection was established.
2024-01-12 14:47:46.496 [09] - INFO: Connection with client has been established. Requesting authentication...
2024-01-12 14:47:46.496 [09] - DEBUG: [ClientProxy] Sending message 'SimpleMessage -> Authenticate'...
2024-01-12 14:47:46.512 [09] - DEBUG: [ClientProxy] Received response 'AuthenticationResponse' for message 'SimpleMessage -> Authenticate'.
2024-01-12 14:47:46.512 [09] - DEBUG: [ClientProxy] Received authentication response.
2024-01-12 14:47:46.528 [09] - INFO: Authentication of client has been successful, client is ready to operate.
2024-01-12 14:47:46.528 [09] - INFO: Successfully started new client instance.
2024-01-12 14:47:46.528 [09] - INFO: Successfully activated first session '90fd07e1-98b6-42ad-86ca-0850ff2fcf5d'.
2024-01-12 14:47:46.528 [09] - INFO: ### ---------------------------------------- Session Running ----------------------------------------- ###
2024-01-12 14:48:24.875 [08] - INFO: Accepted request for reconfiguration with 'C:\Users\pasca\AppData\Local\SafeExamBrowser\Temp\config.seb'.
2024-01-12 14:48:24.875 [19] - DEBUG: [RuntimeHost] Received message 'ReconfigurationMessage', sending response 'SimpleResponse -> Acknowledged'.
2024-01-12 14:48:24.880 [08] - INFO: ### ------------------------------------ Session Start Procedure ------------------------------------- ###
2024-01-12 14:48:24.882 [08] - INFO: Initializing new session configuration...
2024-01-12 14:48:24.883 [08] - INFO:  -> Client-ID: 07c398a2-b99b-4395-bda3-1ada603e4511
2024-01-12 14:48:24.884 [08] - INFO:  -> Runtime-ID: bb806b07-08a8-4e33-b98f-60c1ce98239b
2024-01-12 14:48:24.884 [08] - INFO:  -> Session-ID: 424b554c-cdee-4f48-833f-b7d43fcce3c8
2024-01-12 14:48:24.885 [08] - INFO: Initializing new application configuration...
2024-01-12 14:48:24.887 [08] - INFO: [ConfigurationRepository] Initialized default settings, now attempting to load 'file:///C:/Users/pasca/AppData/Local/SafeExamBrowser/Temp/config.seb'...
2024-01-12 14:48:24.887 [08] - DEBUG: [FileResourceLoader] Can load 'file:///C:/Users/pasca/AppData/Local/SafeExamBrowser/Temp/config.seb' as it is an existing file.
2024-01-12 14:48:24.888 [08] - DEBUG: [FileResourceLoader] Loading data from 'file:///C:/Users/pasca/AppData/Local/SafeExamBrowser/Temp/config.seb'...
2024-01-12 14:48:24.889 [08] - DEBUG: [FileResourceLoader] Created 'System.IO.FileStream' for 0,923 KB data in 'file:///C:/Users/pasca/AppData/Local/SafeExamBrowser/Temp/config.seb'.
2024-01-12 14:48:24.890 [08] - INFO: [ConfigurationRepository] Tried to load data from 'file:///C:/Users/pasca/AppData/Local/SafeExamBrowser/Temp/config.seb' using FileResourceLoader -> Result: Success.
2024-01-12 14:48:24.894 [08] - DEBUG: [BinaryParser] 'System.IO.FileStream' starting with '<?xm' does not match the Binary format.
2024-01-12 14:48:24.896 [08] - DEBUG: [XmlParser] 'System.IO.FileStream' starting with '<?xm' matches the Xml format.
2024-01-12 14:48:24.898 [08] - DEBUG: [XmlParser] Found root node, starting to parse data...
2024-01-12 14:48:24.903 [08] - DEBUG: [XmlParser] Finished parsing -> Result: Success.
2024-01-12 14:48:24.904 [08] - INFO: [ConfigurationRepository] Tried to parse data from 'System.IO.FileStream' using XmlParser -> Result: Success.
2024-01-12 14:48:24.929 [08] - INFO: Deleted temporary configuration file 'file:///C:/Users/pasca/AppData/Local/SafeExamBrowser/Temp/config.seb'.
2024-01-12 14:48:24.929 [08] - INFO: The configuration was successful.
2024-01-12 14:48:24.930 [08] - INFO: Validating version restrictions...
2024-01-12 14:48:24.931 [08] - INFO: There are no version restrictions for the configuration.
2024-01-12 14:48:24.932 [08] - INFO: Remote proctoring is disabled, skipping disclaimer.
2024-01-12 14:48:24.932 [08] - INFO: Validating remote session policy...
2024-01-12 14:48:24.932 [08] - DEBUG: [RemoteSessionDetector] System appears not to be running in a remote session.
2024-01-12 14:48:24.933 [08] - INFO: Attempting to verify cursor configuration...
2024-01-12 14:48:24.934 [08] - INFO: Cursor configuration successfully verified.
2024-01-12 14:48:24.934 [08] - INFO: Attempting to verify ease of access configuration...
2024-01-12 14:48:24.935 [08] - INFO: Ease of access configuration successfully verified.
2024-01-12 14:48:24.936 [08] - INFO: Validating virtual machine policy...
2024-01-12 14:48:24.945 [08] - DEBUG: [VirtualMachineDetector] Computer 'PASCALSLAPTOP' appears not to be a virtual machine.
2024-01-12 14:48:24.946 [08] - INFO: Validating display configuration...
2024-01-12 14:48:24.960 [08] - INFO: [DisplayMonitor] Detected active, internal display 'DISPLAY\NCP004D\4&fcd0332&0&UID265988_0' connected via 'Internal'.
2024-01-12 14:48:24.961 [08] - INFO: [DisplayMonitor] Detected 1 active displays, 1 are allowed.
2024-01-12 14:48:24.962 [08] - INFO: Display configuration is allowed.
2024-01-12 14:48:24.963 [08] - INFO: Initializing service...
2024-01-12 14:48:24.964 [08] - INFO: The service will be ignored for the next session.
2024-01-12 14:48:24.967 [08] - INFO: Instructing client to initiate shutdown procedure.
2024-01-12 14:48:24.969 [08] - DEBUG: [ClientProxy] Sending message 'SimpleMessage -> Shutdown'...
2024-01-12 14:48:24.972 [08] - DEBUG: [ClientProxy] Received response 'SimpleResponse -> Acknowledged' for message 'SimpleMessage -> Shutdown'.
2024-01-12 14:48:24.973 [08] - DEBUG: [ClientProxy] Client acknowledged shutdown request.
2024-01-12 14:48:24.974 [08] - INFO: Disconnecting from client communication host.
2024-01-12 14:48:24.982 [08] - DEBUG: [ClientProxy] Communication channel is closing...
2024-01-12 14:48:24.984 [08] - DEBUG: [ClientProxy] Communication channel has been closed.
2024-01-12 14:48:24.985 [08] - DEBUG: [ClientProxy] Disconnected from 'net.pipe://localhost/safeexambrowser/client/2653eda8-f414-4844-9409-612fd66e1bc5'.
2024-01-12 14:48:24.986 [08] - INFO: Waiting for client to disconnect from runtime communication host...
2024-01-12 14:48:25.731 [13] - DEBUG: [RuntimeHost] Received disconnection request with message 'DisconnectionMessage'.
2024-01-12 14:48:25.732 [08] - INFO: Waiting for client process to terminate...
2024-01-12 14:48:25.837 [13] - DEBUG: [Process 'SafeExamBrowser.Client.exe' (2388)] Process has terminated.
2024-01-12 14:48:25.837 [08] - INFO: Client has been successfully terminated.
2024-01-12 14:48:25.837 [08] - INFO: New kiosk mode 'CreateNewDesktop' is the same as the currently active mode, skipping re-initialization...
2024-01-12 14:48:25.853 [08] - INFO: Starting new client process...
2024-01-12 14:48:25.853 [08] - INFO: [ProcessFactory] Attempting to start process 'C:\Program Files\SafeExamBrowser\Application\SafeExamBrowser.Client.exe'...
2024-01-12 14:48:25.916 [08] - INFO: [ProcessFactory] Successfully started process 'C:\Program Files\SafeExamBrowser\Application\SafeExamBrowser.Client.exe' with ID = 14320.
2024-01-12 14:48:25.916 [08] - DEBUG: [Process 'SafeExamBrowser.Client.exe' (14320)] Initialized termination event.
2024-01-12 14:48:25.916 [08] - INFO: Waiting for client to complete initialization...
2024-01-12 14:48:27.650 [13] - DEBUG: [RuntimeHost] Received connection request with authentication token '7130a4ec-e9ca-47f3-a864-a8be74e5dcda'.
2024-01-12 14:48:27.650 [13] - DEBUG: [RuntimeHost] Accepted connection request.
2024-01-12 14:48:27.666 [21] - DEBUG: [RuntimeHost] Received message 'SimpleMessage -> ConfigurationNeeded', sending response 'ConfigurationResponse'.
2024-01-12 14:48:29.072 [13] - DEBUG: [RuntimeHost] Received message 'SimpleMessage -> ClientIsReady', sending response 'SimpleResponse -> Acknowledged'.
2024-01-12 14:48:29.072 [08] - INFO: Client has been successfully started and initialized. Creating communication proxy for client host...
2024-01-12 14:48:29.087 [08] - DEBUG: [ClientProxy] Trying to connect to endpoint 'net.pipe://localhost/safeexambrowser/client/e0839465-2bfd-4d22-8201-6347c59f0934' with authentication token '7130a4ec-e9ca-47f3-a864-a8be74e5dcda'...
2024-01-12 14:48:29.103 [08] - DEBUG: [ClientProxy] Communication channel is opening...
2024-01-12 14:48:29.150 [08] - DEBUG: [ClientProxy] Communication channel has been opened.
2024-01-12 14:48:29.166 [08] - DEBUG: [ClientProxy] Connection was established.
2024-01-12 14:48:29.166 [08] - INFO: Connection with client has been established. Requesting authentication...
2024-01-12 14:48:29.166 [08] - DEBUG: [ClientProxy] Sending message 'SimpleMessage -> Authenticate'...
2024-01-12 14:48:29.197 [08] - DEBUG: [ClientProxy] Received response 'AuthenticationResponse' for message 'SimpleMessage -> Authenticate'.
2024-01-12 14:48:29.197 [08] - DEBUG: [ClientProxy] Received authentication response.
2024-01-12 14:48:29.197 [08] - INFO: Authentication of client has been successful, client is ready to operate.
2024-01-12 14:48:29.197 [08] - INFO: Successfully started new client instance.
2024-01-12 14:48:29.197 [08] - INFO: Successfully terminated old session '90fd07e1-98b6-42ad-86ca-0850ff2fcf5d' and activated new session '424b554c-cdee-4f48-833f-b7d43fcce3c8'.
2024-01-12 14:48:29.197 [08] - INFO: ### ---------------------------------------- Session Running ----------------------------------------- ###
2024-01-12 14:48:40.331 [21] - INFO: Received shutdown request from the client application.
2024-01-12 14:48:40.346 [21] - DEBUG: [RuntimeHost] Received message 'SimpleMessage -> RequestShutdown', sending response 'SimpleResponse -> Acknowledged'.
2024-01-12 14:48:40.362 [08] - INFO: ### ------------------------------------- Session Stop Procedure ------------------------------------- ###
2024-01-12 14:48:40.362 [08] - INFO: Instructing client to initiate shutdown procedure.
2024-01-12 14:48:40.377 [08] - DEBUG: [ClientProxy] Sending message 'SimpleMessage -> Shutdown'...
2024-01-12 14:48:40.377 [08] - DEBUG: [ClientProxy] Received response 'SimpleResponse -> Acknowledged' for message 'SimpleMessage -> Shutdown'.
2024-01-12 14:48:40.377 [08] - DEBUG: [ClientProxy] Client acknowledged shutdown request.
2024-01-12 14:48:40.377 [08] - INFO: Disconnecting from client communication host.
2024-01-12 14:48:40.393 [08] - DEBUG: [ClientProxy] Communication channel is closing...
2024-01-12 14:48:40.393 [08] - DEBUG: [ClientProxy] Communication channel has been closed.
2024-01-12 14:48:40.393 [08] - DEBUG: [ClientProxy] Disconnected from 'net.pipe://localhost/safeexambrowser/client/e0839465-2bfd-4d22-8201-6347c59f0934'.
2024-01-12 14:48:40.393 [08] - INFO: Waiting for client to disconnect from runtime communication host...
2024-01-12 14:48:41.125 [13] - DEBUG: [RuntimeHost] Received disconnection request with message 'DisconnectionMessage'.
2024-01-12 14:48:41.126 [08] - INFO: Waiting for client process to terminate...
2024-01-12 14:48:41.204 [21] - DEBUG: [Process 'SafeExamBrowser.Client.exe' (14320)] Process has terminated.
2024-01-12 14:48:41.204 [08] - INFO: Client has been successfully terminated.
2024-01-12 14:48:41.206 [08] - INFO: Reverting kiosk mode 'CreateNewDesktop'...
2024-01-12 14:48:41.207 [08] - INFO: [DesktopMonitor] Stopped monitoring desktop 'LSMWfREOrapMzKkcIJq' [5967].
2024-01-12 14:48:41.223 [08] - INFO: Switched back to original desktop 'Default' [324].
2024-01-12 14:48:41.237 [08] - INFO: Closed custom desktop 'LSMWfREOrapMzKkcIJq' [5967].
2024-01-12 14:48:41.238 [08] - INFO: Finalizing service...
2024-01-12 14:48:41.240 [08] - INFO: ### --------------------------------------- Session Terminated --------------------------------------- ###

2024-01-12 14:48:41.340 [08] - INFO: Initiating shutdown procedure...
2024-01-12 14:48:41.341 [08] - INFO: Stopping communication host...
2024-01-12 14:48:41.342 [08] - DEBUG: [RuntimeHost] Communication host is closing...
2024-01-12 14:48:41.348 [08] - DEBUG: [RuntimeHost] Communication host has been closed.
2024-01-12 14:48:41.349 [08] - DEBUG: [RuntimeHost] Terminated communication host for endpoint 'net.pipe://localhost/safeexambrowser/runtime/e8a2dfc4-5aa9-423f-8522-c1422489416b'.
2024-01-12 14:48:41.349 [08] - INFO: Application successfully finalized.

# Application terminated at 2024-01-12 14:48:41.372
