/* Safe Exam Browser, Version 3.6.0 (x64), Build 3.6.0.633
/* Copyright © 2023 ETH Zürich, Educational Development and Technology (LET)
/* 
/* Please visit https://www.github.com/SafeExamBrowser for more information.

# Application started at 2024-01-12 14:48:43.613
# Running on Windows 11, Microsoft Windows NT 10.0.22621.0 (x64)
# Computer 'PASCALSLAPTOP' is a Nitro 5 Nitro AN515-55 manufactured by Acer
# Runtime-ID: a571374a-4722-411f-b48c-1672e650bcc5

2024-01-12 14:48:45.260 [09] - INFO: Initiating startup procedure...
2024-01-12 14:48:45.331 [09] - INFO: Loading text data...
2024-01-12 14:48:45.331 [09] - DEBUG: [Text] System language is 'en', trying to load data...
2024-01-12 14:48:45.343 [09] - DEBUG: [Text] Data successfully loaded.
2024-01-12 14:48:45.343 [09] - INFO: Starting communication host...
2024-01-12 14:48:45.378 [06] - DEBUG: [RuntimeHost] Communication host is opening...
2024-01-12 14:48:45.416 [06] - DEBUG: [RuntimeHost] Communication host has been opened.
2024-01-12 14:48:45.417 [06] - DEBUG: [RuntimeHost] Successfully started communication host for endpoint 'net.pipe://localhost/safeexambrowser/runtime/b974110a-c4ce-408f-a8d4-11bf5b2a8913'.
2024-01-12 14:48:45.417 [09] - INFO: Attempting to verify application integrity...
2024-01-12 14:48:45.532 [09] - INFO: Application integrity successfully verified.
2024-01-12 14:48:45.534 [09] - INFO: Application successfully initialized.

2024-01-12 14:48:45.549 [09] - INFO: ### ------------------------------------ Session Start Procedure ------------------------------------- ###
2024-01-12 14:48:45.553 [09] - INFO: Initializing new session configuration...
2024-01-12 14:48:45.555 [09] - INFO:  -> Client-ID: 742e1316-4895-4f02-aaf0-99943cba0e12
2024-01-12 14:48:45.556 [09] - INFO:  -> Runtime-ID: a571374a-4722-411f-b48c-1672e650bcc5
2024-01-12 14:48:45.556 [09] - INFO:  -> Session-ID: 257bb831-c2ba-446f-9c98-a29f8f6caaf0
2024-01-12 14:48:45.557 [09] - INFO: Initializing application configuration...
2024-01-12 14:48:45.559 [09] - INFO: Found command-line argument for configuration resource: 'sebs://elearning.ohmportal.de/mod/quiz/accessrule/seb/config.php?cmid=117917', the URI is valid.
2024-01-12 14:48:45.562 [09] - INFO: [ConfigurationRepository] Initialized default settings, now attempting to load 'sebs://elearning.ohmportal.de/mod/quiz/accessrule/seb/config.php?cmid=117917'...
2024-01-12 14:48:45.578 [09] - DEBUG: [FileResourceLoader] Can't load 'sebs://elearning.ohmportal.de/mod/quiz/accessrule/seb/config.php?cmid=117917' as it isn't an existing file.
2024-01-12 14:48:45.578 [09] - DEBUG: [NetworkResourceLoader] Sending HEAD request for 'https://elearning.ohmportal.de/mod/quiz/accessrule/seb/config.php?cmid=117917'...
2024-01-12 14:48:45.859 [09] - DEBUG: [NetworkResourceLoader] Received response '200 - OK'.
2024-01-12 14:48:45.859 [09] - DEBUG: [NetworkResourceLoader] Can load 'sebs://elearning.ohmportal.de/mod/quiz/accessrule/seb/config.php?cmid=117917' as it references an existing network resource.
2024-01-12 14:48:45.859 [09] - DEBUG: [NetworkResourceLoader] Sending GET request for 'https://elearning.ohmportal.de/mod/quiz/accessrule/seb/config.php?cmid=117917'...
2024-01-12 14:48:46.109 [09] - DEBUG: [NetworkResourceLoader] Received response '200 - OK'.
2024-01-12 14:48:46.109 [09] - DEBUG: [NetworkResourceLoader] The  response data is HTML.
2024-01-12 14:48:46.109 [09] - INFO: [ConfigurationRepository] Tried to load data from 'sebs://elearning.ohmportal.de/mod/quiz/accessrule/seb/config.php?cmid=117917' using NetworkResourceLoader -> Result: LoadWithBrowser.
2024-01-12 14:48:46.109 [09] - INFO: The configuration resource needs authentication or is a webpage, using 'sebs://elearning.ohmportal.de/mod/quiz/accessrule/seb/config.php?cmid=117917' as start URL for the browser.
2024-01-12 14:48:46.109 [09] - INFO: The configuration was successful.
2024-01-12 14:48:46.109 [09] - INFO: Validating version restrictions...
2024-01-12 14:48:46.109 [09] - INFO: There are no version restrictions for the configuration.
2024-01-12 14:48:46.109 [09] - INFO: Remote proctoring is disabled, skipping disclaimer.
2024-01-12 14:48:46.109 [09] - INFO: Validating remote session policy...
2024-01-12 14:48:46.109 [09] - DEBUG: [RemoteSessionDetector] System appears not to be running in a remote session.
2024-01-12 14:48:46.125 [09] - INFO: Attempting to verify cursor configuration...
2024-01-12 14:48:46.125 [09] - INFO: Cursor configuration successfully verified.
2024-01-12 14:48:46.125 [09] - INFO: Attempting to verify ease of access configuration...
2024-01-12 14:48:46.125 [09] - INFO: Ease of access configuration successfully verified.
2024-01-12 14:48:46.125 [09] - INFO: Validating virtual machine policy...
2024-01-12 14:48:46.125 [09] - INFO: Validating display configuration...
2024-01-12 14:48:46.140 [09] - INFO: [DisplayMonitor] Detected active, internal display 'DISPLAY\NCP004D\4&fcd0332&0&UID265988_0' connected via 'Internal'.
2024-01-12 14:48:46.140 [09] - INFO: [DisplayMonitor] Detected 1 active displays, 10 are allowed.
2024-01-12 14:48:46.140 [09] - INFO: Display configuration is allowed.
2024-01-12 14:48:46.140 [09] - INFO: Initializing service...
2024-01-12 14:48:46.140 [09] - INFO: The service will be ignored for the next session.
2024-01-12 14:48:46.140 [09] - INFO: Initializing kiosk mode 'CreateNewDesktop'...
2024-01-12 14:48:46.156 [09] - DEBUG: [DesktopFactory] Found desktop handle for thread with ID = 12556. Attempting to get desktop name...
2024-01-12 14:48:46.156 [09] - DEBUG: [DesktopFactory] Successfully determined current desktop 'Default' [300].
2024-01-12 14:48:46.156 [09] - INFO: Current desktop is 'Default' [300].
2024-01-12 14:48:46.156 [09] - DEBUG: [DesktopFactory] Attempting to create random desktop...
2024-01-12 14:48:46.156 [09] - DEBUG: [DesktopFactory] Successfully created random desktop 'RFMCRGhtkOdxLbf' [4768].
2024-01-12 14:48:46.156 [09] - INFO: Created custom desktop 'RFMCRGhtkOdxLbf' [4768].
2024-01-12 14:48:46.187 [09] - INFO: Successfully activated custom desktop.
2024-01-12 14:48:46.187 [09] - INFO: [DesktopMonitor] Started monitoring desktop 'RFMCRGhtkOdxLbf' [4768].
2024-01-12 14:48:46.187 [09] - INFO: Starting new client process...
2024-01-12 14:48:46.187 [09] - INFO: [ProcessFactory] Attempting to start process 'C:\Program Files\SafeExamBrowser\Application\SafeExamBrowser.Client.exe'...
2024-01-12 14:48:46.265 [09] - INFO: [ProcessFactory] Successfully started process 'C:\Program Files\SafeExamBrowser\Application\SafeExamBrowser.Client.exe' with ID = 20800.
2024-01-12 14:48:46.265 [09] - DEBUG: [Process 'SafeExamBrowser.Client.exe' (20800)] Initialized termination event.
2024-01-12 14:48:46.265 [09] - INFO: Waiting for client to complete initialization...
2024-01-12 14:48:48.005 [11] - DEBUG: [RuntimeHost] Received connection request with authentication token '9f3286ce-e1f9-4991-9d8b-12e2f18ed4c3'.
2024-01-12 14:48:48.005 [11] - DEBUG: [RuntimeHost] Accepted connection request.
2024-01-12 14:48:48.020 [19] - DEBUG: [RuntimeHost] Received message 'SimpleMessage -> ConfigurationNeeded', sending response 'ConfigurationResponse'.
2024-01-12 14:48:49.527 [11] - DEBUG: [RuntimeHost] Received message 'SimpleMessage -> ClientIsReady', sending response 'SimpleResponse -> Acknowledged'.
2024-01-12 14:48:49.527 [09] - INFO: Client has been successfully started and initialized. Creating communication proxy for client host...
2024-01-12 14:48:49.527 [09] - DEBUG: [ClientProxy] Trying to connect to endpoint 'net.pipe://localhost/safeexambrowser/client/34b138e6-2d9d-43ba-b56b-ff886165a63f' with authentication token '9f3286ce-e1f9-4991-9d8b-12e2f18ed4c3'...
2024-01-12 14:48:49.527 [09] - DEBUG: [ClientProxy] Communication channel is opening...
2024-01-12 14:48:49.589 [09] - DEBUG: [ClientProxy] Communication channel has been opened.
2024-01-12 14:48:49.620 [09] - DEBUG: [ClientProxy] Connection was established.
2024-01-12 14:48:49.620 [09] - INFO: Connection with client has been established. Requesting authentication...
2024-01-12 14:48:49.620 [09] - DEBUG: [ClientProxy] Sending message 'SimpleMessage -> Authenticate'...
2024-01-12 14:48:49.636 [09] - DEBUG: [ClientProxy] Received response 'AuthenticationResponse' for message 'SimpleMessage -> Authenticate'.
2024-01-12 14:48:49.636 [09] - DEBUG: [ClientProxy] Received authentication response.
2024-01-12 14:48:49.636 [09] - INFO: Authentication of client has been successful, client is ready to operate.
2024-01-12 14:48:49.636 [09] - INFO: Successfully started new client instance.
2024-01-12 14:48:49.636 [09] - INFO: Successfully activated first session '257bb831-c2ba-446f-9c98-a29f8f6caaf0'.
2024-01-12 14:48:49.636 [09] - INFO: ### ---------------------------------------- Session Running ----------------------------------------- ###
2024-01-12 14:49:42.891 [26] - INFO: Accepted request for reconfiguration with 'C:\Users\pasca\AppData\Local\SafeExamBrowser\Temp\config.seb'.
2024-01-12 14:49:42.891 [11] - DEBUG: [RuntimeHost] Received message 'ReconfigurationMessage', sending response 'SimpleResponse -> Acknowledged'.
2024-01-12 14:49:42.899 [26] - INFO: ### ------------------------------------ Session Start Procedure ------------------------------------- ###
2024-01-12 14:49:42.902 [26] - INFO: Initializing new session configuration...
2024-01-12 14:49:42.902 [26] - INFO:  -> Client-ID: ecc51b12-b854-4f5f-b946-f0d80edf429d
2024-01-12 14:49:42.903 [26] - INFO:  -> Runtime-ID: a571374a-4722-411f-b48c-1672e650bcc5
2024-01-12 14:49:42.903 [26] - INFO:  -> Session-ID: 8ea9049a-ad39-4f2e-8dba-098f0323173e
2024-01-12 14:49:42.904 [26] - INFO: Initializing new application configuration...
2024-01-12 14:49:42.906 [26] - INFO: [ConfigurationRepository] Initialized default settings, now attempting to load 'file:///C:/Users/pasca/AppData/Local/SafeExamBrowser/Temp/config.seb'...
2024-01-12 14:49:42.907 [26] - DEBUG: [FileResourceLoader] Can load 'file:///C:/Users/pasca/AppData/Local/SafeExamBrowser/Temp/config.seb' as it is an existing file.
2024-01-12 14:49:42.908 [26] - DEBUG: [FileResourceLoader] Loading data from 'file:///C:/Users/pasca/AppData/Local/SafeExamBrowser/Temp/config.seb'...
2024-01-12 14:49:42.910 [26] - DEBUG: [FileResourceLoader] Created 'System.IO.FileStream' for 0,923 KB data in 'file:///C:/Users/pasca/AppData/Local/SafeExamBrowser/Temp/config.seb'.
2024-01-12 14:49:42.911 [26] - INFO: [ConfigurationRepository] Tried to load data from 'file:///C:/Users/pasca/AppData/Local/SafeExamBrowser/Temp/config.seb' using FileResourceLoader -> Result: Success.
2024-01-12 14:49:42.917 [26] - DEBUG: [BinaryParser] 'System.IO.FileStream' starting with '<?xm' does not match the Binary format.
2024-01-12 14:49:42.918 [26] - DEBUG: [XmlParser] 'System.IO.FileStream' starting with '<?xm' matches the Xml format.
2024-01-12 14:49:42.921 [26] - DEBUG: [XmlParser] Found root node, starting to parse data...
2024-01-12 14:49:42.925 [26] - DEBUG: [XmlParser] Finished parsing -> Result: Success.
2024-01-12 14:49:42.926 [26] - INFO: [ConfigurationRepository] Tried to parse data from 'System.IO.FileStream' using XmlParser -> Result: Success.
2024-01-12 14:49:42.951 [26] - INFO: Deleted temporary configuration file 'file:///C:/Users/pasca/AppData/Local/SafeExamBrowser/Temp/config.seb'.
2024-01-12 14:49:42.952 [26] - INFO: The configuration was successful.
2024-01-12 14:49:42.953 [26] - INFO: Validating version restrictions...
2024-01-12 14:49:42.955 [26] - INFO: There are no version restrictions for the configuration.
2024-01-12 14:49:42.956 [26] - INFO: Remote proctoring is disabled, skipping disclaimer.
2024-01-12 14:49:42.957 [26] - INFO: Validating remote session policy...
2024-01-12 14:49:42.958 [26] - DEBUG: [RemoteSessionDetector] System appears not to be running in a remote session.
2024-01-12 14:49:42.960 [26] - INFO: Attempting to verify cursor configuration...
2024-01-12 14:49:42.962 [26] - INFO: Cursor configuration successfully verified.
2024-01-12 14:49:42.962 [26] - INFO: Attempting to verify ease of access configuration...
2024-01-12 14:49:42.963 [26] - INFO: Ease of access configuration successfully verified.
2024-01-12 14:49:42.963 [26] - INFO: Validating virtual machine policy...
2024-01-12 14:49:42.971 [26] - DEBUG: [VirtualMachineDetector] Computer 'PASCALSLAPTOP' appears not to be a virtual machine.
2024-01-12 14:49:42.972 [26] - INFO: Validating display configuration...
2024-01-12 14:49:42.981 [26] - INFO: [DisplayMonitor] Detected active, internal display 'DISPLAY\NCP004D\4&fcd0332&0&UID265988_0' connected via 'Internal'.
2024-01-12 14:49:42.983 [26] - INFO: [DisplayMonitor] Detected 1 active displays, 1 are allowed.
2024-01-12 14:49:42.983 [26] - INFO: Display configuration is allowed.
2024-01-12 14:49:42.984 [26] - INFO: Initializing service...
2024-01-12 14:49:42.985 [26] - INFO: The service will be ignored for the next session.
2024-01-12 14:49:42.987 [26] - INFO: Instructing client to initiate shutdown procedure.
2024-01-12 14:49:42.988 [26] - DEBUG: [ClientProxy] Sending message 'SimpleMessage -> Shutdown'...
2024-01-12 14:49:42.991 [26] - DEBUG: [ClientProxy] Received response 'SimpleResponse -> Acknowledged' for message 'SimpleMessage -> Shutdown'.
2024-01-12 14:49:42.992 [26] - DEBUG: [ClientProxy] Client acknowledged shutdown request.
2024-01-12 14:49:42.992 [26] - INFO: Disconnecting from client communication host.
2024-01-12 14:49:43.002 [26] - DEBUG: [ClientProxy] Communication channel is closing...
2024-01-12 14:49:43.002 [26] - DEBUG: [ClientProxy] Communication channel has been closed.
2024-01-12 14:49:43.003 [26] - DEBUG: [ClientProxy] Disconnected from 'net.pipe://localhost/safeexambrowser/client/34b138e6-2d9d-43ba-b56b-ff886165a63f'.
2024-01-12 14:49:43.003 [26] - INFO: Waiting for client to disconnect from runtime communication host...
2024-01-12 14:49:43.722 [14] - DEBUG: [RuntimeHost] Received disconnection request with message 'DisconnectionMessage'.
2024-01-12 14:49:43.723 [26] - INFO: Waiting for client process to terminate...
2024-01-12 14:49:43.814 [14] - DEBUG: [Process 'SafeExamBrowser.Client.exe' (20800)] Process has terminated.
2024-01-12 14:49:43.814 [26] - INFO: Client has been successfully terminated.
2024-01-12 14:49:43.830 [26] - INFO: New kiosk mode 'CreateNewDesktop' is the same as the currently active mode, skipping re-initialization...
2024-01-12 14:49:43.830 [26] - INFO: Starting new client process...
2024-01-12 14:49:43.830 [26] - INFO: [ProcessFactory] Attempting to start process 'C:\Program Files\SafeExamBrowser\Application\SafeExamBrowser.Client.exe'...
2024-01-12 14:49:43.893 [26] - INFO: [ProcessFactory] Successfully started process 'C:\Program Files\SafeExamBrowser\Application\SafeExamBrowser.Client.exe' with ID = 11460.
2024-01-12 14:49:43.893 [26] - DEBUG: [Process 'SafeExamBrowser.Client.exe' (11460)] Initialized termination event.
2024-01-12 14:49:43.893 [26] - INFO: Waiting for client to complete initialization...
2024-01-12 14:49:45.705 [14] - DEBUG: [RuntimeHost] Received connection request with authentication token 'df473d3c-bb01-4f4b-8dec-1f64ad52e29e'.
2024-01-12 14:49:45.705 [14] - DEBUG: [RuntimeHost] Accepted connection request.
2024-01-12 14:49:45.721 [16] - DEBUG: [RuntimeHost] Received message 'SimpleMessage -> ConfigurationNeeded', sending response 'ConfigurationResponse'.
2024-01-12 14:49:47.158 [14] - DEBUG: [RuntimeHost] Received message 'SimpleMessage -> ClientIsReady', sending response 'SimpleResponse -> Acknowledged'.
2024-01-12 14:49:47.158 [26] - INFO: Client has been successfully started and initialized. Creating communication proxy for client host...
2024-01-12 14:49:47.174 [26] - DEBUG: [ClientProxy] Trying to connect to endpoint 'net.pipe://localhost/safeexambrowser/client/a2daa05d-0e58-43c4-9471-187f0914cdc1' with authentication token 'df473d3c-bb01-4f4b-8dec-1f64ad52e29e'...
2024-01-12 14:49:47.174 [26] - DEBUG: [ClientProxy] Communication channel is opening...
2024-01-12 14:49:47.205 [26] - DEBUG: [ClientProxy] Communication channel has been opened.
2024-01-12 14:49:47.221 [26] - DEBUG: [ClientProxy] Connection was established.
2024-01-12 14:49:47.221 [26] - INFO: Connection with client has been established. Requesting authentication...
2024-01-12 14:49:47.221 [26] - DEBUG: [ClientProxy] Sending message 'SimpleMessage -> Authenticate'...
2024-01-12 14:49:47.236 [26] - DEBUG: [ClientProxy] Received response 'AuthenticationResponse' for message 'SimpleMessage -> Authenticate'.
2024-01-12 14:49:47.236 [26] - DEBUG: [ClientProxy] Received authentication response.
2024-01-12 14:49:47.236 [26] - INFO: Authentication of client has been successful, client is ready to operate.
2024-01-12 14:49:47.236 [26] - INFO: Successfully started new client instance.
2024-01-12 14:49:47.252 [26] - INFO: Successfully terminated old session '257bb831-c2ba-446f-9c98-a29f8f6caaf0' and activated new session '8ea9049a-ad39-4f2e-8dba-098f0323173e'.
2024-01-12 14:49:47.252 [26] - INFO: ### ---------------------------------------- Session Running ----------------------------------------- ###
2024-01-12 14:50:20.707 [14] - INFO: Received shutdown request from the client application.
2024-01-12 14:50:20.707 [14] - DEBUG: [RuntimeHost] Received message 'SimpleMessage -> RequestShutdown', sending response 'SimpleResponse -> Acknowledged'.
2024-01-12 14:50:20.715 [22] - INFO: ### ------------------------------------- Session Stop Procedure ------------------------------------- ###
2024-01-12 14:50:20.719 [22] - INFO: Instructing client to initiate shutdown procedure.
2024-01-12 14:50:20.722 [22] - DEBUG: [ClientProxy] Sending message 'SimpleMessage -> Shutdown'...
2024-01-12 14:50:20.724 [22] - DEBUG: [ClientProxy] Received response 'SimpleResponse -> Acknowledged' for message 'SimpleMessage -> Shutdown'.
2024-01-12 14:50:20.724 [22] - DEBUG: [ClientProxy] Client acknowledged shutdown request.
2024-01-12 14:50:20.724 [22] - INFO: Disconnecting from client communication host.
2024-01-12 14:50:20.724 [22] - DEBUG: [ClientProxy] Communication channel is closing...
2024-01-12 14:50:20.724 [22] - DEBUG: [ClientProxy] Communication channel has been closed.
2024-01-12 14:50:20.724 [22] - DEBUG: [ClientProxy] Disconnected from 'net.pipe://localhost/safeexambrowser/client/a2daa05d-0e58-43c4-9471-187f0914cdc1'.
2024-01-12 14:50:20.724 [22] - INFO: Waiting for client to disconnect from runtime communication host...
2024-01-12 14:50:21.493 [20] - DEBUG: [RuntimeHost] Received disconnection request with message 'DisconnectionMessage'.
2024-01-12 14:50:21.493 [22] - INFO: Waiting for client process to terminate...
2024-01-12 14:50:21.582 [20] - DEBUG: [Process 'SafeExamBrowser.Client.exe' (11460)] Process has terminated.
2024-01-12 14:50:21.582 [22] - INFO: Client has been successfully terminated.
2024-01-12 14:50:21.584 [22] - INFO: Reverting kiosk mode 'CreateNewDesktop'...
2024-01-12 14:50:21.585 [22] - INFO: [DesktopMonitor] Stopped monitoring desktop 'RFMCRGhtkOdxLbf' [4768].
2024-01-12 14:50:21.599 [22] - INFO: Switched back to original desktop 'Default' [300].
2024-01-12 14:50:21.610 [22] - INFO: Closed custom desktop 'RFMCRGhtkOdxLbf' [4768].
2024-01-12 14:50:21.613 [22] - INFO: Finalizing service...
2024-01-12 14:50:21.616 [22] - INFO: ### --------------------------------------- Session Terminated --------------------------------------- ###

2024-01-12 14:50:21.703 [22] - INFO: Initiating shutdown procedure...
2024-01-12 14:50:21.704 [22] - INFO: Stopping communication host...
2024-01-12 14:50:21.706 [22] - DEBUG: [RuntimeHost] Communication host is closing...
2024-01-12 14:50:21.711 [22] - DEBUG: [RuntimeHost] Communication host has been closed.
2024-01-12 14:50:21.712 [22] - DEBUG: [RuntimeHost] Terminated communication host for endpoint 'net.pipe://localhost/safeexambrowser/runtime/b974110a-c4ce-408f-a8d4-11bf5b2a8913'.
2024-01-12 14:50:21.712 [22] - INFO: Application successfully finalized.

# Application terminated at 2024-01-12 14:50:21.818
