/* Safe Exam Browser, Version 3.6.0 (x64), Build 3.6.0.633
/* Copyright © 2023 ETH Zürich, Educational Development and Technology (LET)
/* 
/* Please visit https://www.github.com/SafeExamBrowser for more information.

# Application started at 2024-01-19 13:51:50.043
# Running on Windows 11, Microsoft Windows NT 10.0.22621.0 (x64)
# Computer 'PASCALSLAPTOP' is a Nitro 5 Nitro AN515-55 manufactured by Acer
# Runtime-ID: bb6dc28a-c741-4029-b0ae-457aa97a7a09

2024-01-19 13:51:51.748 [09] - INFO: Initiating startup procedure...
2024-01-19 13:51:51.825 [09] - INFO: Loading text data...
2024-01-19 13:51:51.825 [09] - DEBUG: [Text] System language is 'en', trying to load data...
2024-01-19 13:51:51.832 [09] - DEBUG: [Text] Data successfully loaded.
2024-01-19 13:51:51.832 [09] - INFO: Starting communication host...
2024-01-19 13:51:51.871 [06] - DEBUG: [RuntimeHost] Communication host is opening...
2024-01-19 13:51:51.910 [06] - DEBUG: [RuntimeHost] Communication host has been opened.
2024-01-19 13:51:51.911 [06] - DEBUG: [RuntimeHost] Successfully started communication host for endpoint 'net.pipe://localhost/safeexambrowser/runtime/2b7ed86e-eef0-4f5c-9943-9053e5e4e444'.
2024-01-19 13:51:51.911 [09] - INFO: Attempting to verify application integrity...
2024-01-19 13:51:52.037 [09] - INFO: Application integrity successfully verified.
2024-01-19 13:51:52.039 [09] - INFO: Application successfully initialized.

2024-01-19 13:51:52.061 [09] - INFO: ### ------------------------------------ Session Start Procedure ------------------------------------- ###
2024-01-19 13:51:52.068 [09] - INFO: Initializing new session configuration...
2024-01-19 13:51:52.069 [09] - INFO:  -> Client-ID: 2230f739-9eda-447e-b5ce-5103e16c773b
2024-01-19 13:51:52.071 [09] - INFO:  -> Runtime-ID: bb6dc28a-c741-4029-b0ae-457aa97a7a09
2024-01-19 13:51:52.071 [09] - INFO:  -> Session-ID: bf52b284-a069-4713-8e70-f8fb612a2315
2024-01-19 13:51:52.072 [09] - INFO: Initializing application configuration...
2024-01-19 13:51:52.074 [09] - INFO: Found command-line argument for configuration resource: 'sebs://elearning.ohmportal.de/mod/quiz/accessrule/seb/config.php?cmid=118503', the URI is valid.
2024-01-19 13:51:52.084 [09] - INFO: [ConfigurationRepository] Initialized default settings, now attempting to load 'sebs://elearning.ohmportal.de/mod/quiz/accessrule/seb/config.php?cmid=118503'...
2024-01-19 13:51:52.084 [09] - DEBUG: [FileResourceLoader] Can't load 'sebs://elearning.ohmportal.de/mod/quiz/accessrule/seb/config.php?cmid=118503' as it isn't an existing file.
2024-01-19 13:51:52.084 [09] - DEBUG: [NetworkResourceLoader] Sending HEAD request for 'https://elearning.ohmportal.de/mod/quiz/accessrule/seb/config.php?cmid=118503'...
2024-01-19 13:51:52.397 [09] - DEBUG: [NetworkResourceLoader] Received response '200 - OK'.
2024-01-19 13:51:52.397 [09] - DEBUG: [NetworkResourceLoader] Can load 'sebs://elearning.ohmportal.de/mod/quiz/accessrule/seb/config.php?cmid=118503' as it references an existing network resource.
2024-01-19 13:51:52.397 [09] - DEBUG: [NetworkResourceLoader] Sending GET request for 'https://elearning.ohmportal.de/mod/quiz/accessrule/seb/config.php?cmid=118503'...
2024-01-19 13:51:52.647 [09] - DEBUG: [NetworkResourceLoader] Received response '200 - OK'.
2024-01-19 13:51:52.647 [09] - DEBUG: [NetworkResourceLoader] The  response data is HTML.
2024-01-19 13:51:52.647 [09] - INFO: [ConfigurationRepository] Tried to load data from 'sebs://elearning.ohmportal.de/mod/quiz/accessrule/seb/config.php?cmid=118503' using NetworkResourceLoader -> Result: LoadWithBrowser.
2024-01-19 13:51:52.662 [09] - INFO: The configuration resource needs authentication or is a webpage, using 'sebs://elearning.ohmportal.de/mod/quiz/accessrule/seb/config.php?cmid=118503' as start URL for the browser.
2024-01-19 13:51:52.662 [09] - INFO: The configuration was successful.
2024-01-19 13:51:52.678 [09] - INFO: Validating version restrictions...
2024-01-19 13:51:52.678 [09] - INFO: There are no version restrictions for the configuration.
2024-01-19 13:51:52.694 [09] - INFO: Remote proctoring is disabled, skipping disclaimer.
2024-01-19 13:51:52.694 [09] - INFO: Validating remote session policy...
2024-01-19 13:51:52.694 [09] - DEBUG: [RemoteSessionDetector] System appears not to be running in a remote session.
2024-01-19 13:51:52.709 [09] - INFO: Attempting to verify cursor configuration...
2024-01-19 13:51:52.725 [09] - INFO: Cursor configuration successfully verified.
2024-01-19 13:51:52.725 [09] - INFO: Attempting to verify ease of access configuration...
2024-01-19 13:51:52.725 [09] - INFO: Ease of access configuration successfully verified.
2024-01-19 13:51:52.725 [09] - INFO: Validating virtual machine policy...
2024-01-19 13:51:52.740 [09] - INFO: Validating display configuration...
2024-01-19 13:51:52.803 [09] - INFO: [DisplayMonitor] Detected active, internal display 'DISPLAY\NCP004D\4&fcd0332&0&UID265988_0' connected via 'Internal'.
2024-01-19 13:51:52.803 [09] - INFO: [DisplayMonitor] Detected 1 active displays, 10 are allowed.
2024-01-19 13:51:52.803 [09] - INFO: Display configuration is allowed.
2024-01-19 13:51:52.803 [09] - INFO: Initializing service...
2024-01-19 13:51:52.803 [09] - INFO: The service will be ignored for the next session.
2024-01-19 13:51:52.819 [09] - INFO: Initializing kiosk mode 'CreateNewDesktop'...
2024-01-19 13:51:52.819 [09] - DEBUG: [DesktopFactory] Found desktop handle for thread with ID = 19464. Attempting to get desktop name...
2024-01-19 13:51:52.819 [09] - DEBUG: [DesktopFactory] Successfully determined current desktop 'Default' [272].
2024-01-19 13:51:52.819 [09] - INFO: Current desktop is 'Default' [272].
2024-01-19 13:51:52.819 [09] - DEBUG: [DesktopFactory] Attempting to create random desktop...
2024-01-19 13:51:52.819 [09] - DEBUG: [DesktopFactory] Successfully created random desktop 'DQxPNwNreRFvue' [5255].
2024-01-19 13:51:52.819 [09] - INFO: Created custom desktop 'DQxPNwNreRFvue' [5255].
2024-01-19 13:51:52.850 [09] - INFO: Successfully activated custom desktop.
2024-01-19 13:51:52.865 [09] - INFO: [DesktopMonitor] Started monitoring desktop 'DQxPNwNreRFvue' [5255].
2024-01-19 13:51:52.865 [09] - INFO: Starting new client process...
2024-01-19 13:51:52.865 [09] - INFO: [ProcessFactory] Attempting to start process 'C:\Program Files\SafeExamBrowser\Application\SafeExamBrowser.Client.exe'...
2024-01-19 13:51:52.959 [09] - INFO: [ProcessFactory] Successfully started process 'C:\Program Files\SafeExamBrowser\Application\SafeExamBrowser.Client.exe' with ID = 2608.
2024-01-19 13:51:52.959 [09] - DEBUG: [Process 'SafeExamBrowser.Client.exe' (2608)] Initialized termination event.
2024-01-19 13:51:52.959 [09] - INFO: Waiting for client to complete initialization...
2024-01-19 13:51:54.728 [15] - DEBUG: [RuntimeHost] Received connection request with authentication token '80322663-1a4b-4d3a-9935-af60d0d575d0'.
2024-01-19 13:51:54.728 [15] - DEBUG: [RuntimeHost] Accepted connection request.
2024-01-19 13:51:54.744 [17] - DEBUG: [RuntimeHost] Received message 'SimpleMessage -> ConfigurationNeeded', sending response 'ConfigurationResponse'.
2024-01-19 13:51:56.353 [15] - DEBUG: [RuntimeHost] Received message 'SimpleMessage -> ClientIsReady', sending response 'SimpleResponse -> Acknowledged'.
2024-01-19 13:51:56.369 [09] - INFO: Client has been successfully started and initialized. Creating communication proxy for client host...
2024-01-19 13:51:56.369 [09] - DEBUG: [ClientProxy] Trying to connect to endpoint 'net.pipe://localhost/safeexambrowser/client/f6ad13a4-f96b-4707-99c9-fe839962d528' with authentication token '80322663-1a4b-4d3a-9935-af60d0d575d0'...
2024-01-19 13:51:56.369 [09] - DEBUG: [ClientProxy] Communication channel is opening...
2024-01-19 13:51:56.431 [09] - DEBUG: [ClientProxy] Communication channel has been opened.
2024-01-19 13:51:56.462 [09] - DEBUG: [ClientProxy] Connection was established.
2024-01-19 13:51:56.462 [09] - INFO: Connection with client has been established. Requesting authentication...
2024-01-19 13:51:56.462 [09] - DEBUG: [ClientProxy] Sending message 'SimpleMessage -> Authenticate'...
2024-01-19 13:51:56.478 [09] - DEBUG: [ClientProxy] Received response 'AuthenticationResponse' for message 'SimpleMessage -> Authenticate'.
2024-01-19 13:51:56.478 [09] - DEBUG: [ClientProxy] Received authentication response.
2024-01-19 13:51:56.478 [09] - INFO: Authentication of client has been successful, client is ready to operate.
2024-01-19 13:51:56.478 [09] - INFO: Successfully started new client instance.
2024-01-19 13:51:56.478 [09] - INFO: Successfully activated first session 'bf52b284-a069-4713-8e70-f8fb612a2315'.
2024-01-19 13:51:56.494 [09] - INFO: ### ---------------------------------------- Session Running ----------------------------------------- ###
2024-01-19 13:52:10.327 [23] - INFO: Accepted request for reconfiguration with 'C:\Users\pasca\AppData\Local\SafeExamBrowser\Temp\config.seb'.
2024-01-19 13:52:10.328 [17] - DEBUG: [RuntimeHost] Received message 'ReconfigurationMessage', sending response 'SimpleResponse -> Acknowledged'.
2024-01-19 13:52:10.332 [23] - INFO: ### ------------------------------------ Session Start Procedure ------------------------------------- ###
2024-01-19 13:52:10.334 [23] - INFO: Initializing new session configuration...
2024-01-19 13:52:10.336 [23] - INFO:  -> Client-ID: 9914d09a-42fa-47e9-9285-095baf708d58
2024-01-19 13:52:10.337 [23] - INFO:  -> Runtime-ID: bb6dc28a-c741-4029-b0ae-457aa97a7a09
2024-01-19 13:52:10.338 [23] - INFO:  -> Session-ID: d36ba578-4880-4b8f-9f97-d5c1b3c3f575
2024-01-19 13:52:10.339 [23] - INFO: Initializing new application configuration...
2024-01-19 13:52:10.340 [23] - INFO: [ConfigurationRepository] Initialized default settings, now attempting to load 'file:///C:/Users/pasca/AppData/Local/SafeExamBrowser/Temp/config.seb'...
2024-01-19 13:52:10.341 [23] - DEBUG: [FileResourceLoader] Can load 'file:///C:/Users/pasca/AppData/Local/SafeExamBrowser/Temp/config.seb' as it is an existing file.
2024-01-19 13:52:10.342 [23] - DEBUG: [FileResourceLoader] Loading data from 'file:///C:/Users/pasca/AppData/Local/SafeExamBrowser/Temp/config.seb'...
2024-01-19 13:52:10.342 [23] - DEBUG: [FileResourceLoader] Created 'System.IO.FileStream' for 0,923 KB data in 'file:///C:/Users/pasca/AppData/Local/SafeExamBrowser/Temp/config.seb'.
2024-01-19 13:52:10.343 [23] - INFO: [ConfigurationRepository] Tried to load data from 'file:///C:/Users/pasca/AppData/Local/SafeExamBrowser/Temp/config.seb' using FileResourceLoader -> Result: Success.
2024-01-19 13:52:10.347 [23] - DEBUG: [BinaryParser] 'System.IO.FileStream' starting with '<?xm' does not match the Binary format.
2024-01-19 13:52:10.349 [23] - DEBUG: [XmlParser] 'System.IO.FileStream' starting with '<?xm' matches the Xml format.
2024-01-19 13:52:10.352 [23] - DEBUG: [XmlParser] Found root node, starting to parse data...
2024-01-19 13:52:10.356 [23] - DEBUG: [XmlParser] Finished parsing -> Result: Success.
2024-01-19 13:52:10.357 [23] - INFO: [ConfigurationRepository] Tried to parse data from 'System.IO.FileStream' using XmlParser -> Result: Success.
2024-01-19 13:52:10.380 [23] - INFO: Deleted temporary configuration file 'file:///C:/Users/pasca/AppData/Local/SafeExamBrowser/Temp/config.seb'.
2024-01-19 13:52:10.381 [23] - INFO: The configuration was successful.
2024-01-19 13:52:10.381 [23] - INFO: Validating version restrictions...
2024-01-19 13:52:10.382 [23] - INFO: There are no version restrictions for the configuration.
2024-01-19 13:52:10.384 [23] - INFO: Remote proctoring is disabled, skipping disclaimer.
2024-01-19 13:52:10.387 [23] - INFO: Validating remote session policy...
2024-01-19 13:52:10.388 [23] - DEBUG: [RemoteSessionDetector] System appears not to be running in a remote session.
2024-01-19 13:52:10.389 [23] - INFO: Attempting to verify cursor configuration...
2024-01-19 13:52:10.391 [23] - INFO: Cursor configuration successfully verified.
2024-01-19 13:52:10.392 [23] - INFO: Attempting to verify ease of access configuration...
2024-01-19 13:52:10.392 [23] - INFO: Ease of access configuration successfully verified.
2024-01-19 13:52:10.393 [23] - INFO: Validating virtual machine policy...
2024-01-19 13:52:10.401 [23] - DEBUG: [VirtualMachineDetector] Computer 'PASCALSLAPTOP' appears not to be a virtual machine.
2024-01-19 13:52:10.402 [23] - INFO: Validating display configuration...
2024-01-19 13:52:10.411 [23] - INFO: [DisplayMonitor] Detected active, internal display 'DISPLAY\NCP004D\4&fcd0332&0&UID265988_0' connected via 'Internal'.
2024-01-19 13:52:10.412 [23] - INFO: [DisplayMonitor] Detected 1 active displays, 1 are allowed.
2024-01-19 13:52:10.412 [23] - INFO: Display configuration is allowed.
2024-01-19 13:52:10.413 [23] - INFO: Initializing service...
2024-01-19 13:52:10.413 [23] - INFO: The service will be ignored for the next session.
2024-01-19 13:52:10.417 [23] - INFO: Instructing client to initiate shutdown procedure.
2024-01-19 13:52:10.418 [23] - DEBUG: [ClientProxy] Sending message 'SimpleMessage -> Shutdown'...
2024-01-19 13:52:10.421 [23] - DEBUG: [ClientProxy] Received response 'SimpleResponse -> Acknowledged' for message 'SimpleMessage -> Shutdown'.
2024-01-19 13:52:10.423 [23] - DEBUG: [ClientProxy] Client acknowledged shutdown request.
2024-01-19 13:52:10.424 [23] - INFO: Disconnecting from client communication host.
2024-01-19 13:52:10.435 [23] - DEBUG: [ClientProxy] Communication channel is closing...
2024-01-19 13:52:10.437 [23] - DEBUG: [ClientProxy] Communication channel has been closed.
2024-01-19 13:52:10.438 [23] - DEBUG: [ClientProxy] Disconnected from 'net.pipe://localhost/safeexambrowser/client/f6ad13a4-f96b-4707-99c9-fe839962d528'.
2024-01-19 13:52:10.439 [23] - INFO: Waiting for client to disconnect from runtime communication host...
2024-01-19 13:52:11.148 [15] - DEBUG: [RuntimeHost] Received disconnection request with message 'DisconnectionMessage'.
2024-01-19 13:52:11.149 [23] - INFO: Waiting for client process to terminate...
2024-01-19 13:52:11.256 [17] - DEBUG: [Process 'SafeExamBrowser.Client.exe' (2608)] Process has terminated.
2024-01-19 13:52:11.256 [23] - INFO: Client has been successfully terminated.
2024-01-19 13:52:11.258 [23] - INFO: New kiosk mode 'CreateNewDesktop' is the same as the currently active mode, skipping re-initialization...
2024-01-19 13:52:11.259 [23] - INFO: Starting new client process...
2024-01-19 13:52:11.260 [23] - INFO: [ProcessFactory] Attempting to start process 'C:\Program Files\SafeExamBrowser\Application\SafeExamBrowser.Client.exe'...
2024-01-19 13:52:11.347 [23] - INFO: [ProcessFactory] Successfully started process 'C:\Program Files\SafeExamBrowser\Application\SafeExamBrowser.Client.exe' with ID = 19208.
2024-01-19 13:52:11.348 [23] - DEBUG: [Process 'SafeExamBrowser.Client.exe' (19208)] Initialized termination event.
2024-01-19 13:52:11.348 [23] - INFO: Waiting for client to complete initialization...
2024-01-19 13:52:13.142 [11] - DEBUG: [RuntimeHost] Received connection request with authentication token 'abfb5d4a-2a2b-47f9-9757-5435c12a90c6'.
2024-01-19 13:52:13.143 [11] - DEBUG: [RuntimeHost] Accepted connection request.
2024-01-19 13:52:13.156 [15] - DEBUG: [RuntimeHost] Received message 'SimpleMessage -> ConfigurationNeeded', sending response 'ConfigurationResponse'.
2024-01-19 13:52:14.690 [11] - DEBUG: [RuntimeHost] Received message 'SimpleMessage -> ClientIsReady', sending response 'SimpleResponse -> Acknowledged'.
2024-01-19 13:52:14.690 [23] - INFO: Client has been successfully started and initialized. Creating communication proxy for client host...
2024-01-19 13:52:14.694 [23] - DEBUG: [ClientProxy] Trying to connect to endpoint 'net.pipe://localhost/safeexambrowser/client/d44e099f-33bc-484f-a1f6-88962d0e2e30' with authentication token 'abfb5d4a-2a2b-47f9-9757-5435c12a90c6'...
2024-01-19 13:52:14.696 [23] - DEBUG: [ClientProxy] Communication channel is opening...
2024-01-19 13:52:14.729 [23] - DEBUG: [ClientProxy] Communication channel has been opened.
2024-01-19 13:52:14.748 [23] - DEBUG: [ClientProxy] Connection was established.
2024-01-19 13:52:14.748 [23] - INFO: Connection with client has been established. Requesting authentication...
2024-01-19 13:52:14.749 [23] - DEBUG: [ClientProxy] Sending message 'SimpleMessage -> Authenticate'...
2024-01-19 13:52:14.759 [23] - DEBUG: [ClientProxy] Received response 'AuthenticationResponse' for message 'SimpleMessage -> Authenticate'.
2024-01-19 13:52:14.761 [23] - DEBUG: [ClientProxy] Received authentication response.
2024-01-19 13:52:14.761 [23] - INFO: Authentication of client has been successful, client is ready to operate.
2024-01-19 13:52:14.762 [23] - INFO: Successfully started new client instance.
2024-01-19 13:52:14.763 [23] - INFO: Successfully terminated old session 'bf52b284-a069-4713-8e70-f8fb612a2315' and activated new session 'd36ba578-4880-4b8f-9f97-d5c1b3c3f575'.
2024-01-19 13:52:14.764 [23] - INFO: ### ---------------------------------------- Session Running ----------------------------------------- ###
2024-01-19 13:53:13.164 [16] - DEBUG: [RuntimeHost] Received message 'SimpleMessage -> Ping', sending response 'SimpleResponse -> Acknowledged'.
2024-01-19 13:53:14.762 [09] - DEBUG: [ClientProxy] Sending message 'SimpleMessage -> Ping'...
2024-01-19 13:53:14.764 [09] - DEBUG: [ClientProxy] Received response 'SimpleResponse -> Acknowledged' for message 'SimpleMessage -> Ping'.
2024-01-19 13:53:14.764 [09] - INFO: [ClientProxy] Pinged host, connection is alive.
2024-01-19 13:54:13.168 [14] - DEBUG: [RuntimeHost] Received message 'SimpleMessage -> Ping', sending response 'SimpleResponse -> Acknowledged'.
2024-01-19 13:54:14.770 [08] - DEBUG: [ClientProxy] Sending message 'SimpleMessage -> Ping'...
2024-01-19 13:54:14.771 [08] - DEBUG: [ClientProxy] Received response 'SimpleResponse -> Acknowledged' for message 'SimpleMessage -> Ping'.
2024-01-19 13:54:14.772 [08] - INFO: [ClientProxy] Pinged host, connection is alive.
2024-01-19 13:54:15.326 [20] - INFO: Received shutdown request from the client application.
2024-01-19 13:54:15.327 [20] - DEBUG: [RuntimeHost] Received message 'SimpleMessage -> RequestShutdown', sending response 'SimpleResponse -> Acknowledged'.
2024-01-19 13:54:15.330 [09] - INFO: ### ------------------------------------- Session Stop Procedure ------------------------------------- ###
2024-01-19 13:54:15.332 [09] - INFO: Instructing client to initiate shutdown procedure.
2024-01-19 13:54:15.333 [09] - DEBUG: [ClientProxy] Sending message 'SimpleMessage -> Shutdown'...
2024-01-19 13:54:15.336 [09] - DEBUG: [ClientProxy] Received response 'SimpleResponse -> Acknowledged' for message 'SimpleMessage -> Shutdown'.
2024-01-19 13:54:15.337 [09] - DEBUG: [ClientProxy] Client acknowledged shutdown request.
2024-01-19 13:54:15.339 [09] - INFO: Disconnecting from client communication host.
2024-01-19 13:54:15.347 [09] - DEBUG: [ClientProxy] Communication channel is closing...
2024-01-19 13:54:15.351 [09] - DEBUG: [ClientProxy] Communication channel has been closed.
2024-01-19 13:54:15.352 [09] - DEBUG: [ClientProxy] Disconnected from 'net.pipe://localhost/safeexambrowser/client/d44e099f-33bc-484f-a1f6-88962d0e2e30'.
2024-01-19 13:54:15.353 [09] - INFO: Waiting for client to disconnect from runtime communication host...
2024-01-19 13:54:16.104 [14] - DEBUG: [RuntimeHost] Received disconnection request with message 'DisconnectionMessage'.
2024-01-19 13:54:16.105 [09] - INFO: Waiting for client process to terminate...
2024-01-19 13:54:16.186 [20] - DEBUG: [Process 'SafeExamBrowser.Client.exe' (19208)] Process has terminated.
2024-01-19 13:54:16.186 [09] - INFO: Client has been successfully terminated.
2024-01-19 13:54:16.188 [09] - INFO: Reverting kiosk mode 'CreateNewDesktop'...
2024-01-19 13:54:16.190 [09] - INFO: [DesktopMonitor] Stopped monitoring desktop 'DQxPNwNreRFvue' [5255].
2024-01-19 13:54:16.205 [09] - INFO: Switched back to original desktop 'Default' [272].
2024-01-19 13:54:16.213 [09] - INFO: Closed custom desktop 'DQxPNwNreRFvue' [5255].
2024-01-19 13:54:16.215 [09] - INFO: Finalizing service...
2024-01-19 13:54:16.218 [09] - INFO: ### --------------------------------------- Session Terminated --------------------------------------- ###

2024-01-19 13:54:16.313 [09] - INFO: Initiating shutdown procedure...
2024-01-19 13:54:16.313 [09] - INFO: Stopping communication host...
2024-01-19 13:54:16.315 [09] - DEBUG: [RuntimeHost] Communication host is closing...
2024-01-19 13:54:16.320 [09] - DEBUG: [RuntimeHost] Communication host has been closed.
2024-01-19 13:54:16.321 [09] - DEBUG: [RuntimeHost] Terminated communication host for endpoint 'net.pipe://localhost/safeexambrowser/runtime/2b7ed86e-eef0-4f5c-9943-9053e5e4e444'.
2024-01-19 13:54:16.321 [09] - INFO: Application successfully finalized.

# Application terminated at 2024-01-19 13:54:16.417
