/* Safe Exam Browser, Version 3.6.0 (x64), Build 3.6.0.633
/* Copyright © 2023 ETH Zürich, Educational Development and Technology (LET)
/* 
/* Please visit https://www.github.com/SafeExamBrowser for more information.

# Application started at 2024-01-19 08:04:03.306
# Running on Windows 11, Microsoft Windows NT 10.0.22621.0 (x64)
# Computer 'PASCALSLAPTOP' is a Nitro 5 Nitro AN515-55 manufactured by Acer
# Runtime-ID: ebb7f7b0-7626-4470-ae97-a09b3c2b695f

2024-01-19 08:04:05.358 [09] - INFO: Initiating startup procedure...
2024-01-19 08:04:05.446 [09] - INFO: Loading text data...
2024-01-19 08:04:05.446 [09] - DEBUG: [Text] System language is 'en', trying to load data...
2024-01-19 08:04:05.461 [09] - DEBUG: [Text] Data successfully loaded.
2024-01-19 08:04:05.461 [09] - INFO: Starting communication host...
2024-01-19 08:04:05.503 [06] - DEBUG: [RuntimeHost] Communication host is opening...
2024-01-19 08:04:05.541 [06] - DEBUG: [RuntimeHost] Communication host has been opened.
2024-01-19 08:04:05.541 [06] - DEBUG: [RuntimeHost] Successfully started communication host for endpoint 'net.pipe://localhost/safeexambrowser/runtime/88bcdada-49dc-4e01-b3a9-6aa8ffdeb116'.
2024-01-19 08:04:05.542 [09] - INFO: Attempting to verify application integrity...
2024-01-19 08:04:09.411 [09] - INFO: Application integrity successfully verified.
2024-01-19 08:04:09.413 [09] - INFO: Application successfully initialized.

2024-01-19 08:04:09.436 [09] - INFO: ### ------------------------------------ Session Start Procedure ------------------------------------- ###
2024-01-19 08:04:09.441 [09] - INFO: Initializing new session configuration...
2024-01-19 08:04:09.444 [09] - INFO:  -> Client-ID: 360bad56-89f8-4538-b3d9-d89889fa915a
2024-01-19 08:04:09.454 [09] - INFO:  -> Runtime-ID: ebb7f7b0-7626-4470-ae97-a09b3c2b695f
2024-01-19 08:04:09.454 [09] - INFO:  -> Session-ID: f62f73e9-2d41-48f1-9a92-c3322890ba31
2024-01-19 08:04:09.454 [09] - INFO: Initializing application configuration...
2024-01-19 08:04:09.454 [09] - INFO: Found command-line argument for configuration resource: 'sebs://elearning.ohmportal.de/mod/quiz/accessrule/seb/config.php?cmid=117917', the URI is valid.
2024-01-19 08:04:09.469 [09] - INFO: [ConfigurationRepository] Initialized default settings, now attempting to load 'sebs://elearning.ohmportal.de/mod/quiz/accessrule/seb/config.php?cmid=117917'...
2024-01-19 08:04:09.469 [09] - DEBUG: [FileResourceLoader] Can't load 'sebs://elearning.ohmportal.de/mod/quiz/accessrule/seb/config.php?cmid=117917' as it isn't an existing file.
2024-01-19 08:04:09.485 [09] - DEBUG: [NetworkResourceLoader] Sending HEAD request for 'https://elearning.ohmportal.de/mod/quiz/accessrule/seb/config.php?cmid=117917'...
2024-01-19 08:04:09.784 [09] - DEBUG: [NetworkResourceLoader] Received response '200 - OK'.
2024-01-19 08:04:09.784 [09] - DEBUG: [NetworkResourceLoader] Can load 'sebs://elearning.ohmportal.de/mod/quiz/accessrule/seb/config.php?cmid=117917' as it references an existing network resource.
2024-01-19 08:04:09.784 [09] - DEBUG: [NetworkResourceLoader] Sending GET request for 'https://elearning.ohmportal.de/mod/quiz/accessrule/seb/config.php?cmid=117917'...
2024-01-19 08:04:10.051 [09] - DEBUG: [NetworkResourceLoader] Received response '200 - OK'.
2024-01-19 08:04:10.051 [09] - DEBUG: [NetworkResourceLoader] The  response data is HTML.
2024-01-19 08:04:10.066 [09] - INFO: [ConfigurationRepository] Tried to load data from 'sebs://elearning.ohmportal.de/mod/quiz/accessrule/seb/config.php?cmid=117917' using NetworkResourceLoader -> Result: LoadWithBrowser.
2024-01-19 08:04:10.066 [09] - INFO: The configuration resource needs authentication or is a webpage, using 'sebs://elearning.ohmportal.de/mod/quiz/accessrule/seb/config.php?cmid=117917' as start URL for the browser.
2024-01-19 08:04:10.066 [09] - INFO: The configuration was successful.
2024-01-19 08:04:10.082 [09] - INFO: Validating version restrictions...
2024-01-19 08:04:10.082 [09] - INFO: There are no version restrictions for the configuration.
2024-01-19 08:04:10.082 [09] - INFO: Remote proctoring is disabled, skipping disclaimer.
2024-01-19 08:04:10.082 [09] - INFO: Validating remote session policy...
2024-01-19 08:04:10.098 [09] - DEBUG: [RemoteSessionDetector] System appears not to be running in a remote session.
2024-01-19 08:04:10.098 [09] - INFO: Attempting to verify cursor configuration...
2024-01-19 08:04:10.098 [09] - INFO: Cursor configuration successfully verified.
2024-01-19 08:04:10.098 [09] - INFO: Attempting to verify ease of access configuration...
2024-01-19 08:04:10.098 [09] - INFO: Ease of access configuration successfully verified.
2024-01-19 08:04:10.098 [09] - INFO: Validating virtual machine policy...
2024-01-19 08:04:10.113 [09] - INFO: Validating display configuration...
2024-01-19 08:04:10.148 [09] - INFO: [DisplayMonitor] Detected active, internal display 'DISPLAY\NCP004D\4&fcd0332&0&UID265988_0' connected via 'Internal'.
2024-01-19 08:04:10.148 [09] - INFO: [DisplayMonitor] Detected 1 active displays, 10 are allowed.
2024-01-19 08:04:10.148 [09] - INFO: Display configuration is allowed.
2024-01-19 08:04:10.148 [09] - INFO: Initializing service...
2024-01-19 08:04:10.161 [09] - INFO: The service will be ignored for the next session.
2024-01-19 08:04:10.161 [09] - INFO: Initializing kiosk mode 'CreateNewDesktop'...
2024-01-19 08:04:10.161 [09] - DEBUG: [DesktopFactory] Found desktop handle for thread with ID = 23460. Attempting to get desktop name...
2024-01-19 08:04:10.161 [09] - DEBUG: [DesktopFactory] Successfully determined current desktop 'Default' [284].
2024-01-19 08:04:10.161 [09] - INFO: Current desktop is 'Default' [284].
2024-01-19 08:04:10.161 [09] - DEBUG: [DesktopFactory] Attempting to create random desktop...
2024-01-19 08:04:10.176 [09] - DEBUG: [DesktopFactory] Successfully created random desktop 'WiZmpuppRemgIhKSjHG' [6451].
2024-01-19 08:04:10.176 [09] - INFO: Created custom desktop 'WiZmpuppRemgIhKSjHG' [6451].
2024-01-19 08:04:10.207 [09] - INFO: Successfully activated custom desktop.
2024-01-19 08:04:10.223 [09] - INFO: [DesktopMonitor] Started monitoring desktop 'WiZmpuppRemgIhKSjHG' [6451].
2024-01-19 08:04:10.223 [09] - INFO: Starting new client process...
2024-01-19 08:04:10.223 [09] - INFO: [ProcessFactory] Attempting to start process 'C:\Program Files\SafeExamBrowser\Application\SafeExamBrowser.Client.exe'...
2024-01-19 08:04:10.474 [09] - INFO: [ProcessFactory] Successfully started process 'C:\Program Files\SafeExamBrowser\Application\SafeExamBrowser.Client.exe' with ID = 20548.
2024-01-19 08:04:10.474 [09] - DEBUG: [Process 'SafeExamBrowser.Client.exe' (20548)] Initialized termination event.
2024-01-19 08:04:10.474 [09] - INFO: Waiting for client to complete initialization...
2024-01-19 08:04:12.342 [15] - DEBUG: [RuntimeHost] Received connection request with authentication token '76b6d5ab-94b5-4faf-8361-be6fc37afe21'.
2024-01-19 08:04:12.342 [15] - DEBUG: [RuntimeHost] Accepted connection request.
2024-01-19 08:04:12.374 [17] - DEBUG: [RuntimeHost] Received message 'SimpleMessage -> ConfigurationNeeded', sending response 'ConfigurationResponse'.
2024-01-19 08:04:15.025 [15] - DEBUG: [RuntimeHost] Received message 'SimpleMessage -> ClientIsReady', sending response 'SimpleResponse -> Acknowledged'.
2024-01-19 08:04:15.025 [09] - INFO: Client has been successfully started and initialized. Creating communication proxy for client host...
2024-01-19 08:04:15.025 [09] - DEBUG: [ClientProxy] Trying to connect to endpoint 'net.pipe://localhost/safeexambrowser/client/e7a2ef54-5f20-4b6e-83c1-8be2c8c8444a' with authentication token '76b6d5ab-94b5-4faf-8361-be6fc37afe21'...
2024-01-19 08:04:15.025 [09] - DEBUG: [ClientProxy] Communication channel is opening...
2024-01-19 08:04:15.088 [09] - DEBUG: [ClientProxy] Communication channel has been opened.
2024-01-19 08:04:15.103 [09] - DEBUG: [ClientProxy] Connection was established.
2024-01-19 08:04:15.103 [09] - INFO: Connection with client has been established. Requesting authentication...
2024-01-19 08:04:15.103 [09] - DEBUG: [ClientProxy] Sending message 'SimpleMessage -> Authenticate'...
2024-01-19 08:04:15.119 [09] - DEBUG: [ClientProxy] Received response 'AuthenticationResponse' for message 'SimpleMessage -> Authenticate'.
2024-01-19 08:04:15.119 [09] - DEBUG: [ClientProxy] Received authentication response.
2024-01-19 08:04:15.119 [09] - INFO: Authentication of client has been successful, client is ready to operate.
2024-01-19 08:04:15.119 [09] - INFO: Successfully started new client instance.
2024-01-19 08:04:15.135 [09] - INFO: Successfully activated first session 'f62f73e9-2d41-48f1-9a92-c3322890ba31'.
2024-01-19 08:04:15.135 [09] - INFO: ### ---------------------------------------- Session Running ----------------------------------------- ###
2024-01-19 08:04:43.197 [23] - INFO: Accepted request for reconfiguration with 'C:\Users\pasca\AppData\Local\SafeExamBrowser\Temp\config.seb'.
2024-01-19 08:04:43.197 [15] - DEBUG: [RuntimeHost] Received message 'ReconfigurationMessage', sending response 'SimpleResponse -> Acknowledged'.
2024-01-19 08:04:43.205 [23] - INFO: ### ------------------------------------ Session Start Procedure ------------------------------------- ###
2024-01-19 08:04:43.208 [23] - INFO: Initializing new session configuration...
2024-01-19 08:04:43.209 [23] - INFO:  -> Client-ID: 137bb2a9-33ca-45cd-8a45-42217ec8f4c8
2024-01-19 08:04:43.210 [23] - INFO:  -> Runtime-ID: ebb7f7b0-7626-4470-ae97-a09b3c2b695f
2024-01-19 08:04:43.211 [23] - INFO:  -> Session-ID: ffa4408a-5b56-4ab1-8afe-b317f3bfaa24
2024-01-19 08:04:43.212 [23] - INFO: Initializing new application configuration...
2024-01-19 08:04:43.213 [23] - INFO: [ConfigurationRepository] Initialized default settings, now attempting to load 'file:///C:/Users/pasca/AppData/Local/SafeExamBrowser/Temp/config.seb'...
2024-01-19 08:04:43.215 [23] - DEBUG: [FileResourceLoader] Can load 'file:///C:/Users/pasca/AppData/Local/SafeExamBrowser/Temp/config.seb' as it is an existing file.
2024-01-19 08:04:43.216 [23] - DEBUG: [FileResourceLoader] Loading data from 'file:///C:/Users/pasca/AppData/Local/SafeExamBrowser/Temp/config.seb'...
2024-01-19 08:04:43.217 [23] - DEBUG: [FileResourceLoader] Created 'System.IO.FileStream' for 0,923 KB data in 'file:///C:/Users/pasca/AppData/Local/SafeExamBrowser/Temp/config.seb'.
2024-01-19 08:04:43.217 [23] - INFO: [ConfigurationRepository] Tried to load data from 'file:///C:/Users/pasca/AppData/Local/SafeExamBrowser/Temp/config.seb' using FileResourceLoader -> Result: Success.
2024-01-19 08:04:43.222 [23] - DEBUG: [BinaryParser] 'System.IO.FileStream' starting with '<?xm' does not match the Binary format.
2024-01-19 08:04:43.224 [23] - DEBUG: [XmlParser] 'System.IO.FileStream' starting with '<?xm' matches the Xml format.
2024-01-19 08:04:43.228 [23] - DEBUG: [XmlParser] Found root node, starting to parse data...
2024-01-19 08:04:43.234 [23] - DEBUG: [XmlParser] Finished parsing -> Result: Success.
2024-01-19 08:04:43.235 [23] - INFO: [ConfigurationRepository] Tried to parse data from 'System.IO.FileStream' using XmlParser -> Result: Success.
2024-01-19 08:04:43.262 [23] - INFO: Deleted temporary configuration file 'file:///C:/Users/pasca/AppData/Local/SafeExamBrowser/Temp/config.seb'.
2024-01-19 08:04:43.263 [23] - INFO: The configuration was successful.
2024-01-19 08:04:43.264 [23] - INFO: Validating version restrictions...
2024-01-19 08:04:43.265 [23] - INFO: There are no version restrictions for the configuration.
2024-01-19 08:04:43.267 [23] - INFO: Remote proctoring is disabled, skipping disclaimer.
2024-01-19 08:04:43.267 [23] - INFO: Validating remote session policy...
2024-01-19 08:04:43.267 [23] - DEBUG: [RemoteSessionDetector] System appears not to be running in a remote session.
2024-01-19 08:04:43.268 [23] - INFO: Attempting to verify cursor configuration...
2024-01-19 08:04:43.269 [23] - INFO: Cursor configuration successfully verified.
2024-01-19 08:04:43.270 [23] - INFO: Attempting to verify ease of access configuration...
2024-01-19 08:04:43.270 [23] - INFO: Ease of access configuration successfully verified.
2024-01-19 08:04:43.271 [23] - INFO: Validating virtual machine policy...
2024-01-19 08:04:43.280 [23] - DEBUG: [VirtualMachineDetector] Computer 'PASCALSLAPTOP' appears not to be a virtual machine.
2024-01-19 08:04:43.281 [23] - INFO: Validating display configuration...
2024-01-19 08:04:43.294 [23] - INFO: [DisplayMonitor] Detected active, internal display 'DISPLAY\NCP004D\4&fcd0332&0&UID265988_0' connected via 'Internal'.
2024-01-19 08:04:43.294 [23] - INFO: [DisplayMonitor] Detected 1 active displays, 1 are allowed.
2024-01-19 08:04:43.295 [23] - INFO: Display configuration is allowed.
2024-01-19 08:04:43.296 [23] - INFO: Initializing service...
2024-01-19 08:04:43.296 [23] - INFO: The service will be ignored for the next session.
2024-01-19 08:04:43.300 [23] - INFO: Instructing client to initiate shutdown procedure.
2024-01-19 08:04:43.301 [23] - DEBUG: [ClientProxy] Sending message 'SimpleMessage -> Shutdown'...
2024-01-19 08:04:43.305 [23] - DEBUG: [ClientProxy] Received response 'SimpleResponse -> Acknowledged' for message 'SimpleMessage -> Shutdown'.
2024-01-19 08:04:43.307 [23] - DEBUG: [ClientProxy] Client acknowledged shutdown request.
2024-01-19 08:04:43.308 [23] - INFO: Disconnecting from client communication host.
2024-01-19 08:04:43.317 [23] - DEBUG: [ClientProxy] Communication channel is closing...
2024-01-19 08:04:43.319 [23] - DEBUG: [ClientProxy] Communication channel has been closed.
2024-01-19 08:04:43.319 [23] - DEBUG: [ClientProxy] Disconnected from 'net.pipe://localhost/safeexambrowser/client/e7a2ef54-5f20-4b6e-83c1-8be2c8c8444a'.
2024-01-19 08:04:43.320 [23] - INFO: Waiting for client to disconnect from runtime communication host...
2024-01-19 08:04:44.047 [14] - DEBUG: [RuntimeHost] Received disconnection request with message 'DisconnectionMessage'.
2024-01-19 08:04:44.048 [23] - INFO: Waiting for client process to terminate...
2024-01-19 08:04:44.146 [14] - DEBUG: [Process 'SafeExamBrowser.Client.exe' (20548)] Process has terminated.
2024-01-19 08:04:44.146 [23] - INFO: Client has been successfully terminated.
2024-01-19 08:04:44.146 [23] - INFO: New kiosk mode 'CreateNewDesktop' is the same as the currently active mode, skipping re-initialization...
2024-01-19 08:04:44.161 [23] - INFO: Starting new client process...
2024-01-19 08:04:44.161 [23] - INFO: [ProcessFactory] Attempting to start process 'C:\Program Files\SafeExamBrowser\Application\SafeExamBrowser.Client.exe'...
2024-01-19 08:04:44.256 [23] - INFO: [ProcessFactory] Successfully started process 'C:\Program Files\SafeExamBrowser\Application\SafeExamBrowser.Client.exe' with ID = 5104.
2024-01-19 08:04:44.256 [23] - DEBUG: [Process 'SafeExamBrowser.Client.exe' (5104)] Initialized termination event.
2024-01-19 08:04:44.256 [23] - INFO: Waiting for client to complete initialization...
2024-01-19 08:04:46.047 [14] - DEBUG: [RuntimeHost] Received connection request with authentication token '390f9887-03a2-4628-a4d4-02056d4cdd97'.
2024-01-19 08:04:46.047 [14] - DEBUG: [RuntimeHost] Accepted connection request.
2024-01-19 08:04:46.062 [19] - DEBUG: [RuntimeHost] Received message 'SimpleMessage -> ConfigurationNeeded', sending response 'ConfigurationResponse'.
2024-01-19 08:04:50.318 [14] - DEBUG: [RuntimeHost] Received message 'SimpleMessage -> ClientIsReady', sending response 'SimpleResponse -> Acknowledged'.
2024-01-19 08:04:50.318 [23] - INFO: Client has been successfully started and initialized. Creating communication proxy for client host...
2024-01-19 08:04:50.329 [23] - DEBUG: [ClientProxy] Trying to connect to endpoint 'net.pipe://localhost/safeexambrowser/client/b44f0b5d-7efa-4bd3-a5f3-00a7d7916f00' with authentication token '390f9887-03a2-4628-a4d4-02056d4cdd97'...
2024-01-19 08:04:50.329 [23] - DEBUG: [ClientProxy] Communication channel is opening...
2024-01-19 08:04:50.365 [23] - DEBUG: [ClientProxy] Communication channel has been opened.
2024-01-19 08:04:50.381 [23] - DEBUG: [ClientProxy] Connection was established.
2024-01-19 08:04:50.381 [23] - INFO: Connection with client has been established. Requesting authentication...
2024-01-19 08:04:50.381 [23] - DEBUG: [ClientProxy] Sending message 'SimpleMessage -> Authenticate'...
2024-01-19 08:04:50.396 [23] - DEBUG: [ClientProxy] Received response 'AuthenticationResponse' for message 'SimpleMessage -> Authenticate'.
2024-01-19 08:04:50.396 [23] - DEBUG: [ClientProxy] Received authentication response.
2024-01-19 08:04:50.396 [23] - INFO: Authentication of client has been successful, client is ready to operate.
2024-01-19 08:04:50.396 [23] - INFO: Successfully started new client instance.
2024-01-19 08:04:50.396 [23] - INFO: Successfully terminated old session 'f62f73e9-2d41-48f1-9a92-c3322890ba31' and activated new session 'ffa4408a-5b56-4ab1-8afe-b317f3bfaa24'.
2024-01-19 08:04:50.396 [23] - INFO: ### ---------------------------------------- Session Running ----------------------------------------- ###
2024-01-19 08:05:18.051 [19] - INFO: Received shutdown request from the client application.
2024-01-19 08:05:18.052 [19] - DEBUG: [RuntimeHost] Received message 'SimpleMessage -> RequestShutdown', sending response 'SimpleResponse -> Acknowledged'.
2024-01-19 08:05:18.056 [09] - INFO: ### ------------------------------------- Session Stop Procedure ------------------------------------- ###
2024-01-19 08:05:18.058 [09] - INFO: Instructing client to initiate shutdown procedure.
2024-01-19 08:05:18.060 [09] - DEBUG: [ClientProxy] Sending message 'SimpleMessage -> Shutdown'...
2024-01-19 08:05:18.064 [09] - DEBUG: [ClientProxy] Received response 'SimpleResponse -> Acknowledged' for message 'SimpleMessage -> Shutdown'.
2024-01-19 08:05:18.066 [09] - DEBUG: [ClientProxy] Client acknowledged shutdown request.
2024-01-19 08:05:18.067 [09] - INFO: Disconnecting from client communication host.
2024-01-19 08:05:18.078 [09] - DEBUG: [ClientProxy] Communication channel is closing...
2024-01-19 08:05:18.080 [09] - DEBUG: [ClientProxy] Communication channel has been closed.
2024-01-19 08:05:18.081 [09] - DEBUG: [ClientProxy] Disconnected from 'net.pipe://localhost/safeexambrowser/client/b44f0b5d-7efa-4bd3-a5f3-00a7d7916f00'.
2024-01-19 08:05:18.082 [09] - INFO: Waiting for client to disconnect from runtime communication host...
2024-01-19 08:05:18.917 [17] - DEBUG: [RuntimeHost] Received disconnection request with message 'DisconnectionMessage'.
2024-01-19 08:05:18.918 [09] - INFO: Waiting for client process to terminate...
2024-01-19 08:05:19.002 [19] - DEBUG: [Process 'SafeExamBrowser.Client.exe' (5104)] Process has terminated.
2024-01-19 08:05:19.002 [09] - INFO: Client has been successfully terminated.
2024-01-19 08:05:19.004 [09] - INFO: Reverting kiosk mode 'CreateNewDesktop'...
2024-01-19 08:05:19.006 [09] - INFO: [DesktopMonitor] Stopped monitoring desktop 'WiZmpuppRemgIhKSjHG' [6451].
2024-01-19 08:05:19.018 [09] - INFO: Switched back to original desktop 'Default' [284].
2024-01-19 08:05:19.036 [09] - INFO: Closed custom desktop 'WiZmpuppRemgIhKSjHG' [6451].
2024-01-19 08:05:19.039 [09] - INFO: Finalizing service...
2024-01-19 08:05:19.043 [09] - INFO: ### --------------------------------------- Session Terminated --------------------------------------- ###

2024-01-19 08:05:19.157 [09] - INFO: Initiating shutdown procedure...
2024-01-19 08:05:19.159 [09] - INFO: Stopping communication host...
2024-01-19 08:05:19.160 [09] - DEBUG: [RuntimeHost] Communication host is closing...
2024-01-19 08:05:19.168 [09] - DEBUG: [RuntimeHost] Communication host has been closed.
2024-01-19 08:05:19.168 [09] - DEBUG: [RuntimeHost] Terminated communication host for endpoint 'net.pipe://localhost/safeexambrowser/runtime/88bcdada-49dc-4e01-b3a9-6aa8ffdeb116'.
2024-01-19 08:05:19.169 [09] - INFO: Application successfully finalized.

# Application terminated at 2024-01-19 08:05:19.222
