/* Safe Exam Browser, Version 3.6.0 (x64), Build 3.6.0.633
/* Copyright © 2023 ETH Zürich, Educational Development and Technology (LET)
/* 
/* Please visit https://www.github.com/SafeExamBrowser for more information.

# Application started at 2024-01-12 14:46:38.422
# Running on Windows 11, Microsoft Windows NT 10.0.22621.0 (x64)
# Computer 'PASCALSLAPTOP' is a Nitro 5 Nitro AN515-55 manufactured by Acer
# Runtime-ID: 54269d16-09b1-4f82-b2de-c2203411a8d1

2024-01-12 14:46:40.094 [09] - INFO: Initiating startup procedure...
2024-01-12 14:46:40.176 [09] - INFO: Loading text data...
2024-01-12 14:46:40.176 [09] - DEBUG: [Text] System language is 'en', trying to load data...
2024-01-12 14:46:40.183 [09] - DEBUG: [Text] Data successfully loaded.
2024-01-12 14:46:40.183 [09] - INFO: Starting communication host...
2024-01-12 14:46:40.223 [06] - DEBUG: [RuntimeHost] Communication host is opening...
2024-01-12 14:46:40.264 [06] - DEBUG: [RuntimeHost] Communication host has been opened.
2024-01-12 14:46:40.264 [06] - DEBUG: [RuntimeHost] Successfully started communication host for endpoint 'net.pipe://localhost/safeexambrowser/runtime/88b2b07a-a79a-4b09-b49c-249cb330f23f'.
2024-01-12 14:46:40.265 [09] - INFO: Attempting to verify application integrity...
2024-01-12 14:46:40.376 [09] - INFO: Application integrity successfully verified.
2024-01-12 14:46:40.378 [09] - INFO: Application successfully initialized.

2024-01-12 14:46:40.393 [09] - INFO: ### ------------------------------------ Session Start Procedure ------------------------------------- ###
2024-01-12 14:46:40.397 [09] - INFO: Initializing new session configuration...
2024-01-12 14:46:40.398 [09] - INFO:  -> Client-ID: 302efd1a-7739-49f9-a965-f1d344885c5a
2024-01-12 14:46:40.399 [09] - INFO:  -> Runtime-ID: 54269d16-09b1-4f82-b2de-c2203411a8d1
2024-01-12 14:46:40.400 [09] - INFO:  -> Session-ID: d8a7b771-51d5-49cb-ad04-2724696da57d
2024-01-12 14:46:40.401 [09] - INFO: Initializing application configuration...
2024-01-12 14:46:40.403 [09] - INFO: Found command-line argument for configuration resource: 'sebs://elearning.ohmportal.de/mod/quiz/accessrule/seb/config.php?cmid=117917', the URI is valid.
2024-01-12 14:46:40.405 [09] - INFO: [ConfigurationRepository] Initialized default settings, now attempting to load 'sebs://elearning.ohmportal.de/mod/quiz/accessrule/seb/config.php?cmid=117917'...
2024-01-12 14:46:40.420 [09] - DEBUG: [FileResourceLoader] Can't load 'sebs://elearning.ohmportal.de/mod/quiz/accessrule/seb/config.php?cmid=117917' as it isn't an existing file.
2024-01-12 14:46:40.420 [09] - DEBUG: [NetworkResourceLoader] Sending HEAD request for 'https://elearning.ohmportal.de/mod/quiz/accessrule/seb/config.php?cmid=117917'...
2024-01-12 14:46:40.733 [09] - DEBUG: [NetworkResourceLoader] Received response '200 - OK'.
2024-01-12 14:46:40.733 [09] - DEBUG: [NetworkResourceLoader] Can load 'sebs://elearning.ohmportal.de/mod/quiz/accessrule/seb/config.php?cmid=117917' as it references an existing network resource.
2024-01-12 14:46:40.733 [09] - DEBUG: [NetworkResourceLoader] Sending GET request for 'https://elearning.ohmportal.de/mod/quiz/accessrule/seb/config.php?cmid=117917'...
2024-01-12 14:46:40.967 [09] - DEBUG: [NetworkResourceLoader] Received response '200 - OK'.
2024-01-12 14:46:40.967 [09] - DEBUG: [NetworkResourceLoader] The  response data is HTML.
2024-01-12 14:46:40.983 [09] - INFO: [ConfigurationRepository] Tried to load data from 'sebs://elearning.ohmportal.de/mod/quiz/accessrule/seb/config.php?cmid=117917' using NetworkResourceLoader -> Result: LoadWithBrowser.
2024-01-12 14:46:40.983 [09] - INFO: The configuration resource needs authentication or is a webpage, using 'sebs://elearning.ohmportal.de/mod/quiz/accessrule/seb/config.php?cmid=117917' as start URL for the browser.
2024-01-12 14:46:40.983 [09] - INFO: The configuration was successful.
2024-01-12 14:46:40.998 [09] - INFO: Validating version restrictions...
2024-01-12 14:46:40.998 [09] - INFO: There are no version restrictions for the configuration.
2024-01-12 14:46:40.998 [09] - INFO: Remote proctoring is disabled, skipping disclaimer.
2024-01-12 14:46:41.014 [09] - INFO: Validating remote session policy...
2024-01-12 14:46:41.014 [09] - DEBUG: [RemoteSessionDetector] System appears not to be running in a remote session.
2024-01-12 14:46:41.030 [09] - INFO: Attempting to verify cursor configuration...
2024-01-12 14:46:41.030 [09] - INFO: Cursor configuration successfully verified.
2024-01-12 14:46:41.030 [09] - INFO: Attempting to verify ease of access configuration...
2024-01-12 14:46:41.045 [09] - INFO: Ease of access configuration successfully verified.
2024-01-12 14:46:41.045 [09] - INFO: Validating virtual machine policy...
2024-01-12 14:46:41.045 [09] - INFO: Validating display configuration...
2024-01-12 14:46:41.092 [09] - INFO: [DisplayMonitor] Detected active, internal display 'DISPLAY\NCP004D\4&fcd0332&0&UID265988_0' connected via 'Internal'.
2024-01-12 14:46:41.108 [09] - INFO: [DisplayMonitor] Detected 1 active displays, 10 are allowed.
2024-01-12 14:46:41.108 [09] - INFO: Display configuration is allowed.
2024-01-12 14:46:41.108 [09] - INFO: Initializing service...
2024-01-12 14:46:41.108 [09] - INFO: The service will be ignored for the next session.
2024-01-12 14:46:41.108 [09] - INFO: Initializing kiosk mode 'CreateNewDesktop'...
2024-01-12 14:46:41.123 [09] - DEBUG: [DesktopFactory] Found desktop handle for thread with ID = 16120. Attempting to get desktop name...
2024-01-12 14:46:41.123 [09] - DEBUG: [DesktopFactory] Successfully determined current desktop 'Default' [312].
2024-01-12 14:46:41.123 [09] - INFO: Current desktop is 'Default' [312].
2024-01-12 14:46:41.139 [09] - DEBUG: [DesktopFactory] Attempting to create random desktop...
2024-01-12 14:46:41.139 [09] - DEBUG: [DesktopFactory] Successfully created random desktop 'LcynJjiRIGtmeraHAnp' [2495].
2024-01-12 14:46:41.139 [09] - INFO: Created custom desktop 'LcynJjiRIGtmeraHAnp' [2495].
2024-01-12 14:46:41.202 [09] - INFO: Successfully activated custom desktop.
2024-01-12 14:46:41.217 [09] - INFO: [DesktopMonitor] Started monitoring desktop 'LcynJjiRIGtmeraHAnp' [2495].
2024-01-12 14:46:41.217 [09] - INFO: Starting new client process...
2024-01-12 14:46:41.217 [09] - INFO: [ProcessFactory] Attempting to start process 'C:\Program Files\SafeExamBrowser\Application\SafeExamBrowser.Client.exe'...
2024-01-12 14:46:41.311 [09] - INFO: [ProcessFactory] Successfully started process 'C:\Program Files\SafeExamBrowser\Application\SafeExamBrowser.Client.exe' with ID = 7912.
2024-01-12 14:46:41.311 [09] - DEBUG: [Process 'SafeExamBrowser.Client.exe' (7912)] Initialized termination event.
2024-01-12 14:46:41.311 [09] - INFO: Waiting for client to complete initialization...
2024-01-12 14:46:43.037 [16] - DEBUG: [RuntimeHost] Received connection request with authentication token '9efa83e8-a71f-45fc-abdb-af30fcdf1b77'.
2024-01-12 14:46:43.037 [16] - DEBUG: [RuntimeHost] Accepted connection request.
2024-01-12 14:46:43.068 [14] - DEBUG: [RuntimeHost] Received message 'SimpleMessage -> ConfigurationNeeded', sending response 'ConfigurationResponse'.
2024-01-12 14:46:44.615 [16] - DEBUG: [RuntimeHost] Received message 'SimpleMessage -> ClientIsReady', sending response 'SimpleResponse -> Acknowledged'.
2024-01-12 14:46:44.615 [09] - INFO: Client has been successfully started and initialized. Creating communication proxy for client host...
2024-01-12 14:46:44.615 [09] - DEBUG: [ClientProxy] Trying to connect to endpoint 'net.pipe://localhost/safeexambrowser/client/34324e08-c4f4-4787-85b3-8a13c7eae69a' with authentication token '9efa83e8-a71f-45fc-abdb-af30fcdf1b77'...
2024-01-12 14:46:44.631 [09] - DEBUG: [ClientProxy] Communication channel is opening...
2024-01-12 14:46:44.693 [09] - DEBUG: [ClientProxy] Communication channel has been opened.
2024-01-12 14:46:44.709 [09] - DEBUG: [ClientProxy] Connection was established.
2024-01-12 14:46:44.709 [09] - INFO: Connection with client has been established. Requesting authentication...
2024-01-12 14:46:44.724 [09] - DEBUG: [ClientProxy] Sending message 'SimpleMessage -> Authenticate'...
2024-01-12 14:46:44.740 [09] - DEBUG: [ClientProxy] Received response 'AuthenticationResponse' for message 'SimpleMessage -> Authenticate'.
2024-01-12 14:46:44.740 [09] - DEBUG: [ClientProxy] Received authentication response.
2024-01-12 14:46:44.740 [09] - INFO: Authentication of client has been successful, client is ready to operate.
2024-01-12 14:46:44.740 [09] - INFO: Successfully started new client instance.
2024-01-12 14:46:44.740 [09] - INFO: Successfully activated first session 'd8a7b771-51d5-49cb-ad04-2724696da57d'.
2024-01-12 14:46:44.740 [09] - INFO: ### ---------------------------------------- Session Running ----------------------------------------- ###
2024-01-12 14:47:06.744 [14] - INFO: Received shutdown request from the client application.
2024-01-12 14:47:06.745 [14] - DEBUG: [RuntimeHost] Received message 'SimpleMessage -> RequestShutdown', sending response 'SimpleResponse -> Acknowledged'.
2024-01-12 14:47:06.751 [23] - INFO: ### ------------------------------------- Session Stop Procedure ------------------------------------- ###
2024-01-12 14:47:06.758 [23] - INFO: Instructing client to initiate shutdown procedure.
2024-01-12 14:47:06.759 [23] - DEBUG: [ClientProxy] Sending message 'SimpleMessage -> Shutdown'...
2024-01-12 14:47:06.764 [23] - DEBUG: [ClientProxy] Received response 'SimpleResponse -> Acknowledged' for message 'SimpleMessage -> Shutdown'.
2024-01-12 14:47:06.767 [23] - DEBUG: [ClientProxy] Client acknowledged shutdown request.
2024-01-12 14:47:06.768 [23] - INFO: Disconnecting from client communication host.
2024-01-12 14:47:06.785 [23] - DEBUG: [ClientProxy] Communication channel is closing...
2024-01-12 14:47:06.787 [23] - DEBUG: [ClientProxy] Communication channel has been closed.
2024-01-12 14:47:06.788 [23] - DEBUG: [ClientProxy] Disconnected from 'net.pipe://localhost/safeexambrowser/client/34324e08-c4f4-4787-85b3-8a13c7eae69a'.
2024-01-12 14:47:06.789 [23] - INFO: Waiting for client to disconnect from runtime communication host...
2024-01-12 14:47:21.790 [23] - ERROR: Client failed to disconnect within 15 seconds!
2024-01-12 14:47:21.791 [23] - INFO: Waiting for client process to terminate...
2024-01-12 14:47:36.791 [23] - ERROR: Client failed to terminate within 15 seconds!
2024-01-12 14:47:36.794 [23] - WARNING: Attempting to kill client process since graceful termination failed!
2024-01-12 14:47:36.798 [23] - INFO: Attempt 1/5 to kill client process with ID = 7912.
2024-01-12 14:47:36.800 [23] - DEBUG: [Process 'SafeExamBrowser.Client.exe' (7912)] Attempting to kill process...
2024-01-12 14:47:36.932 [23] - DEBUG: [Process 'SafeExamBrowser.Client.exe' (7912)] Process has terminated.
2024-01-12 14:47:36.933 [23] - DEBUG: [Process 'SafeExamBrowser.Client.exe' (7912)] Process has terminated within 500ms.
2024-01-12 14:47:36.934 [23] - INFO: Client process has terminated.
2024-01-12 14:47:36.935 [23] - INFO: Reverting kiosk mode 'CreateNewDesktop'...
2024-01-12 14:47:36.936 [23] - INFO: [DesktopMonitor] Stopped monitoring desktop 'LcynJjiRIGtmeraHAnp' [2495].
2024-01-12 14:47:36.951 [23] - INFO: Switched back to original desktop 'Default' [312].
2024-01-12 14:47:36.961 [23] - INFO: Closed custom desktop 'LcynJjiRIGtmeraHAnp' [2495].
2024-01-12 14:47:36.966 [23] - INFO: Finalizing service...
2024-01-12 14:47:36.970 [23] - INFO: ### --------------------------------------- Session Terminated --------------------------------------- ###

2024-01-12 14:47:37.048 [23] - INFO: Initiating shutdown procedure...
2024-01-12 14:47:37.048 [23] - INFO: Stopping communication host...
2024-01-12 14:47:37.049 [23] - DEBUG: [RuntimeHost] Communication host is closing...
2024-01-12 14:47:37.068 [23] - DEBUG: [RuntimeHost] Communication host has been closed.
2024-01-12 14:47:37.068 [23] - DEBUG: [RuntimeHost] Terminated communication host for endpoint 'net.pipe://localhost/safeexambrowser/runtime/88b2b07a-a79a-4b09-b49c-249cb330f23f'.
2024-01-12 14:47:37.068 [23] - INFO: Application successfully finalized.

# Application terminated at 2024-01-12 14:47:37.175
