/* Safe Exam Browser, Version 3.6.0 (x64), Build 3.6.0.633
/* Copyright © 2023 ETH Zürich, Educational Development and Technology (LET)
/* 
/* Please visit https://www.github.com/SafeExamBrowser for more information.

# Application started at 2024-01-12 14:43:49.205
# Running on Windows 11, Microsoft Windows NT 10.0.22621.0 (x64)
# Computer 'PASCALSLAPTOP' is a Nitro 5 Nitro AN515-55 manufactured by Acer
# Runtime-ID: ff395a14-97bf-4a2f-9cea-914f4981d08f

2024-01-12 14:43:50.876 [09] - INFO: Initiating startup procedure...
2024-01-12 14:43:50.964 [09] - INFO: Loading text data...
2024-01-12 14:43:50.968 [09] - DEBUG: [Text] System language is 'en', trying to load data...
2024-01-12 14:43:50.980 [09] - DEBUG: [Text] Data successfully loaded.
2024-01-12 14:43:50.981 [09] - INFO: Starting communication host...
2024-01-12 14:43:51.023 [06] - DEBUG: [RuntimeHost] Communication host is opening...
2024-01-12 14:43:51.070 [06] - DEBUG: [RuntimeHost] Communication host has been opened.
2024-01-12 14:43:51.070 [06] - DEBUG: [RuntimeHost] Successfully started communication host for endpoint 'net.pipe://localhost/safeexambrowser/runtime/0c7f3152-ef60-4e68-9787-7467d7656f86'.
2024-01-12 14:43:51.071 [09] - INFO: Attempting to verify application integrity...
2024-01-12 14:43:51.203 [09] - INFO: Application integrity successfully verified.
2024-01-12 14:43:51.206 [09] - INFO: Application successfully initialized.

2024-01-12 14:43:51.252 [09] - INFO: ### ------------------------------------ Session Start Procedure ------------------------------------- ###
2024-01-12 14:43:51.256 [09] - INFO: Initializing new session configuration...
2024-01-12 14:43:51.257 [09] - INFO:  -> Client-ID: e30d1fec-a72f-46b1-8b8d-da74eb480098
2024-01-12 14:43:51.268 [09] - INFO:  -> Runtime-ID: ff395a14-97bf-4a2f-9cea-914f4981d08f
2024-01-12 14:43:51.268 [09] - INFO:  -> Session-ID: a5002f57-2c4b-47cb-9899-536929c40aac
2024-01-12 14:43:51.269 [09] - INFO: Initializing application configuration...
2024-01-12 14:43:51.272 [09] - INFO: Found command-line argument for configuration resource: 'sebs://elearning.ohmportal.de/mod/quiz/accessrule/seb/config.php?cmid=117917', the URI is valid.
2024-01-12 14:43:51.288 [09] - INFO: [ConfigurationRepository] Initialized default settings, now attempting to load 'sebs://elearning.ohmportal.de/mod/quiz/accessrule/seb/config.php?cmid=117917'...
2024-01-12 14:43:51.290 [09] - DEBUG: [FileResourceLoader] Can't load 'sebs://elearning.ohmportal.de/mod/quiz/accessrule/seb/config.php?cmid=117917' as it isn't an existing file.
2024-01-12 14:43:51.295 [09] - DEBUG: [NetworkResourceLoader] Sending HEAD request for 'https://elearning.ohmportal.de/mod/quiz/accessrule/seb/config.php?cmid=117917'...
2024-01-12 14:43:51.575 [09] - DEBUG: [NetworkResourceLoader] Received response '200 - OK'.
2024-01-12 14:43:51.576 [09] - DEBUG: [NetworkResourceLoader] Can load 'sebs://elearning.ohmportal.de/mod/quiz/accessrule/seb/config.php?cmid=117917' as it references an existing network resource.
2024-01-12 14:43:51.577 [09] - DEBUG: [NetworkResourceLoader] Sending GET request for 'https://elearning.ohmportal.de/mod/quiz/accessrule/seb/config.php?cmid=117917'...
2024-01-12 14:43:51.902 [09] - DEBUG: [NetworkResourceLoader] Received response '200 - OK'.
2024-01-12 14:43:51.904 [09] - DEBUG: [NetworkResourceLoader] The  response data is HTML.
2024-01-12 14:43:51.905 [09] - INFO: [ConfigurationRepository] Tried to load data from 'sebs://elearning.ohmportal.de/mod/quiz/accessrule/seb/config.php?cmid=117917' using NetworkResourceLoader -> Result: LoadWithBrowser.
2024-01-12 14:43:51.911 [09] - INFO: The configuration resource needs authentication or is a webpage, using 'sebs://elearning.ohmportal.de/mod/quiz/accessrule/seb/config.php?cmid=117917' as start URL for the browser.
2024-01-12 14:43:51.913 [09] - INFO: The configuration was successful.
2024-01-12 14:43:51.918 [09] - INFO: Validating version restrictions...
2024-01-12 14:43:51.920 [09] - INFO: There are no version restrictions for the configuration.
2024-01-12 14:43:51.922 [09] - INFO: Remote proctoring is disabled, skipping disclaimer.
2024-01-12 14:43:51.926 [09] - INFO: Validating remote session policy...
2024-01-12 14:43:51.929 [09] - DEBUG: [RemoteSessionDetector] System appears not to be running in a remote session.
2024-01-12 14:43:51.934 [09] - INFO: Attempting to verify cursor configuration...
2024-01-12 14:43:51.941 [09] - INFO: Cursor configuration successfully verified.
2024-01-12 14:43:51.944 [09] - INFO: Attempting to verify ease of access configuration...
2024-01-12 14:43:51.945 [09] - INFO: Ease of access configuration successfully verified.
2024-01-12 14:43:51.947 [09] - INFO: Validating virtual machine policy...
2024-01-12 14:43:51.951 [09] - INFO: Validating display configuration...
2024-01-12 14:43:51.982 [09] - INFO: [DisplayMonitor] Detected active, internal display 'DISPLAY\NCP004D\4&fcd0332&0&UID265988_0' connected via 'Internal'.
2024-01-12 14:43:51.984 [09] - INFO: [DisplayMonitor] Detected 1 active displays, 10 are allowed.
2024-01-12 14:43:51.984 [09] - INFO: Display configuration is allowed.
2024-01-12 14:43:51.986 [09] - INFO: Initializing service...
2024-01-12 14:43:51.987 [09] - INFO: The service will be ignored for the next session.
2024-01-12 14:43:51.991 [09] - INFO: Initializing kiosk mode 'CreateNewDesktop'...
2024-01-12 14:43:51.997 [09] - DEBUG: [DesktopFactory] Found desktop handle for thread with ID = 24440. Attempting to get desktop name...
2024-01-12 14:43:51.999 [09] - DEBUG: [DesktopFactory] Successfully determined current desktop 'Default' [312].
2024-01-12 14:43:52.000 [09] - INFO: Current desktop is 'Default' [312].
2024-01-12 14:43:52.002 [09] - DEBUG: [DesktopFactory] Attempting to create random desktop...
2024-01-12 14:43:52.007 [09] - DEBUG: [DesktopFactory] Successfully created random desktop 'KZUda' [8759].
2024-01-12 14:43:52.011 [09] - INFO: Created custom desktop 'KZUda' [8759].
2024-01-12 14:43:52.055 [09] - INFO: Successfully activated custom desktop.
2024-01-12 14:43:52.067 [09] - INFO: [DesktopMonitor] Started monitoring desktop 'KZUda' [8759].
2024-01-12 14:43:52.073 [09] - INFO: Starting new client process...
2024-01-12 14:43:52.076 [09] - INFO: [ProcessFactory] Attempting to start process 'C:\Program Files\SafeExamBrowser\Application\SafeExamBrowser.Client.exe'...
2024-01-12 14:43:52.194 [09] - INFO: [ProcessFactory] Successfully started process 'C:\Program Files\SafeExamBrowser\Application\SafeExamBrowser.Client.exe' with ID = 22236.
2024-01-12 14:43:52.196 [09] - DEBUG: [Process 'SafeExamBrowser.Client.exe' (22236)] Initialized termination event.
2024-01-12 14:43:52.197 [09] - INFO: Waiting for client to complete initialization...
2024-01-12 14:43:53.938 [16] - DEBUG: [RuntimeHost] Received connection request with authentication token '1eecbb9c-6d0c-468c-b11e-c50802005f38'.
2024-01-12 14:43:53.940 [16] - DEBUG: [RuntimeHost] Accepted connection request.
2024-01-12 14:43:53.966 [17] - DEBUG: [RuntimeHost] Received message 'SimpleMessage -> ConfigurationNeeded', sending response 'ConfigurationResponse'.
2024-01-12 14:43:55.721 [16] - DEBUG: [RuntimeHost] Received message 'SimpleMessage -> ClientIsReady', sending response 'SimpleResponse -> Acknowledged'.
2024-01-12 14:43:55.723 [09] - INFO: Client has been successfully started and initialized. Creating communication proxy for client host...
2024-01-12 14:43:55.726 [09] - DEBUG: [ClientProxy] Trying to connect to endpoint 'net.pipe://localhost/safeexambrowser/client/48db138e-20fc-44e0-be80-5f9f229f103c' with authentication token '1eecbb9c-6d0c-468c-b11e-c50802005f38'...
2024-01-12 14:43:55.732 [09] - DEBUG: [ClientProxy] Communication channel is opening...
2024-01-12 14:43:55.774 [09] - DEBUG: [ClientProxy] Communication channel has been opened.
2024-01-12 14:43:55.798 [09] - DEBUG: [ClientProxy] Connection was established.
2024-01-12 14:43:55.800 [09] - INFO: Connection with client has been established. Requesting authentication...
2024-01-12 14:43:55.806 [09] - DEBUG: [ClientProxy] Sending message 'SimpleMessage -> Authenticate'...
2024-01-12 14:43:55.849 [09] - DEBUG: [ClientProxy] Received response 'AuthenticationResponse' for message 'SimpleMessage -> Authenticate'.
2024-01-12 14:43:55.850 [09] - DEBUG: [ClientProxy] Received authentication response.
2024-01-12 14:43:55.851 [09] - INFO: Authentication of client has been successful, client is ready to operate.
2024-01-12 14:43:55.851 [09] - INFO: Successfully started new client instance.
2024-01-12 14:43:55.856 [09] - INFO: Successfully activated first session 'a5002f57-2c4b-47cb-9899-536929c40aac'.
2024-01-12 14:43:55.857 [09] - INFO: ### ---------------------------------------- Session Running ----------------------------------------- ###
2024-01-12 14:44:10.069 [17] - INFO: Received shutdown request from the client application.
2024-01-12 14:44:10.070 [17] - DEBUG: [RuntimeHost] Received message 'SimpleMessage -> RequestShutdown', sending response 'SimpleResponse -> Acknowledged'.
2024-01-12 14:44:10.077 [23] - INFO: ### ------------------------------------- Session Stop Procedure ------------------------------------- ###
2024-01-12 14:44:10.084 [23] - INFO: Instructing client to initiate shutdown procedure.
2024-01-12 14:44:10.086 [23] - DEBUG: [ClientProxy] Sending message 'SimpleMessage -> Shutdown'...
2024-01-12 14:44:10.093 [23] - DEBUG: [ClientProxy] Received response 'SimpleResponse -> Acknowledged' for message 'SimpleMessage -> Shutdown'.
2024-01-12 14:44:10.095 [23] - DEBUG: [ClientProxy] Client acknowledged shutdown request.
2024-01-12 14:44:10.096 [23] - INFO: Disconnecting from client communication host.
2024-01-12 14:44:10.112 [23] - DEBUG: [ClientProxy] Communication channel is closing...
2024-01-12 14:44:10.116 [23] - DEBUG: [ClientProxy] Communication channel has been closed.
2024-01-12 14:44:10.117 [23] - DEBUG: [ClientProxy] Disconnected from 'net.pipe://localhost/safeexambrowser/client/48db138e-20fc-44e0-be80-5f9f229f103c'.
2024-01-12 14:44:10.118 [23] - INFO: Waiting for client to disconnect from runtime communication host...
2024-01-12 14:44:10.841 [16] - DEBUG: [RuntimeHost] Received disconnection request with message 'DisconnectionMessage'.
2024-01-12 14:44:10.842 [23] - INFO: Waiting for client process to terminate...
2024-01-12 14:44:10.944 [17] - DEBUG: [Process 'SafeExamBrowser.Client.exe' (22236)] Process has terminated.
2024-01-12 14:44:10.945 [23] - INFO: Client has been successfully terminated.
2024-01-12 14:44:10.946 [23] - INFO: Reverting kiosk mode 'CreateNewDesktop'...
2024-01-12 14:44:10.948 [23] - INFO: [DesktopMonitor] Stopped monitoring desktop 'KZUda' [8759].
2024-01-12 14:44:10.961 [23] - INFO: Switched back to original desktop 'Default' [312].
2024-01-12 14:44:10.971 [23] - INFO: Closed custom desktop 'KZUda' [8759].
2024-01-12 14:44:10.977 [23] - INFO: Finalizing service...
2024-01-12 14:44:10.981 [23] - INFO: ### --------------------------------------- Session Terminated --------------------------------------- ###

2024-01-12 14:44:11.086 [23] - INFO: Initiating shutdown procedure...
2024-01-12 14:44:11.087 [23] - INFO: Stopping communication host...
2024-01-12 14:44:11.089 [23] - DEBUG: [RuntimeHost] Communication host is closing...
2024-01-12 14:44:11.096 [23] - DEBUG: [RuntimeHost] Communication host has been closed.
2024-01-12 14:44:11.097 [23] - DEBUG: [RuntimeHost] Terminated communication host for endpoint 'net.pipe://localhost/safeexambrowser/runtime/0c7f3152-ef60-4e68-9787-7467d7656f86'.
2024-01-12 14:44:11.097 [23] - INFO: Application successfully finalized.

# Application terminated at 2024-01-12 14:44:11.209
