/* Safe Exam Browser, Version 3.6.0 (x64), Build 3.6.0.633
/* Copyright © 2023 ETH Zürich, Educational Development and Technology (LET)
/* 
/* Please visit https://www.github.com/SafeExamBrowser for more information.

# Application started at 2024-08-09 12:28:35.125
# Running on Windows 10, Microsoft Windows NT 10.0.19045.0 (x64)
# Computer 'DINM5CD2087QZQ' is a 103C_5336AN HP ProBook HP ProBook 650 G8 Notebook PC manufactured by HP
# Runtime-ID: 40729cba-5519-4610-b7be-412338825d7e

2024-08-09 12:28:36.109 [07] - INFO: Initiating startup procedure...
2024-08-09 12:28:36.210 [07] - INFO: Loading text data...
2024-08-09 12:28:36.212 [07] - DEBUG: [Text] System language is 'de', trying to load data...
2024-08-09 12:28:36.244 [07] - DEBUG: [Text] Data successfully loaded.
2024-08-09 12:28:36.245 [07] - INFO: Starting communication host...
2024-08-09 12:28:36.325 [09] - DEBUG: [RuntimeHost] Communication host is opening...
2024-08-09 12:28:36.402 [09] - DEBUG: [RuntimeHost] Communication host has been opened.
2024-08-09 12:28:36.403 [09] - DEBUG: [RuntimeHost] Successfully started communication host for endpoint 'net.pipe://localhost/safeexambrowser/runtime/eb39520e-c745-4edd-b8a3-524523abf316'.
2024-08-09 12:28:36.403 [07] - INFO: Attempting to verify application integrity...
2024-08-09 12:28:39.979 [07] - INFO: Application integrity successfully verified.
2024-08-09 12:28:39.983 [07] - INFO: Application successfully initialized.

2024-08-09 12:28:40.043 [07] - INFO: ### ------------------------------------ Session Start Procedure ------------------------------------- ###
2024-08-09 12:28:40.049 [07] - INFO: Initializing new session configuration...
2024-08-09 12:28:40.052 [07] - INFO:  -> Client-ID: ddeae3ea-390f-4597-8ae8-38189e2791e9
2024-08-09 12:28:40.055 [07] - INFO:  -> Runtime-ID: 40729cba-5519-4610-b7be-412338825d7e
2024-08-09 12:28:40.056 [07] - INFO:  -> Session-ID: f5559066-0f80-4c05-a152-967083fa9cb1
2024-08-09 12:28:40.057 [07] - INFO: Initializing application configuration...
2024-08-09 12:28:40.060 [07] - INFO: No valid configuration resource specified and no local client configuration found - loading default settings...
2024-08-09 12:28:40.074 [07] - INFO: The configuration was successful.
2024-08-09 12:28:40.080 [07] - INFO: Validating version restrictions...
2024-08-09 12:28:40.083 [07] - INFO: There are no version restrictions for the configuration.
2024-08-09 12:28:40.099 [07] - INFO: Remote proctoring is disabled, skipping disclaimer.
2024-08-09 12:28:40.101 [07] - INFO: Validating remote session policy...
2024-08-09 12:28:40.103 [07] - DEBUG: [RemoteSessionDetector] System appears not to be running in a remote session.
2024-08-09 12:28:40.106 [07] - INFO: Attempting to verify cursor configuration...
2024-08-09 12:28:40.109 [07] - INFO: Cursor configuration successfully verified.
2024-08-09 12:28:40.111 [07] - INFO: Attempting to verify ease of access configuration...
2024-08-09 12:28:40.112 [07] - INFO: Ease of access configuration successfully verified.
2024-08-09 12:28:40.122 [07] - INFO: Validating virtual machine policy...
2024-08-09 12:28:40.130 [07] - DEBUG: [VirtualMachineDetector] Computer 'DINM5CD2087QZQ' appears not to be a virtual machine.
2024-08-09 12:28:40.134 [07] - INFO: Validating display configuration...
2024-08-09 12:28:40.171 [07] - INFO: [DisplayMonitor] Detected active, internal display 'DISPLAY\AUO5699\4&16790142&0&UID8388688_0' connected via 'Internal'.
2024-08-09 12:28:40.172 [07] - INFO: [DisplayMonitor] Detected 1 active displays, 1 are allowed.
2024-08-09 12:28:40.172 [07] - INFO: Display configuration is allowed.
2024-08-09 12:28:40.173 [07] - INFO: Initializing service...
2024-08-09 12:28:40.174 [07] - INFO: The service will be ignored for the next session.
2024-08-09 12:28:40.176 [07] - INFO: Initializing kiosk mode 'CreateNewDesktop'...
2024-08-09 12:28:40.179 [07] - DEBUG: [DesktopFactory] Found desktop handle for thread with ID = 17964. Attempting to get desktop name...
2024-08-09 12:28:40.181 [07] - DEBUG: [DesktopFactory] Successfully determined current desktop 'Default' [184].
2024-08-09 12:28:40.183 [07] - INFO: Current desktop is 'Default' [184].
2024-08-09 12:28:40.185 [07] - DEBUG: [DesktopFactory] Attempting to create random desktop...
2024-08-09 12:28:40.188 [07] - DEBUG: [DesktopFactory] Successfully created random desktop 'EvqBtvp' [8428].
2024-08-09 12:28:40.189 [07] - INFO: Created custom desktop 'EvqBtvp' [8428].
2024-08-09 12:28:40.214 [07] - INFO: Successfully activated custom desktop.
2024-08-09 12:28:40.216 [07] - INFO: [DesktopMonitor] Started monitoring desktop 'EvqBtvp' [8428].
2024-08-09 12:28:40.218 [07] - INFO: Starting new client process...
2024-08-09 12:28:40.222 [07] - INFO: [ProcessFactory] Attempting to start process 'C:\Program Files\SafeExamBrowser\Application\SafeExamBrowser.Client.exe'...
2024-08-09 12:28:40.464 [07] - INFO: [ProcessFactory] Successfully started process 'C:\Program Files\SafeExamBrowser\Application\SafeExamBrowser.Client.exe' with ID = 18152.
2024-08-09 12:28:40.467 [07] - DEBUG: [Process 'SafeExamBrowser.Client.exe' (18152)] Initialized termination event.
2024-08-09 12:28:40.467 [07] - INFO: Waiting for client to complete initialization...
2024-08-09 12:28:41.659 [15] - DEBUG: [RuntimeHost] Received connection request with authentication token 'd83fef1f-bb7e-4050-8b78-5f746bfd0fc3'.
2024-08-09 12:28:41.660 [15] - DEBUG: [RuntimeHost] Accepted connection request.
2024-08-09 12:28:41.725 [14] - DEBUG: [RuntimeHost] Received message 'SimpleMessage -> ConfigurationNeeded', sending response 'ConfigurationResponse'.
2024-08-09 12:28:49.096 [15] - DEBUG: [RuntimeHost] Received message 'SimpleMessage -> ClientIsReady', sending response 'SimpleResponse -> Acknowledged'.
2024-08-09 12:28:49.098 [07] - INFO: Client has been successfully started and initialized. Creating communication proxy for client host...
2024-08-09 12:28:49.102 [07] - DEBUG: [ClientProxy] Trying to connect to endpoint 'net.pipe://localhost/safeexambrowser/client/4ee4d0f6-1e29-40cd-a5a3-de660b351ca2' with authentication token 'd83fef1f-bb7e-4050-8b78-5f746bfd0fc3'...
2024-08-09 12:28:49.117 [07] - DEBUG: [ClientProxy] Communication channel is opening...
2024-08-09 12:28:49.137 [07] - DEBUG: [ClientProxy] Communication channel has been opened.
2024-08-09 12:28:49.157 [07] - DEBUG: [ClientProxy] Connection was established.
2024-08-09 12:28:49.159 [07] - INFO: Connection with client has been established. Requesting authentication...
2024-08-09 12:28:49.164 [07] - DEBUG: [ClientProxy] Sending message 'SimpleMessage -> Authenticate'...
2024-08-09 12:28:49.179 [07] - DEBUG: [ClientProxy] Received response 'AuthenticationResponse' for message 'SimpleMessage -> Authenticate'.
2024-08-09 12:28:49.181 [07] - DEBUG: [ClientProxy] Received authentication response.
2024-08-09 12:28:49.182 [07] - INFO: Authentication of client has been successful, client is ready to operate.
2024-08-09 12:28:49.183 [07] - INFO: Successfully started new client instance.
2024-08-09 12:28:49.186 [07] - INFO: Successfully activated first session 'f5559066-0f80-4c05-a152-967083fa9cb1'.
2024-08-09 12:28:49.187 [07] - INFO: ### ---------------------------------------- Session Running ----------------------------------------- ###
2024-08-09 12:29:03.048 [14] - INFO: Received shutdown request from the client application.
2024-08-09 12:29:03.049 [14] - DEBUG: [RuntimeHost] Received message 'SimpleMessage -> RequestShutdown', sending response 'SimpleResponse -> Acknowledged'.
2024-08-09 12:29:03.053 [18] - INFO: ### ------------------------------------- Session Stop Procedure ------------------------------------- ###
2024-08-09 12:29:03.059 [18] - INFO: Instructing client to initiate shutdown procedure.
2024-08-09 12:29:03.060 [18] - DEBUG: [ClientProxy] Sending message 'SimpleMessage -> Shutdown'...
2024-08-09 12:29:03.066 [18] - DEBUG: [ClientProxy] Received response 'SimpleResponse -> Acknowledged' for message 'SimpleMessage -> Shutdown'.
2024-08-09 12:29:03.067 [18] - DEBUG: [ClientProxy] Client acknowledged shutdown request.
2024-08-09 12:29:03.069 [18] - INFO: Disconnecting from client communication host.
2024-08-09 12:29:03.081 [18] - DEBUG: [ClientProxy] Communication channel is closing...
2024-08-09 12:29:03.085 [18] - DEBUG: [ClientProxy] Communication channel has been closed.
2024-08-09 12:29:03.086 [18] - DEBUG: [ClientProxy] Disconnected from 'net.pipe://localhost/safeexambrowser/client/4ee4d0f6-1e29-40cd-a5a3-de660b351ca2'.
2024-08-09 12:29:03.087 [18] - INFO: Waiting for client to disconnect from runtime communication host...
2024-08-09 12:29:03.862 [15] - DEBUG: [RuntimeHost] Received disconnection request with message 'DisconnectionMessage'.
2024-08-09 12:29:03.863 [18] - INFO: Waiting for client process to terminate...
2024-08-09 12:29:03.992 [10] - DEBUG: [Process 'SafeExamBrowser.Client.exe' (18152)] Process has terminated.
2024-08-09 12:29:03.992 [18] - INFO: Client has been successfully terminated.
2024-08-09 12:29:03.995 [18] - INFO: Reverting kiosk mode 'CreateNewDesktop'...
2024-08-09 12:29:03.996 [18] - INFO: [DesktopMonitor] Stopped monitoring desktop 'EvqBtvp' [8428].
2024-08-09 12:29:04.017 [18] - INFO: Switched back to original desktop 'Default' [184].
2024-08-09 12:29:04.020 [18] - INFO: Closed custom desktop 'EvqBtvp' [8428].
2024-08-09 12:29:04.021 [18] - INFO: Finalizing service...
2024-08-09 12:29:04.023 [18] - INFO: ### --------------------------------------- Session Terminated --------------------------------------- ###

2024-08-09 12:29:04.110 [18] - INFO: Initiating shutdown procedure...
2024-08-09 12:29:04.111 [18] - INFO: Stopping communication host...
2024-08-09 12:29:04.113 [18] - DEBUG: [RuntimeHost] Communication host is closing...
2024-08-09 12:29:04.117 [18] - DEBUG: [RuntimeHost] Communication host has been closed.
2024-08-09 12:29:04.118 [18] - DEBUG: [RuntimeHost] Terminated communication host for endpoint 'net.pipe://localhost/safeexambrowser/runtime/eb39520e-c745-4edd-b8a3-524523abf316'.
2024-08-09 12:29:04.119 [18] - INFO: Application successfully finalized.

# Application terminated at 2024-08-09 12:29:04.268
