[0119/135429.100:WARNING:policy_logger.cc(148)] :components\enterprise\browser\controller\chrome_browser_cloud_management_controller.cc(88) Could not create policy manager as CBCM is not enabled.
[0119/135432.172:INFO:CONSOLE(574)] "Starting Moodle session timeout warning.", source: https://elearning.ohmportal.de/lib/requirejs.php/1702526678/core/first.js (574)
[0119/135446.358:WARNING:policy_logger.cc(148)] :components\enterprise\browser\controller\chrome_browser_cloud_management_controller.cc(88) Could not create policy manager as CBCM is not enabled.
[0119/135449.303:INFO:CONSOLE(574)] "Starting Moodle session timeout warning.", source: https://elearning.ohmportal.de/lib/requirejs.php/1702526678/core/first.js (574)
[0119/135734.219:INFO:CONSOLE(574)] "Starting Moodle session timeout warning.", source: https://elearning.ohmportal.de/lib/requirejs.php/1702526678/core/first.js (574)
[0119/135738.621:INFO:CONSOLE(574)] "Starting Moodle session timeout warning.", source: https://elearning.ohmportal.de/lib/requirejs.php/1702526678/core/first.js (574)
[0119/135740.303:INFO:CONSOLE(574)] "Starting Moodle session timeout warning.", source: https://elearning.ohmportal.de/lib/requirejs.php/1702526678/core/first.js (574)
[0119/135835.521:INFO:CONSOLE(574)] "Starting Moodle session timeout warning.", source: https://elearning.ohmportal.de/lib/requirejs.php/1702526678/core/first.js (574)
[0119/135837.172:INFO:CONSOLE(574)] "Starting Moodle session timeout warning.", source: https://elearning.ohmportal.de/lib/requirejs.php/1702526678/core/first.js (574)
[0119/135920.988:INFO:CONSOLE(574)] "Starting Moodle session timeout warning.", source: https://elearning.ohmportal.de/lib/requirejs.php/1702526678/core/first.js (574)
[0119/135923.954:INFO:CONSOLE(574)] "Starting Moodle session timeout warning.", source: https://elearning.ohmportal.de/lib/requirejs.php/1702526678/core/first.js (574)
[0119/135925.786:INFO:CONSOLE(574)] "Starting Moodle session timeout warning.", source: https://elearning.ohmportal.de/lib/requirejs.php/1702526678/core/first.js (574)
[0119/140005.987:INFO:CONSOLE(574)] "Starting Moodle session timeout warning.", source: https://elearning.ohmportal.de/lib/requirejs.php/1702526678/core/first.js (574)
[0119/140008.534:INFO:CONSOLE(574)] "Starting Moodle session keep-alive.", source: https://elearning.ohmportal.de/lib/requirejs.php/1702526678/core/first.js (574)
[0119/140008.967:INFO:CONSOLE(28528)] "Invalid value passed for the moodle:draftitemid option. The value must be a number.", source: https://elearning.ohmportal.de/lib/editor/tiny/loader.php/1702526678/tinymce.js (28528)
[0119/140009.476:INFO:CONSOLE(621)] "tiny_autosave/q60195:4_answer_id: Skipping draft restoration. The editor is not empty.", source: https://elearning.ohmportal.de/lib/requirejs.php/1702526678/core/first.js (621)
[0119/141022.424:INFO:CONSOLE(574)] "Starting Moodle session keep-alive.", source: https://elearning.ohmportal.de/lib/requirejs.php/1702526678/core/first.js (574)
[0119/141022.573:INFO:CONSOLE(28528)] "Invalid value passed for the moodle:draftitemid option. The value must be a number.", source: https://elearning.ohmportal.de/lib/editor/tiny/loader.php/1702526678/tinymce.js (28528)
[0119/141022.921:INFO:CONSOLE(621)] "tiny_autosave/q60195:1_answer_id: Skipping draft restoration. The editor is not empty.", source: https://elearning.ohmportal.de/lib/requirejs.php/1702526678/core/first.js (621)
[0119/142315.446:INFO:CONSOLE(574)] "Starting Moodle session keep-alive.", source: https://elearning.ohmportal.de/lib/requirejs.php/1702526678/core/first.js (574)
[0119/142315.655:INFO:CONSOLE(28528)] "Invalid value passed for the moodle:draftitemid option. The value must be a number.", source: https://elearning.ohmportal.de/lib/editor/tiny/loader.php/1702526678/tinymce.js (28528)
[0119/142315.954:INFO:CONSOLE(621)] "tiny_autosave/q60195:5_answer_id: Skipping draft restoration. The editor is not empty.", source: https://elearning.ohmportal.de/lib/requirejs.php/1702526678/core/first.js (621)
[0119/143809.683:INFO:CONSOLE(574)] "Starting Moodle session keep-alive.", source: https://elearning.ohmportal.de/lib/requirejs.php/1702526678/core/first.js (574)
[0119/143809.856:INFO:CONSOLE(28528)] "Invalid value passed for the moodle:draftitemid option. The value must be a number.", source: https://elearning.ohmportal.de/lib/editor/tiny/loader.php/1702526678/tinymce.js (28528)
[0119/143810.116:INFO:CONSOLE(621)] "tiny_autosave/q60195:6_answer_id: Skipping draft restoration. The editor is not empty.", source: https://elearning.ohmportal.de/lib/requirejs.php/1702526678/core/first.js (621)
[0119/145223.849:INFO:CONSOLE(574)] "Starting Moodle session keep-alive.", source: https://elearning.ohmportal.de/lib/requirejs.php/1702526678/core/first.js (574)
[0119/145223.983:INFO:CONSOLE(28528)] "Invalid value passed for the moodle:draftitemid option. The value must be a number.", source: https://elearning.ohmportal.de/lib/editor/tiny/loader.php/1702526678/tinymce.js (28528)
[0119/145224.155:INFO:CONSOLE(621)] "tiny_autosave/q60195:2_answer_id: Skipping draft restoration. The editor is not empty.", source: https://elearning.ohmportal.de/lib/requirejs.php/1702526678/core/first.js (621)
[0119/150501.022:INFO:CONSOLE(5127)] "Skipping store of autosave content - content has been reset", source: https://elearning.ohmportal.de/lib/requirejs.php/1702526678/core/first.js (5127)
[0119/150501.281:INFO:CONSOLE(574)] "Starting Moodle session keep-alive.", source: https://elearning.ohmportal.de/lib/requirejs.php/1702526678/core/first.js (574)
[0119/150501.430:INFO:CONSOLE(28528)] "Invalid value passed for the moodle:draftitemid option. The value must be a number.", source: https://elearning.ohmportal.de/lib/editor/tiny/loader.php/1702526678/tinymce.js (28528)
[0119/150501.617:INFO:CONSOLE(621)] "tiny_autosave/q60195:3_answer_id: Skipping draft restoration. The editor is not empty.", source: https://elearning.ohmportal.de/lib/requirejs.php/1702526678/core/first.js (621)
[0119/152650.982:INFO:CONSOLE(574)] "Starting Moodle session keep-alive.", source: https://elearning.ohmportal.de/lib/requirejs.php/1702526678/core/first.js (574)
[0119/152655.975:INFO:CONSOLE(574)] "Starting Moodle session timeout warning.", source: https://elearning.ohmportal.de/lib/requirejs.php/1702526678/core/first.js (574)
[0119/152700.934:INFO:CONSOLE(574)] "Starting Moodle session timeout warning.", source: https://elearning.ohmportal.de/lib/requirejs.php/1702526678/core/first.js (574)
[0119/152759.390:INFO:CONSOLE(574)] "Starting Moodle session timeout warning.", source: https://elearning.ohmportal.de/lib/requirejs.php/1702526678/core/first.js (574)
[0119/152802.822:INFO:CONSOLE(574)] "Starting Moodle session timeout warning.", source: https://elearning.ohmportal.de/lib/requirejs.php/1702526678/core/first.js (574)
