/* Safe Exam Browser, Version 3.6.0 (x64), Build 3.6.0.633
/* Copyright © 2023 ETH Zürich, Educational Development and Technology (LET)
/* 
/* Please visit https://www.github.com/SafeExamBrowser for more information.

# Application started at 2024-01-12 14:43:08.882
# Running on Windows 11, Microsoft Windows NT 10.0.22621.0 (x64)
# Computer 'PASCALSLAPTOP' is a Nitro 5 Nitro AN515-55 manufactured by Acer
# Runtime-ID: 65a55c73-d88c-43b9-8a3b-f96ad0c09946

2024-01-12 14:43:10.843 [09] - INFO: Initiating startup procedure...
2024-01-12 14:43:10.942 [09] - INFO: Loading text data...
2024-01-12 14:43:10.944 [09] - DEBUG: [Text] System language is 'en', trying to load data...
2024-01-12 14:43:10.953 [09] - DEBUG: [Text] Data successfully loaded.
2024-01-12 14:43:10.954 [09] - INFO: Starting communication host...
2024-01-12 14:43:10.988 [06] - DEBUG: [RuntimeHost] Communication host is opening...
2024-01-12 14:43:11.032 [06] - DEBUG: [RuntimeHost] Communication host has been opened.
2024-01-12 14:43:11.032 [06] - DEBUG: [RuntimeHost] Successfully started communication host for endpoint 'net.pipe://localhost/safeexambrowser/runtime/5c26bd37-e182-4857-ae03-63908fa4c949'.
2024-01-12 14:43:11.033 [09] - INFO: Attempting to verify application integrity...
2024-01-12 14:43:14.310 [09] - INFO: Application integrity successfully verified.
2024-01-12 14:43:14.312 [09] - INFO: Application successfully initialized.

2024-01-12 14:43:14.350 [09] - INFO: ### ------------------------------------ Session Start Procedure ------------------------------------- ###
2024-01-12 14:43:14.355 [09] - INFO: Initializing new session configuration...
2024-01-12 14:43:14.357 [09] - INFO:  -> Client-ID: 25085e14-0f8a-49ac-b5ec-da9a9e2e2c29
2024-01-12 14:43:14.357 [09] - INFO:  -> Runtime-ID: 65a55c73-d88c-43b9-8a3b-f96ad0c09946
2024-01-12 14:43:14.360 [09] - INFO:  -> Session-ID: 6e378061-3e84-463d-9638-ad11da2f6cc3
2024-01-12 14:43:14.363 [09] - INFO: Initializing application configuration...
2024-01-12 14:43:14.373 [09] - INFO: Found command-line argument for configuration resource: 'sebs://elearning.ohmportal.de/mod/quiz/accessrule/seb/config.php?cmid=117917', the URI is valid.
2024-01-12 14:43:14.392 [09] - INFO: [ConfigurationRepository] Initialized default settings, now attempting to load 'sebs://elearning.ohmportal.de/mod/quiz/accessrule/seb/config.php?cmid=117917'...
2024-01-12 14:43:14.395 [09] - DEBUG: [FileResourceLoader] Can't load 'sebs://elearning.ohmportal.de/mod/quiz/accessrule/seb/config.php?cmid=117917' as it isn't an existing file.
2024-01-12 14:43:14.405 [09] - DEBUG: [NetworkResourceLoader] Sending HEAD request for 'https://elearning.ohmportal.de/mod/quiz/accessrule/seb/config.php?cmid=117917'...
2024-01-12 14:43:14.708 [09] - DEBUG: [NetworkResourceLoader] Received response '200 - OK'.
2024-01-12 14:43:14.708 [09] - DEBUG: [NetworkResourceLoader] Can load 'sebs://elearning.ohmportal.de/mod/quiz/accessrule/seb/config.php?cmid=117917' as it references an existing network resource.
2024-01-12 14:43:14.710 [09] - DEBUG: [NetworkResourceLoader] Sending GET request for 'https://elearning.ohmportal.de/mod/quiz/accessrule/seb/config.php?cmid=117917'...
2024-01-12 14:43:15.009 [09] - DEBUG: [NetworkResourceLoader] Received response '200 - OK'.
2024-01-12 14:43:15.024 [09] - DEBUG: [NetworkResourceLoader] The  response data is HTML.
2024-01-12 14:43:15.025 [09] - INFO: [ConfigurationRepository] Tried to load data from 'sebs://elearning.ohmportal.de/mod/quiz/accessrule/seb/config.php?cmid=117917' using NetworkResourceLoader -> Result: LoadWithBrowser.
2024-01-12 14:43:15.029 [09] - INFO: The configuration resource needs authentication or is a webpage, using 'sebs://elearning.ohmportal.de/mod/quiz/accessrule/seb/config.php?cmid=117917' as start URL for the browser.
2024-01-12 14:43:15.031 [09] - INFO: The configuration was successful.
2024-01-12 14:43:15.041 [09] - INFO: Validating version restrictions...
2024-01-12 14:43:15.043 [09] - INFO: There are no version restrictions for the configuration.
2024-01-12 14:43:15.046 [09] - INFO: Remote proctoring is disabled, skipping disclaimer.
2024-01-12 14:43:15.049 [09] - INFO: Validating remote session policy...
2024-01-12 14:43:15.051 [09] - DEBUG: [RemoteSessionDetector] System appears not to be running in a remote session.
2024-01-12 14:43:15.057 [09] - INFO: Attempting to verify cursor configuration...
2024-01-12 14:43:15.063 [09] - INFO: Cursor configuration successfully verified.
2024-01-12 14:43:15.066 [09] - INFO: Attempting to verify ease of access configuration...
2024-01-12 14:43:15.067 [09] - INFO: Ease of access configuration successfully verified.
2024-01-12 14:43:15.070 [09] - INFO: Validating virtual machine policy...
2024-01-12 14:43:15.074 [09] - INFO: Validating display configuration...
2024-01-12 14:43:15.138 [09] - INFO: [DisplayMonitor] Detected active, internal display 'DISPLAY\NCP004D\4&fcd0332&0&UID265988_0' connected via 'Internal'.
2024-01-12 14:43:15.140 [09] - INFO: [DisplayMonitor] Detected 1 active displays, 10 are allowed.
2024-01-12 14:43:15.141 [09] - INFO: Display configuration is allowed.
2024-01-12 14:43:15.143 [09] - INFO: Initializing service...
2024-01-12 14:43:15.146 [09] - INFO: The service will be ignored for the next session.
2024-01-12 14:43:15.151 [09] - INFO: Initializing kiosk mode 'CreateNewDesktop'...
2024-01-12 14:43:15.158 [09] - DEBUG: [DesktopFactory] Found desktop handle for thread with ID = 1036. Attempting to get desktop name...
2024-01-12 14:43:15.160 [09] - DEBUG: [DesktopFactory] Successfully determined current desktop 'Default' [300].
2024-01-12 14:43:15.161 [09] - INFO: Current desktop is 'Default' [300].
2024-01-12 14:43:15.164 [09] - DEBUG: [DesktopFactory] Attempting to create random desktop...
2024-01-12 14:43:15.170 [09] - DEBUG: [DesktopFactory] Successfully created random desktop 'FtmMFdGTrPerBXXr' [4869].
2024-01-12 14:43:15.173 [09] - INFO: Created custom desktop 'FtmMFdGTrPerBXXr' [4869].
2024-01-12 14:43:15.214 [09] - INFO: Successfully activated custom desktop.
2024-01-12 14:43:15.220 [09] - INFO: [DesktopMonitor] Started monitoring desktop 'FtmMFdGTrPerBXXr' [4869].
2024-01-12 14:43:15.224 [09] - INFO: Starting new client process...
2024-01-12 14:43:15.227 [09] - INFO: [ProcessFactory] Attempting to start process 'C:\Program Files\SafeExamBrowser\Application\SafeExamBrowser.Client.exe'...
2024-01-12 14:43:15.488 [09] - INFO: [ProcessFactory] Successfully started process 'C:\Program Files\SafeExamBrowser\Application\SafeExamBrowser.Client.exe' with ID = 25544.
2024-01-12 14:43:15.490 [09] - DEBUG: [Process 'SafeExamBrowser.Client.exe' (25544)] Initialized termination event.
2024-01-12 14:43:15.490 [09] - INFO: Waiting for client to complete initialization...
2024-01-12 14:43:17.456 [16] - DEBUG: [RuntimeHost] Received connection request with authentication token '3f85ac01-d438-420d-94a1-74ee2653a6c4'.
2024-01-12 14:43:17.457 [16] - DEBUG: [RuntimeHost] Accepted connection request.
2024-01-12 14:43:17.490 [17] - DEBUG: [RuntimeHost] Received message 'SimpleMessage -> ConfigurationNeeded', sending response 'ConfigurationResponse'.
2024-01-12 14:43:19.566 [16] - DEBUG: [RuntimeHost] Received message 'SimpleMessage -> ClientIsReady', sending response 'SimpleResponse -> Acknowledged'.
2024-01-12 14:43:19.567 [09] - INFO: Client has been successfully started and initialized. Creating communication proxy for client host...
2024-01-12 14:43:19.570 [09] - DEBUG: [ClientProxy] Trying to connect to endpoint 'net.pipe://localhost/safeexambrowser/client/fff73b17-ba7c-4d60-a3e7-8511c800ea49' with authentication token '3f85ac01-d438-420d-94a1-74ee2653a6c4'...
2024-01-12 14:43:19.577 [09] - DEBUG: [ClientProxy] Communication channel is opening...
2024-01-12 14:43:19.636 [09] - DEBUG: [ClientProxy] Communication channel has been opened.
2024-01-12 14:43:19.660 [09] - DEBUG: [ClientProxy] Connection was established.
2024-01-12 14:43:19.661 [09] - INFO: Connection with client has been established. Requesting authentication...
2024-01-12 14:43:19.666 [09] - DEBUG: [ClientProxy] Sending message 'SimpleMessage -> Authenticate'...
2024-01-12 14:43:19.683 [09] - DEBUG: [ClientProxy] Received response 'AuthenticationResponse' for message 'SimpleMessage -> Authenticate'.
2024-01-12 14:43:19.684 [09] - DEBUG: [ClientProxy] Received authentication response.
2024-01-12 14:43:19.686 [09] - INFO: Authentication of client has been successful, client is ready to operate.
2024-01-12 14:43:19.686 [09] - INFO: Successfully started new client instance.
2024-01-12 14:43:19.692 [09] - INFO: Successfully activated first session '6e378061-3e84-463d-9638-ad11da2f6cc3'.
2024-01-12 14:43:19.693 [09] - INFO: ### ---------------------------------------- Session Running ----------------------------------------- ###
2024-01-12 14:43:34.904 [16] - INFO: Received shutdown request from the client application.
2024-01-12 14:43:34.906 [16] - DEBUG: [RuntimeHost] Received message 'SimpleMessage -> RequestShutdown', sending response 'SimpleResponse -> Acknowledged'.
2024-01-12 14:43:34.910 [22] - INFO: ### ------------------------------------- Session Stop Procedure ------------------------------------- ###
2024-01-12 14:43:34.916 [22] - INFO: Instructing client to initiate shutdown procedure.
2024-01-12 14:43:34.919 [22] - DEBUG: [ClientProxy] Sending message 'SimpleMessage -> Shutdown'...
2024-01-12 14:43:34.924 [22] - DEBUG: [ClientProxy] Received response 'SimpleResponse -> Acknowledged' for message 'SimpleMessage -> Shutdown'.
2024-01-12 14:43:34.926 [22] - DEBUG: [ClientProxy] Client acknowledged shutdown request.
2024-01-12 14:43:34.928 [22] - INFO: Disconnecting from client communication host.
2024-01-12 14:43:34.943 [22] - DEBUG: [ClientProxy] Communication channel is closing...
2024-01-12 14:43:34.945 [22] - DEBUG: [ClientProxy] Communication channel has been closed.
2024-01-12 14:43:34.946 [22] - DEBUG: [ClientProxy] Disconnected from 'net.pipe://localhost/safeexambrowser/client/fff73b17-ba7c-4d60-a3e7-8511c800ea49'.
2024-01-12 14:43:34.947 [22] - INFO: Waiting for client to disconnect from runtime communication host...
2024-01-12 14:43:35.711 [19] - DEBUG: [RuntimeHost] Received disconnection request with message 'DisconnectionMessage'.
2024-01-12 14:43:35.712 [22] - INFO: Waiting for client process to terminate...
2024-01-12 14:43:35.822 [16] - DEBUG: [Process 'SafeExamBrowser.Client.exe' (25544)] Process has terminated.
2024-01-12 14:43:35.823 [22] - INFO: Client has been successfully terminated.
2024-01-12 14:43:35.824 [22] - INFO: Reverting kiosk mode 'CreateNewDesktop'...
2024-01-12 14:43:35.826 [22] - INFO: [DesktopMonitor] Stopped monitoring desktop 'FtmMFdGTrPerBXXr' [4869].
2024-01-12 14:43:35.843 [22] - INFO: Switched back to original desktop 'Default' [300].
2024-01-12 14:43:35.857 [22] - INFO: Closed custom desktop 'FtmMFdGTrPerBXXr' [4869].
2024-01-12 14:43:35.859 [22] - INFO: Finalizing service...
2024-01-12 14:43:35.861 [22] - INFO: ### --------------------------------------- Session Terminated --------------------------------------- ###

2024-01-12 14:43:35.915 [22] - INFO: Initiating shutdown procedure...
2024-01-12 14:43:35.916 [22] - INFO: Stopping communication host...
2024-01-12 14:43:35.917 [22] - DEBUG: [RuntimeHost] Communication host is closing...
2024-01-12 14:43:35.925 [22] - DEBUG: [RuntimeHost] Communication host has been closed.
2024-01-12 14:43:35.926 [22] - DEBUG: [RuntimeHost] Terminated communication host for endpoint 'net.pipe://localhost/safeexambrowser/runtime/5c26bd37-e182-4857-ae03-63908fa4c949'.
2024-01-12 14:43:35.926 [22] - INFO: Application successfully finalized.

# Application terminated at 2024-01-12 14:43:36.065
