/* Safe Exam Browser, Version 3.6.0 (x64), Build 3.6.0.633
/* Copyright © 2023 ETH Zürich, Educational Development and Technology (LET)
/* 
/* Please visit https://www.github.com/SafeExamBrowser for more information.

# Application started at 2024-05-31 12:55:42.306
# Running on Windows 11, Microsoft Windows NT 10.0.22631.0 (x64)
# Computer 'PASCALSLAPTOP' is a Nitro 5 Nitro AN515-55 manufactured by Acer
# Runtime-ID: 10bbfa92-0121-4d9e-b3e7-75fd16508e41

2024-05-31 12:55:44.241 [09] - INFO: Initiating startup procedure...
2024-05-31 12:55:44.348 [09] - INFO: Loading text data...
2024-05-31 12:55:44.350 [09] - DEBUG: [Text] System language is 'en', trying to load data...
2024-05-31 12:55:44.359 [09] - DEBUG: [Text] Data successfully loaded.
2024-05-31 12:55:44.359 [09] - INFO: Starting communication host...
2024-05-31 12:55:44.390 [06] - DEBUG: [RuntimeHost] Communication host is opening...
2024-05-31 12:55:44.427 [06] - DEBUG: [RuntimeHost] Communication host has been opened.
2024-05-31 12:55:44.427 [06] - DEBUG: [RuntimeHost] Successfully started communication host for endpoint 'net.pipe://localhost/safeexambrowser/runtime/546e6fc1-137f-4a5c-abc6-9692654255bb'.
2024-05-31 12:55:44.428 [09] - INFO: Attempting to verify application integrity...
2024-05-31 12:55:48.211 [09] - INFO: Application integrity successfully verified.
2024-05-31 12:55:48.213 [09] - INFO: Application successfully initialized.

2024-05-31 12:55:48.244 [09] - INFO: ### ------------------------------------ Session Start Procedure ------------------------------------- ###
2024-05-31 12:55:48.250 [09] - INFO: Initializing new session configuration...
2024-05-31 12:55:48.252 [09] - INFO:  -> Client-ID: 63a89257-fd9a-49f5-9121-85a6f580cab2
2024-05-31 12:55:48.253 [09] - INFO:  -> Runtime-ID: 10bbfa92-0121-4d9e-b3e7-75fd16508e41
2024-05-31 12:55:48.254 [09] - INFO:  -> Session-ID: e1e25a57-2118-4d62-bfcd-ce45ee4910c6
2024-05-31 12:55:48.256 [09] - INFO: Initializing application configuration...
2024-05-31 12:55:48.260 [09] - INFO: Found command-line argument for configuration resource: 'seb://84.163.97.156:3333/mod/quiz/accessrule/seb/config.php?cmid=2', the URI is valid.
2024-05-31 12:55:48.274 [09] - INFO: [ConfigurationRepository] Initialized default settings, now attempting to load 'seb://84.163.97.156:3333/mod/quiz/accessrule/seb/config.php?cmid=2'...
2024-05-31 12:55:48.276 [09] - DEBUG: [FileResourceLoader] Can't load 'seb://84.163.97.156:3333/mod/quiz/accessrule/seb/config.php?cmid=2' as it isn't an existing file.
2024-05-31 12:55:48.281 [09] - DEBUG: [NetworkResourceLoader] Sending HEAD request for 'http://84.163.97.156:3333/mod/quiz/accessrule/seb/config.php?cmid=2'...
2024-05-31 12:55:48.585 [09] - DEBUG: [NetworkResourceLoader] Received response '200 - OK'.
2024-05-31 12:55:48.586 [09] - DEBUG: [NetworkResourceLoader] Can load 'seb://84.163.97.156:3333/mod/quiz/accessrule/seb/config.php?cmid=2' as it references an existing network resource.
2024-05-31 12:55:48.589 [09] - DEBUG: [NetworkResourceLoader] Sending GET request for 'http://84.163.97.156:3333/mod/quiz/accessrule/seb/config.php?cmid=2'...
2024-05-31 12:55:48.826 [09] - DEBUG: [NetworkResourceLoader] Received response '200 - OK'.
2024-05-31 12:55:48.831 [09] - DEBUG: [NetworkResourceLoader] The  response data is HTML.
2024-05-31 12:55:48.833 [09] - INFO: [ConfigurationRepository] Tried to load data from 'seb://84.163.97.156:3333/mod/quiz/accessrule/seb/config.php?cmid=2' using NetworkResourceLoader -> Result: LoadWithBrowser.
2024-05-31 12:55:48.837 [09] - INFO: The configuration resource needs authentication or is a webpage, using 'seb://84.163.97.156:3333/mod/quiz/accessrule/seb/config.php?cmid=2' as start URL for the browser.
2024-05-31 12:55:48.840 [09] - INFO: The configuration was successful.
2024-05-31 12:55:48.845 [09] - INFO: Validating version restrictions...
2024-05-31 12:55:48.846 [09] - INFO: There are no version restrictions for the configuration.
2024-05-31 12:55:48.848 [09] - INFO: Remote proctoring is disabled, skipping disclaimer.
2024-05-31 12:55:48.849 [09] - INFO: Validating remote session policy...
2024-05-31 12:55:48.850 [09] - DEBUG: [RemoteSessionDetector] System appears not to be running in a remote session.
2024-05-31 12:55:48.854 [09] - INFO: Attempting to verify cursor configuration...
2024-05-31 12:55:48.858 [09] - INFO: Cursor configuration successfully verified.
2024-05-31 12:55:48.860 [09] - INFO: Attempting to verify ease of access configuration...
2024-05-31 12:55:48.861 [09] - INFO: Ease of access configuration successfully verified.
2024-05-31 12:55:48.862 [09] - INFO: Validating virtual machine policy...
2024-05-31 12:55:48.864 [09] - INFO: Validating display configuration...
2024-05-31 12:55:48.896 [09] - INFO: [DisplayMonitor] Detected active, internal display 'DISPLAY\NCP004D\4&fcd0332&0&UID265988_0' connected via 'Internal'.
2024-05-31 12:55:48.904 [09] - INFO: [DisplayMonitor] Detected active, external display 'DISPLAY\SAM08DA\5&2cc7a65e&0&UID4352_0' connected via 'HDMI'.
2024-05-31 12:55:48.905 [09] - INFO: [DisplayMonitor] Detected 2 active displays, 10 are allowed.
2024-05-31 12:55:48.905 [09] - INFO: Display configuration is allowed.
2024-05-31 12:55:48.906 [09] - INFO: Initializing service...
2024-05-31 12:55:48.907 [09] - INFO: The service will be ignored for the next session.
2024-05-31 12:55:48.909 [09] - INFO: Initializing kiosk mode 'CreateNewDesktop'...
2024-05-31 12:55:48.912 [09] - DEBUG: [DesktopFactory] Found desktop handle for thread with ID = 16176. Attempting to get desktop name...
2024-05-31 12:55:48.914 [09] - DEBUG: [DesktopFactory] Successfully determined current desktop 'Default' [288].
2024-05-31 12:55:48.914 [09] - INFO: Current desktop is 'Default' [288].
2024-05-31 12:55:48.915 [09] - DEBUG: [DesktopFactory] Attempting to create random desktop...
2024-05-31 12:55:48.918 [09] - DEBUG: [DesktopFactory] Successfully created random desktop 'YhGQgkwNcLjZjQlldlo' [850].
2024-05-31 12:55:48.932 [09] - INFO: Created custom desktop 'YhGQgkwNcLjZjQlldlo' [850].
2024-05-31 12:55:48.975 [09] - INFO: Successfully activated custom desktop.
2024-05-31 12:55:48.980 [09] - INFO: [DesktopMonitor] Started monitoring desktop 'YhGQgkwNcLjZjQlldlo' [850].
2024-05-31 12:55:48.989 [09] - INFO: Starting new client process...
2024-05-31 12:55:48.992 [09] - INFO: [ProcessFactory] Attempting to start process 'C:\Program Files\SafeExamBrowser\Application\SafeExamBrowser.Client.exe'...
2024-05-31 12:55:49.245 [09] - INFO: [ProcessFactory] Successfully started process 'C:\Program Files\SafeExamBrowser\Application\SafeExamBrowser.Client.exe' with ID = 4304.
2024-05-31 12:55:49.246 [09] - DEBUG: [Process 'SafeExamBrowser.Client.exe' (4304)] Initialized termination event.
2024-05-31 12:55:49.247 [09] - INFO: Waiting for client to complete initialization...
2024-05-31 12:55:51.067 [16] - DEBUG: [RuntimeHost] Received connection request with authentication token '8d1d596c-5bf6-47af-b79e-5a69ddcad338'.
2024-05-31 12:55:51.068 [16] - DEBUG: [RuntimeHost] Accepted connection request.
2024-05-31 12:55:51.100 [17] - DEBUG: [RuntimeHost] Received message 'SimpleMessage -> ConfigurationNeeded', sending response 'ConfigurationResponse'.
2024-05-31 12:55:53.687 [16] - DEBUG: [RuntimeHost] Received message 'SimpleMessage -> ClientIsReady', sending response 'SimpleResponse -> Acknowledged'.
2024-05-31 12:55:53.689 [09] - INFO: Client has been successfully started and initialized. Creating communication proxy for client host...
2024-05-31 12:55:53.691 [09] - DEBUG: [ClientProxy] Trying to connect to endpoint 'net.pipe://localhost/safeexambrowser/client/31d4c680-6b9e-4858-82e1-37215b435679' with authentication token '8d1d596c-5bf6-47af-b79e-5a69ddcad338'...
2024-05-31 12:55:53.695 [09] - DEBUG: [ClientProxy] Communication channel is opening...
2024-05-31 12:55:53.740 [09] - DEBUG: [ClientProxy] Communication channel has been opened.
2024-05-31 12:55:53.758 [09] - DEBUG: [ClientProxy] Connection was established.
2024-05-31 12:55:53.759 [09] - INFO: Connection with client has been established. Requesting authentication...
2024-05-31 12:55:53.763 [09] - DEBUG: [ClientProxy] Sending message 'SimpleMessage -> Authenticate'...
2024-05-31 12:55:53.775 [09] - DEBUG: [ClientProxy] Received response 'AuthenticationResponse' for message 'SimpleMessage -> Authenticate'.
2024-05-31 12:55:53.776 [09] - DEBUG: [ClientProxy] Received authentication response.
2024-05-31 12:55:53.777 [09] - INFO: Authentication of client has been successful, client is ready to operate.
2024-05-31 12:55:53.777 [09] - INFO: Successfully started new client instance.
2024-05-31 12:55:53.780 [09] - INFO: Successfully activated first session 'e1e25a57-2118-4d62-bfcd-ce45ee4910c6'.
2024-05-31 12:55:53.781 [09] - INFO: ### ---------------------------------------- Session Running ----------------------------------------- ###
2024-05-31 12:56:13.370 [08] - INFO: Accepted request for reconfiguration with 'C:\Users\pasca\AppData\Local\SafeExamBrowser\Temp\config.seb'.
2024-05-31 12:56:13.370 [16] - DEBUG: [RuntimeHost] Received message 'ReconfigurationMessage', sending response 'SimpleResponse -> Acknowledged'.
2024-05-31 12:56:13.378 [08] - INFO: ### ------------------------------------ Session Start Procedure ------------------------------------- ###
2024-05-31 12:56:13.381 [08] - INFO: Initializing new session configuration...
2024-05-31 12:56:13.381 [08] - INFO:  -> Client-ID: 433ff797-e043-44ae-a1ab-e1985e831027
2024-05-31 12:56:13.382 [08] - INFO:  -> Runtime-ID: 10bbfa92-0121-4d9e-b3e7-75fd16508e41
2024-05-31 12:56:13.382 [08] - INFO:  -> Session-ID: 5d3228ef-bdae-48a3-a06e-af9343672104
2024-05-31 12:56:13.383 [08] - INFO: Initializing new application configuration...
2024-05-31 12:56:13.385 [08] - INFO: [ConfigurationRepository] Initialized default settings, now attempting to load 'file:///C:/Users/pasca/AppData/Local/SafeExamBrowser/Temp/config.seb'...
2024-05-31 12:56:13.385 [08] - DEBUG: [FileResourceLoader] Can load 'file:///C:/Users/pasca/AppData/Local/SafeExamBrowser/Temp/config.seb' as it is an existing file.
2024-05-31 12:56:13.386 [08] - DEBUG: [FileResourceLoader] Loading data from 'file:///C:/Users/pasca/AppData/Local/SafeExamBrowser/Temp/config.seb'...
2024-05-31 12:56:13.387 [08] - DEBUG: [FileResourceLoader] Created 'System.IO.FileStream' for 0,907 KB data in 'file:///C:/Users/pasca/AppData/Local/SafeExamBrowser/Temp/config.seb'.
2024-05-31 12:56:13.387 [08] - INFO: [ConfigurationRepository] Tried to load data from 'file:///C:/Users/pasca/AppData/Local/SafeExamBrowser/Temp/config.seb' using FileResourceLoader -> Result: Success.
2024-05-31 12:56:13.393 [08] - DEBUG: [BinaryParser] 'System.IO.FileStream' starting with '<?xm' does not match the Binary format.
2024-05-31 12:56:13.396 [08] - DEBUG: [XmlParser] 'System.IO.FileStream' starting with '<?xm' matches the Xml format.
2024-05-31 12:56:13.398 [08] - DEBUG: [XmlParser] Found root node, starting to parse data...
2024-05-31 12:56:13.402 [08] - DEBUG: [XmlParser] Finished parsing -> Result: Success.
2024-05-31 12:56:13.403 [08] - INFO: [ConfigurationRepository] Tried to parse data from 'System.IO.FileStream' using XmlParser -> Result: Success.
2024-05-31 12:56:13.428 [08] - INFO: Deleted temporary configuration file 'file:///C:/Users/pasca/AppData/Local/SafeExamBrowser/Temp/config.seb'.
2024-05-31 12:56:13.429 [08] - INFO: The configuration was successful.
2024-05-31 12:56:13.430 [08] - INFO: Validating version restrictions...
2024-05-31 12:56:13.431 [08] - INFO: There are no version restrictions for the configuration.
2024-05-31 12:56:13.433 [08] - INFO: Remote proctoring is disabled, skipping disclaimer.
2024-05-31 12:56:13.433 [08] - INFO: Validating remote session policy...
2024-05-31 12:56:13.435 [08] - DEBUG: [RemoteSessionDetector] System appears not to be running in a remote session.
2024-05-31 12:56:13.436 [08] - INFO: Attempting to verify cursor configuration...
2024-05-31 12:56:13.438 [08] - INFO: Cursor configuration successfully verified.
2024-05-31 12:56:13.439 [08] - INFO: Attempting to verify ease of access configuration...
2024-05-31 12:56:13.439 [08] - INFO: Ease of access configuration successfully verified.
2024-05-31 12:56:13.440 [08] - INFO: Validating virtual machine policy...
2024-05-31 12:56:13.448 [08] - DEBUG: [VirtualMachineDetector] Computer 'PASCALSLAPTOP' appears not to be a virtual machine.
2024-05-31 12:56:13.449 [08] - INFO: Validating display configuration...
2024-05-31 12:56:13.460 [08] - INFO: [DisplayMonitor] Detected active, internal display 'DISPLAY\NCP004D\4&fcd0332&0&UID265988_0' connected via 'Internal'.
2024-05-31 12:56:13.461 [08] - INFO: [DisplayMonitor] Detected active, external display 'DISPLAY\SAM08DA\5&2cc7a65e&0&UID4352_0' connected via 'HDMI'.
2024-05-31 12:56:13.462 [08] - WARNING: [DisplayMonitor] Detected 2 active displays but only 1 are allowed!
2024-05-31 12:56:13.463 [08] - ERROR: Display configuration is not allowed!
2024-05-31 12:56:13.466 [08] - DEBUG: [ClientProxy] Sending message 'MessageBoxRequestMessage'...
2024-05-31 12:56:13.477 [08] - DEBUG: [ClientProxy] Received response 'SimpleResponse -> Acknowledged' for message 'MessageBoxRequestMessage'.
2024-05-31 12:56:13.478 [08] - DEBUG: [ClientProxy] Client acknowledged message box request.
2024-05-31 12:56:22.414 [13] - DEBUG: [RuntimeHost] Received message 'MessageBoxReplyMessage', sending response 'SimpleResponse -> Acknowledged'.
2024-05-31 12:56:22.416 [08] - INFO: ### -------------------------------------- Session Start Failed -------------------------------------- ###
2024-05-31 12:56:22.446 [08] - INFO: ### ------------------------------------- Session Stop Procedure ------------------------------------- ###
2024-05-31 12:56:22.471 [08] - INFO: Instructing client to initiate shutdown procedure.
2024-05-31 12:56:22.482 [08] - DEBUG: [ClientProxy] Sending message 'SimpleMessage -> Shutdown'...
2024-05-31 12:56:22.498 [08] - DEBUG: [ClientProxy] Received response 'SimpleResponse -> Acknowledged' for message 'SimpleMessage -> Shutdown'.
2024-05-31 12:56:22.505 [08] - DEBUG: [ClientProxy] Client acknowledged shutdown request.
2024-05-31 12:56:22.510 [08] - INFO: Disconnecting from client communication host.
2024-05-31 12:56:22.533 [08] - DEBUG: [ClientProxy] Communication channel is closing...
2024-05-31 12:56:22.535 [08] - DEBUG: [ClientProxy] Communication channel has been closed.
2024-05-31 12:56:22.537 [08] - DEBUG: [ClientProxy] Disconnected from 'net.pipe://localhost/safeexambrowser/client/31d4c680-6b9e-4858-82e1-37215b435679'.
2024-05-31 12:56:22.538 [08] - INFO: Waiting for client to disconnect from runtime communication host...
2024-05-31 12:56:23.226 [16] - DEBUG: [RuntimeHost] Received disconnection request with message 'DisconnectionMessage'.
2024-05-31 12:56:23.227 [08] - INFO: Waiting for client process to terminate...
2024-05-31 12:56:23.353 [16] - DEBUG: [Process 'SafeExamBrowser.Client.exe' (4304)] Process has terminated.
2024-05-31 12:56:23.353 [08] - INFO: Client has been successfully terminated.
2024-05-31 12:56:23.354 [08] - INFO: Reverting kiosk mode 'CreateNewDesktop'...
2024-05-31 12:56:23.356 [08] - INFO: [DesktopMonitor] Stopped monitoring desktop 'YhGQgkwNcLjZjQlldlo' [850].
2024-05-31 12:56:23.393 [08] - INFO: Switched back to original desktop 'Default' [288].
2024-05-31 12:56:23.414 [08] - INFO: Closed custom desktop 'YhGQgkwNcLjZjQlldlo' [850].
2024-05-31 12:56:23.420 [08] - INFO: Finalizing service...
2024-05-31 12:56:23.423 [08] - INFO: ### --------------------------------------- Session Terminated --------------------------------------- ###
2024-05-31 12:56:30.819 [08] - INFO: Terminating application...

2024-05-31 12:56:30.901 [08] - INFO: Initiating shutdown procedure...
2024-05-31 12:56:30.903 [08] - INFO: Stopping communication host...
2024-05-31 12:56:30.905 [08] - DEBUG: [RuntimeHost] Communication host is closing...
2024-05-31 12:56:30.910 [08] - DEBUG: [RuntimeHost] Communication host has been closed.
2024-05-31 12:56:30.911 [08] - DEBUG: [RuntimeHost] Terminated communication host for endpoint 'net.pipe://localhost/safeexambrowser/runtime/546e6fc1-137f-4a5c-abc6-9692654255bb'.
2024-05-31 12:56:30.911 [08] - INFO: Application successfully finalized.

# Application terminated at 2024-05-31 12:56:30.951
