/* Safe Exam Browser, Version 3.6.0 (x64), Build 3.6.0.633
/* Copyright © 2023 ETH Zürich, Educational Development and Technology (LET)
/* 
/* Please visit https://www.github.com/SafeExamBrowser for more information.

# Application started at 2024-08-09 10:46:31.006
# Running on Windows 10, Microsoft Windows NT 10.0.19045.0 (x64)
# Computer 'WINDOWS10' is a Virtual Machine VirtualBox manufactured by innotek GmbH
# Runtime-ID: 43c3cddf-a14a-4585-aed0-03520d78f288

2024-08-09 10:46:33.447 [07] - INFO: Initiating startup procedure...
2024-08-09 10:46:33.775 [07] - INFO: Loading text data...
2024-08-09 10:46:33.775 [07] - DEBUG: [Text] System language is 'de', trying to load data...
2024-08-09 10:46:33.799 [07] - DEBUG: [Text] Data successfully loaded.
2024-08-09 10:46:33.808 [07] - INFO: Starting communication host...
2024-08-09 10:46:33.905 [09] - DEBUG: [RuntimeHost] Communication host is opening...
2024-08-09 10:46:33.982 [09] - DEBUG: [RuntimeHost] Communication host has been opened.
2024-08-09 10:46:33.984 [09] - DEBUG: [RuntimeHost] Successfully started communication host for endpoint 'net.pipe://localhost/safeexambrowser/runtime/3efc01c7-84f1-40eb-9ae3-b596ebb4b2ab'.
2024-08-09 10:46:33.987 [07] - INFO: Attempting to verify application integrity...
2024-08-09 10:46:35.907 [07] - INFO: Application integrity successfully verified.
2024-08-09 10:46:35.928 [07] - INFO: Application successfully initialized.

2024-08-09 10:46:36.202 [07] - INFO: ### ------------------------------------ Session Start Procedure ------------------------------------- ###
2024-08-09 10:46:36.227 [07] - INFO: Initializing new session configuration...
2024-08-09 10:46:36.244 [07] - INFO:  -> Client-ID: 57cc3b19-d0fb-4c56-addc-c47cf31c7025
2024-08-09 10:46:36.256 [07] - INFO:  -> Runtime-ID: 43c3cddf-a14a-4585-aed0-03520d78f288
2024-08-09 10:46:36.264 [07] - INFO:  -> Session-ID: 0537c9b1-f5af-4440-a130-e565abc92c8e
2024-08-09 10:46:36.274 [07] - INFO: Initializing application configuration...
2024-08-09 10:46:36.279 [07] - INFO: Found command-line argument for configuration resource: 'sebs://moodle.lexx.nexus/mod/quiz/accessrule/seb/config.php?cmid=2', the URI is valid.
2024-08-09 10:46:36.307 [07] - INFO: [ConfigurationRepository] Initialized default settings, now attempting to load 'sebs://moodle.lexx.nexus/mod/quiz/accessrule/seb/config.php?cmid=2'...
2024-08-09 10:46:36.320 [07] - DEBUG: [FileResourceLoader] Can't load 'sebs://moodle.lexx.nexus/mod/quiz/accessrule/seb/config.php?cmid=2' as it isn't an existing file.
2024-08-09 10:46:36.320 [07] - DEBUG: [NetworkResourceLoader] Sending HEAD request for 'https://moodle.lexx.nexus/mod/quiz/accessrule/seb/config.php?cmid=2'...
2024-08-09 10:46:36.907 [07] - DEBUG: [NetworkResourceLoader] Received response '200 - OK'.
2024-08-09 10:46:36.907 [07] - DEBUG: [NetworkResourceLoader] Can load 'sebs://moodle.lexx.nexus/mod/quiz/accessrule/seb/config.php?cmid=2' as it references an existing network resource.
2024-08-09 10:46:36.916 [07] - DEBUG: [NetworkResourceLoader] Sending GET request for 'https://moodle.lexx.nexus/mod/quiz/accessrule/seb/config.php?cmid=2'...
2024-08-09 10:46:37.197 [07] - DEBUG: [NetworkResourceLoader] Received response '200 - OK'.
2024-08-09 10:46:37.220 [07] - DEBUG: [NetworkResourceLoader] The  response data is HTML.
2024-08-09 10:46:37.220 [07] - INFO: [ConfigurationRepository] Tried to load data from 'sebs://moodle.lexx.nexus/mod/quiz/accessrule/seb/config.php?cmid=2' using NetworkResourceLoader -> Result: LoadWithBrowser.
2024-08-09 10:46:37.227 [07] - INFO: The configuration resource needs authentication or is a webpage, using 'sebs://moodle.lexx.nexus/mod/quiz/accessrule/seb/config.php?cmid=2' as start URL for the browser.
2024-08-09 10:46:37.227 [07] - INFO: The configuration was successful.
2024-08-09 10:46:37.227 [07] - INFO: Validating version restrictions...
2024-08-09 10:46:37.227 [07] - INFO: There are no version restrictions for the configuration.
2024-08-09 10:46:37.227 [07] - INFO: Remote proctoring is disabled, skipping disclaimer.
2024-08-09 10:46:37.246 [07] - INFO: Validating remote session policy...
2024-08-09 10:46:37.246 [07] - DEBUG: [RemoteSessionDetector] System appears not to be running in a remote session.
2024-08-09 10:46:37.260 [07] - INFO: Attempting to verify cursor configuration...
2024-08-09 10:46:37.260 [07] - INFO: Cursor configuration successfully verified.
2024-08-09 10:46:37.273 [07] - INFO: Attempting to verify ease of access configuration...
2024-08-09 10:46:37.273 [07] - INFO: Ease of access configuration successfully verified.
2024-08-09 10:46:37.273 [07] - INFO: Validating virtual machine policy...
2024-08-09 10:46:37.290 [07] - INFO: Validating display configuration...
2024-08-09 10:46:37.695 [07] - ERROR: [DisplayMonitor] Failed to query displays!

   Exception Message: Nicht unterstützt 
   Exception Type: System.Management.ManagementException

   bei System.Management.ManagementException.ThrowWithExtendedInfo(ManagementStatus errorCode)
   bei System.Management.ManagementObjectCollection.ManagementObjectEnumerator.MoveNext()
   bei System.Linq.Enumerable.<CastIterator>d__97`1.MoveNext()
   bei SafeExamBrowser.Monitoring.Display.DisplayMonitor.TryLoadDisplays(IList`1& displays) in C:\Users\appveyor\projects\seb-win-refactoring-phv3mbelx16fm9ou\SafeExamBrowser.Monitoring\Display\DisplayMonitor.cs:Zeile 169.

2024-08-09 10:46:37.695 [07] - WARNING: [DisplayMonitor] Failed to validate display configuration, ignoring error.
2024-08-09 10:46:37.720 [07] - INFO: Display configuration is allowed.
2024-08-09 10:46:37.720 [07] - INFO: Initializing service...
2024-08-09 10:46:37.727 [07] - INFO: The service will be ignored for the next session.
2024-08-09 10:46:37.727 [07] - INFO: Initializing kiosk mode 'CreateNewDesktop'...
2024-08-09 10:46:37.744 [07] - DEBUG: [DesktopFactory] Found desktop handle for thread with ID = 3928. Attempting to get desktop name...
2024-08-09 10:46:37.744 [07] - DEBUG: [DesktopFactory] Successfully determined current desktop 'Default' [304].
2024-08-09 10:46:37.762 [07] - INFO: Current desktop is 'Default' [304].
2024-08-09 10:46:37.762 [07] - DEBUG: [DesktopFactory] Attempting to create random desktop...
2024-08-09 10:46:37.762 [07] - DEBUG: [DesktopFactory] Successfully created random desktop 'RqGXrcbdCOwutbPrnxE' [852].
2024-08-09 10:46:37.778 [07] - INFO: Created custom desktop 'RqGXrcbdCOwutbPrnxE' [852].
2024-08-09 10:46:37.836 [07] - INFO: Successfully activated custom desktop.
2024-08-09 10:46:37.836 [07] - INFO: [DesktopMonitor] Started monitoring desktop 'RqGXrcbdCOwutbPrnxE' [852].
2024-08-09 10:46:37.852 [07] - INFO: Starting new client process...
2024-08-09 10:46:37.852 [07] - INFO: [ProcessFactory] Attempting to start process 'C:\Program Files\SafeExamBrowser\Application\SafeExamBrowser.Client.exe'...
2024-08-09 10:46:38.008 [07] - INFO: [ProcessFactory] Successfully started process 'C:\Program Files\SafeExamBrowser\Application\SafeExamBrowser.Client.exe' with ID = 7160.
2024-08-09 10:46:38.029 [07] - DEBUG: [Process 'SafeExamBrowser.Client.exe' (7160)] Initialized termination event.
2024-08-09 10:46:38.029 [07] - INFO: Waiting for client to complete initialization...
2024-08-09 10:46:39.936 [10] - DEBUG: [RuntimeHost] Received connection request with authentication token '70345448-8f30-446e-86b4-6cb048bc20d1'.
2024-08-09 10:46:39.964 [10] - DEBUG: [RuntimeHost] Accepted connection request.
2024-08-09 10:46:40.020 [11] - DEBUG: [RuntimeHost] Received message 'SimpleMessage -> ConfigurationNeeded', sending response 'ConfigurationResponse'.
2024-08-09 10:46:43.119 [10] - DEBUG: [RuntimeHost] Received message 'SimpleMessage -> ClientIsReady', sending response 'SimpleResponse -> Acknowledged'.
2024-08-09 10:46:43.119 [07] - INFO: Client has been successfully started and initialized. Creating communication proxy for client host...
2024-08-09 10:46:43.161 [07] - DEBUG: [ClientProxy] Trying to connect to endpoint 'net.pipe://localhost/safeexambrowser/client/b5d0eb4c-2b6a-4a47-83f9-57dacc9d44df' with authentication token '70345448-8f30-446e-86b4-6cb048bc20d1'...
2024-08-09 10:46:43.179 [07] - DEBUG: [ClientProxy] Communication channel is opening...
2024-08-09 10:46:43.355 [07] - DEBUG: [ClientProxy] Communication channel has been opened.
2024-08-09 10:46:43.525 [07] - DEBUG: [ClientProxy] Connection was established.
2024-08-09 10:46:43.555 [07] - INFO: Connection with client has been established. Requesting authentication...
2024-08-09 10:46:43.633 [07] - DEBUG: [ClientProxy] Sending message 'SimpleMessage -> Authenticate'...
2024-08-09 10:46:43.728 [07] - DEBUG: [ClientProxy] Received response 'AuthenticationResponse' for message 'SimpleMessage -> Authenticate'.
2024-08-09 10:46:43.728 [07] - DEBUG: [ClientProxy] Received authentication response.
2024-08-09 10:46:43.728 [07] - INFO: Authentication of client has been successful, client is ready to operate.
2024-08-09 10:46:43.728 [07] - INFO: Successfully started new client instance.
2024-08-09 10:46:43.728 [07] - INFO: Successfully activated first session '0537c9b1-f5af-4440-a130-e565abc92c8e'.
2024-08-09 10:46:43.728 [07] - INFO: ### ---------------------------------------- Session Running ----------------------------------------- ###
2024-08-09 10:47:01.534 [10] - DEBUG: [RuntimeHost] Received message 'ReconfigurationMessage', sending response 'SimpleResponse -> Acknowledged'.
2024-08-09 10:47:01.534 [15] - INFO: Accepted request for reconfiguration with 'C:\Users\vboxuser\AppData\Local\SafeExamBrowser\Temp\config.seb'.
2024-08-09 10:47:01.568 [15] - INFO: ### ------------------------------------ Session Start Procedure ------------------------------------- ###
2024-08-09 10:47:01.576 [15] - INFO: Initializing new session configuration...
2024-08-09 10:47:01.585 [15] - INFO:  -> Client-ID: e46fec20-f27e-40e5-a39a-5f949ab48c44
2024-08-09 10:47:01.588 [15] - INFO:  -> Runtime-ID: 43c3cddf-a14a-4585-aed0-03520d78f288
2024-08-09 10:47:01.590 [15] - INFO:  -> Session-ID: b65d6585-d8cb-4186-9c31-0dca11b2e1b2
2024-08-09 10:47:01.592 [15] - INFO: Initializing new application configuration...
2024-08-09 10:47:01.594 [15] - INFO: [ConfigurationRepository] Initialized default settings, now attempting to load 'file:///C:/Users/vboxuser/AppData/Local/SafeExamBrowser/Temp/config.seb'...
2024-08-09 10:47:01.595 [15] - DEBUG: [FileResourceLoader] Can load 'file:///C:/Users/vboxuser/AppData/Local/SafeExamBrowser/Temp/config.seb' as it is an existing file.
2024-08-09 10:47:01.599 [15] - DEBUG: [FileResourceLoader] Loading data from 'file:///C:/Users/vboxuser/AppData/Local/SafeExamBrowser/Temp/config.seb'...
2024-08-09 10:47:01.601 [15] - DEBUG: [FileResourceLoader] Created 'System.IO.FileStream' for 0.907 KB data in 'file:///C:/Users/vboxuser/AppData/Local/SafeExamBrowser/Temp/config.seb'.
2024-08-09 10:47:01.602 [15] - INFO: [ConfigurationRepository] Tried to load data from 'file:///C:/Users/vboxuser/AppData/Local/SafeExamBrowser/Temp/config.seb' using FileResourceLoader -> Result: Success.
2024-08-09 10:47:01.606 [15] - DEBUG: [BinaryParser] 'System.IO.FileStream' starting with '<?xm' does not match the Binary format.
2024-08-09 10:47:01.617 [15] - DEBUG: [XmlParser] 'System.IO.FileStream' starting with '<?xm' matches the Xml format.
2024-08-09 10:47:01.620 [15] - DEBUG: [XmlParser] Found root node, starting to parse data...
2024-08-09 10:47:01.626 [15] - DEBUG: [XmlParser] Finished parsing -> Result: Success.
2024-08-09 10:47:01.632 [15] - INFO: [ConfigurationRepository] Tried to parse data from 'System.IO.FileStream' using XmlParser -> Result: Success.
2024-08-09 10:47:01.665 [15] - INFO: Deleted temporary configuration file 'file:///C:/Users/vboxuser/AppData/Local/SafeExamBrowser/Temp/config.seb'.
2024-08-09 10:47:01.667 [15] - INFO: The configuration was successful.
2024-08-09 10:47:01.670 [15] - INFO: Validating version restrictions...
2024-08-09 10:47:01.672 [15] - INFO: There are no version restrictions for the configuration.
2024-08-09 10:47:01.677 [15] - INFO: Remote proctoring is disabled, skipping disclaimer.
2024-08-09 10:47:01.688 [15] - INFO: Validating remote session policy...
2024-08-09 10:47:01.695 [15] - DEBUG: [RemoteSessionDetector] System appears not to be running in a remote session.
2024-08-09 10:47:01.702 [15] - INFO: Attempting to verify cursor configuration...
2024-08-09 10:47:01.708 [15] - INFO: Cursor configuration successfully verified.
2024-08-09 10:47:01.710 [15] - INFO: Attempting to verify ease of access configuration...
2024-08-09 10:47:01.717 [15] - INFO: Ease of access configuration successfully verified.
2024-08-09 10:47:01.719 [15] - INFO: Validating virtual machine policy...
2024-08-09 10:47:01.732 [15] - WARNING: [Registry] Failed to get sub keys for 'HKEY_CURRENT_USER\SOFTWARE\Microsoft\Windows\CurrentVersion\TaskFlow\DeviceCache'.
2024-08-09 10:47:01.734 [15] - DEBUG: [VirtualMachineDetector] Computer 'WINDOWS10' appears to be a virtual machine.
2024-08-09 10:47:01.737 [15] - ERROR: Detected virtual machine while SEB is not allowed to be run in a virtual machine! Aborting...
2024-08-09 10:47:01.741 [15] - DEBUG: [ClientProxy] Sending message 'MessageBoxRequestMessage'...
2024-08-09 10:47:01.761 [15] - DEBUG: [ClientProxy] Received response 'SimpleResponse -> Acknowledged' for message 'MessageBoxRequestMessage'.
2024-08-09 10:47:01.764 [15] - DEBUG: [ClientProxy] Client acknowledged message box request.
2024-08-09 10:47:08.812 [19] - DEBUG: [RuntimeHost] Received message 'MessageBoxReplyMessage', sending response 'SimpleResponse -> Acknowledged'.
2024-08-09 10:47:08.815 [15] - INFO: ### ------------------------------------- Session Start Aborted -------------------------------------- ###
2024-08-09 10:47:08.829 [15] - DEBUG: [ClientProxy] Sending message 'SimpleMessage -> ReconfigurationAborted'...
2024-08-09 10:47:08.860 [15] - DEBUG: [ClientProxy] Received response 'SimpleResponse -> Acknowledged' for message 'SimpleMessage -> ReconfigurationAborted'.
2024-08-09 10:47:08.865 [15] - DEBUG: [ClientProxy] Client acknowledged reconfiguration abortion.
2024-08-09 10:47:39.995 [19] - DEBUG: [RuntimeHost] Received message 'SimpleMessage -> Ping', sending response 'SimpleResponse -> Acknowledged'.
2024-08-09 10:47:43.026 [10] - DEBUG: [RuntimeHost] Received message 'ReconfigurationMessage', sending response 'SimpleResponse -> Acknowledged'.
2024-08-09 10:47:43.026 [15] - INFO: Accepted request for reconfiguration with 'C:\Users\vboxuser\AppData\Local\SafeExamBrowser\Temp\config.seb'.
2024-08-09 10:47:43.051 [15] - INFO: ### ------------------------------------ Session Start Procedure ------------------------------------- ###
2024-08-09 10:47:43.059 [15] - INFO: Initializing new session configuration...
2024-08-09 10:47:43.059 [15] - INFO:  -> Client-ID: 2af5e784-2958-4df1-817c-7315eaca6569
2024-08-09 10:47:43.059 [15] - INFO:  -> Runtime-ID: 43c3cddf-a14a-4585-aed0-03520d78f288
2024-08-09 10:47:43.059 [15] - INFO:  -> Session-ID: edddbf45-467f-4109-b37f-ef71cf48181c
2024-08-09 10:47:43.066 [15] - INFO: Initializing new application configuration...
2024-08-09 10:47:43.069 [15] - INFO: [ConfigurationRepository] Initialized default settings, now attempting to load 'file:///C:/Users/vboxuser/AppData/Local/SafeExamBrowser/Temp/config.seb'...
2024-08-09 10:47:43.076 [15] - DEBUG: [FileResourceLoader] Can load 'file:///C:/Users/vboxuser/AppData/Local/SafeExamBrowser/Temp/config.seb' as it is an existing file.
2024-08-09 10:47:43.080 [15] - DEBUG: [FileResourceLoader] Loading data from 'file:///C:/Users/vboxuser/AppData/Local/SafeExamBrowser/Temp/config.seb'...
2024-08-09 10:47:43.080 [15] - DEBUG: [FileResourceLoader] Created 'System.IO.FileStream' for 0.907 KB data in 'file:///C:/Users/vboxuser/AppData/Local/SafeExamBrowser/Temp/config.seb'.
2024-08-09 10:47:43.083 [15] - INFO: [ConfigurationRepository] Tried to load data from 'file:///C:/Users/vboxuser/AppData/Local/SafeExamBrowser/Temp/config.seb' using FileResourceLoader -> Result: Success.
2024-08-09 10:47:43.085 [15] - DEBUG: [BinaryParser] 'System.IO.FileStream' starting with '<?xm' does not match the Binary format.
2024-08-09 10:47:43.090 [15] - DEBUG: [XmlParser] 'System.IO.FileStream' starting with '<?xm' matches the Xml format.
2024-08-09 10:47:43.092 [15] - DEBUG: [XmlParser] Found root node, starting to parse data...
2024-08-09 10:47:43.094 [15] - DEBUG: [XmlParser] Finished parsing -> Result: Success.
2024-08-09 10:47:43.096 [15] - INFO: [ConfigurationRepository] Tried to parse data from 'System.IO.FileStream' using XmlParser -> Result: Success.
2024-08-09 10:47:43.104 [15] - INFO: Deleted temporary configuration file 'file:///C:/Users/vboxuser/AppData/Local/SafeExamBrowser/Temp/config.seb'.
2024-08-09 10:47:43.106 [15] - INFO: The configuration was successful.
2024-08-09 10:47:43.108 [15] - INFO: Validating version restrictions...
2024-08-09 10:47:43.112 [15] - INFO: There are no version restrictions for the configuration.
2024-08-09 10:47:43.114 [15] - INFO: Remote proctoring is disabled, skipping disclaimer.
2024-08-09 10:47:43.122 [15] - INFO: Validating remote session policy...
2024-08-09 10:47:43.126 [15] - DEBUG: [RemoteSessionDetector] System appears not to be running in a remote session.
2024-08-09 10:47:43.132 [15] - INFO: Attempting to verify cursor configuration...
2024-08-09 10:47:43.137 [15] - INFO: Cursor configuration successfully verified.
2024-08-09 10:47:43.144 [15] - INFO: Attempting to verify ease of access configuration...
2024-08-09 10:47:43.146 [15] - INFO: Ease of access configuration successfully verified.
2024-08-09 10:47:43.148 [15] - INFO: Validating virtual machine policy...
2024-08-09 10:47:43.153 [15] - WARNING: [Registry] Failed to get sub keys for 'HKEY_CURRENT_USER\SOFTWARE\Microsoft\Windows\CurrentVersion\TaskFlow\DeviceCache'.
2024-08-09 10:47:43.155 [15] - DEBUG: [VirtualMachineDetector] Computer 'WINDOWS10' appears to be a virtual machine.
2024-08-09 10:47:43.156 [15] - ERROR: Detected virtual machine while SEB is not allowed to be run in a virtual machine! Aborting...
2024-08-09 10:47:43.158 [15] - DEBUG: [ClientProxy] Sending message 'MessageBoxRequestMessage'...
2024-08-09 10:47:43.172 [15] - DEBUG: [ClientProxy] Received response 'SimpleResponse -> Acknowledged' for message 'MessageBoxRequestMessage'.
2024-08-09 10:47:43.178 [15] - DEBUG: [ClientProxy] Client acknowledged message box request.
2024-08-09 10:47:43.840 [14] - DEBUG: [ClientProxy] Sending message 'SimpleMessage -> Ping'...
2024-08-09 10:47:43.856 [14] - DEBUG: [ClientProxy] Received response 'SimpleResponse -> Acknowledged' for message 'SimpleMessage -> Ping'.
2024-08-09 10:47:43.860 [14] - INFO: [ClientProxy] Pinged host, connection is alive.
2024-08-09 10:47:48.967 [19] - DEBUG: [RuntimeHost] Received message 'MessageBoxReplyMessage', sending response 'SimpleResponse -> Acknowledged'.
2024-08-09 10:47:48.969 [15] - INFO: ### ------------------------------------- Session Start Aborted -------------------------------------- ###
2024-08-09 10:47:48.994 [15] - DEBUG: [ClientProxy] Sending message 'SimpleMessage -> ReconfigurationAborted'...
2024-08-09 10:47:48.997 [15] - DEBUG: [ClientProxy] Received response 'SimpleResponse -> Acknowledged' for message 'SimpleMessage -> ReconfigurationAborted'.
2024-08-09 10:47:49.000 [15] - DEBUG: [ClientProxy] Client acknowledged reconfiguration abortion.
2024-08-09 10:48:08.622 [19] - INFO: Received shutdown request from the client application.
2024-08-09 10:48:08.627 [19] - DEBUG: [RuntimeHost] Received message 'SimpleMessage -> RequestShutdown', sending response 'SimpleResponse -> Acknowledged'.
2024-08-09 10:48:08.645 [06] - INFO: ### ------------------------------------- Session Stop Procedure ------------------------------------- ###
2024-08-09 10:48:08.666 [06] - INFO: Instructing client to initiate shutdown procedure.
2024-08-09 10:48:08.667 [06] - DEBUG: [ClientProxy] Sending message 'SimpleMessage -> Shutdown'...
2024-08-09 10:48:08.680 [06] - DEBUG: [ClientProxy] Received response 'SimpleResponse -> Acknowledged' for message 'SimpleMessage -> Shutdown'.
2024-08-09 10:48:08.686 [06] - DEBUG: [ClientProxy] Client acknowledged shutdown request.
2024-08-09 10:48:08.690 [06] - INFO: Disconnecting from client communication host.
2024-08-09 10:48:08.719 [06] - DEBUG: [ClientProxy] Communication channel is closing...
2024-08-09 10:48:08.738 [06] - DEBUG: [ClientProxy] Communication channel has been closed.
2024-08-09 10:48:08.743 [06] - DEBUG: [ClientProxy] Disconnected from 'net.pipe://localhost/safeexambrowser/client/b5d0eb4c-2b6a-4a47-83f9-57dacc9d44df'.
2024-08-09 10:48:08.750 [06] - INFO: Waiting for client to disconnect from runtime communication host...
2024-08-09 10:48:09.822 [11] - DEBUG: [RuntimeHost] Received disconnection request with message 'DisconnectionMessage'.
2024-08-09 10:48:09.825 [06] - INFO: Waiting for client process to terminate...
2024-08-09 10:48:10.152 [11] - DEBUG: [Process 'SafeExamBrowser.Client.exe' (7160)] Process has terminated.
2024-08-09 10:48:10.153 [06] - INFO: Client has been successfully terminated.
2024-08-09 10:48:10.161 [06] - INFO: Reverting kiosk mode 'CreateNewDesktop'...
2024-08-09 10:48:10.161 [06] - INFO: [DesktopMonitor] Stopped monitoring desktop 'RqGXrcbdCOwutbPrnxE' [852].
2024-08-09 10:48:10.199 [06] - INFO: Switched back to original desktop 'Default' [304].
2024-08-09 10:48:10.230 [06] - INFO: Closed custom desktop 'RqGXrcbdCOwutbPrnxE' [852].
2024-08-09 10:48:10.245 [06] - INFO: Finalizing service...
2024-08-09 10:48:10.261 [06] - INFO: ### --------------------------------------- Session Terminated --------------------------------------- ###

2024-08-09 10:48:10.696 [06] - INFO: Initiating shutdown procedure...
2024-08-09 10:48:10.702 [06] - INFO: Stopping communication host...
2024-08-09 10:48:10.714 [06] - DEBUG: [RuntimeHost] Communication host is closing...
2024-08-09 10:48:10.741 [06] - DEBUG: [RuntimeHost] Communication host has been closed.
2024-08-09 10:48:10.743 [06] - DEBUG: [RuntimeHost] Terminated communication host for endpoint 'net.pipe://localhost/safeexambrowser/runtime/3efc01c7-84f1-40eb-9ae3-b596ebb4b2ab'.
2024-08-09 10:48:10.744 [06] - INFO: Application successfully finalized.

# Application terminated at 2024-08-09 10:48:10.993
